[1.650s] Invoking command in '/home/darkdev/Mechanical_Arm_Gazebo/src/esp_serial': PYTHONPATH=/home/darkdev/Mechanical_Arm_Gazebo/build/esp_serial/prefix_override:/usr/lib/python3/dist-packages/colcon_core/task/python/colcon_distutils_commands:/home/darkdev/Mechanical_Arm_Gazebo/install/esp_serial/lib/python3.10/site-packages:${PYTHONPATH} /usr/bin/python3 -W ignore:setup.py install is deprecated -W ignore:easy_install command is deprecated setup.py egg_info --egg-base ../../build/esp_serial build --build-base /home/darkdev/Mechanical_Arm_Gazebo/build/esp_serial/build install --record /home/darkdev/Mechanical_Arm_Gazebo/build/esp_serial/install.log --single-version-externally-managed install_data
[2.217s] running egg_info
[2.250s] writing ../../build/esp_serial/esp_serial.egg-info/PKG-INFO
[2.251s] writing dependency_links to ../../build/esp_serial/esp_serial.egg-info/dependency_links.txt
[2.251s] writing entry points to ../../build/esp_serial/esp_serial.egg-info/entry_points.txt
[2.251s] writing requirements to ../../build/esp_serial/esp_serial.egg-info/requires.txt
[2.251s] writing top-level names to ../../build/esp_serial/esp_serial.egg-info/top_level.txt
[2.335s] reading manifest file '../../build/esp_serial/esp_serial.egg-info/SOURCES.txt'
[2.338s] writing manifest file '../../build/esp_serial/esp_serial.egg-info/SOURCES.txt'
[2.338s] running build
[2.338s] running build_py
[2.341s] copying esp_serial/__init__.py -> /home/darkdev/Mechanical_Arm_Gazebo/build/esp_serial/build/lib/esp_serial
[2.341s] copying esp_serial/esp32_serial.py -> /home/darkdev/Mechanical_Arm_Gazebo/build/esp_serial/build/lib/esp_serial
[2.341s] running install
[2.350s] running install_lib
[2.388s] copying /home/darkdev/Mechanical_Arm_Gazebo/build/esp_serial/build/lib/esp_serial/esp32_serial.py -> /home/darkdev/Mechanical_Arm_Gazebo/install/esp_serial/lib/python3.10/site-packages/esp_serial
[2.391s] byte-compiling /home/darkdev/Mechanical_Arm_Gazebo/install/esp_serial/lib/python3.10/site-packages/esp_serial/esp32_serial.py to esp32_serial.cpython-310.pyc
[2.391s] running install_data
[2.391s] copying resource/esp_serial -> /home/darkdev/Mechanical_Arm_Gazebo/install/esp_serial/share/ament_index/resource_index/packages
[2.391s] copying package.xml -> /home/darkdev/Mechanical_Arm_Gazebo/install/esp_serial/share/esp_serial
[2.392s] running install_egg_info
[2.433s] removing '/home/darkdev/Mechanical_Arm_Gazebo/install/esp_serial/lib/python3.10/site-packages/esp_serial-0.0.0-py3.10.egg-info' (and everything under it)
[2.437s] Copying ../../build/esp_serial/esp_serial.egg-info to /home/darkdev/Mechanical_Arm_Gazebo/install/esp_serial/lib/python3.10/site-packages/esp_serial-0.0.0-py3.10.egg-info
[2.437s] running install_scripts
[2.770s] Installing esp_serial script to /home/darkdev/Mechanical_Arm_Gazebo/install/esp_serial/lib/esp_serial
[2.771s] writing list of installed files to '/home/darkdev/Mechanical_Arm_Gazebo/build/esp_serial/install.log'
[2.820s] Invoked command in '/home/darkdev/Mechanical_Arm_Gazebo/src/esp_serial' returned '0': PYTHONPATH=/home/darkdev/Mechanical_Arm_Gazebo/build/esp_serial/prefix_override:/usr/lib/python3/dist-packages/colcon_core/task/python/colcon_distutils_commands:/home/darkdev/Mechanical_Arm_Gazebo/install/esp_serial/lib/python3.10/site-packages:${PYTHONPATH} /usr/bin/python3 -W ignore:setup.py install is deprecated -W ignore:easy_install command is deprecated setup.py egg_info --egg-base ../../build/esp_serial build --build-base /home/darkdev/Mechanical_Arm_Gazebo/build/esp_serial/build install --record /home/darkdev/Mechanical_Arm_Gazebo/build/esp_serial/install.log --single-version-externally-managed install_data
