[0.009s] Invoking command in '/home/waseem/ros2_ws/build/my_robot_description': CMAKE_PREFIX_PATH=${CMAKE_PREFIX_PATH}:/opt/ros/humble /usr/bin/cmake /home/waseem/ros2_ws/src/my_robot_description -DAMENT_CMAKE_SYMLINK_INSTALL=1 -DCMAKE_INSTALL_PREFIX=/home/waseem/ros2_ws/install/my_robot_description
[0.074s] -- The C compiler identification is GNU 11.4.0
[0.123s] -- The CXX compiler identification is GNU 11.4.0
[0.130s] -- Detecting C compiler ABI info
[0.213s] -- Detecting C compiler ABI info - done
[0.221s] -- Check for working C compiler: /usr/bin/cc - skipped
[0.222s] -- Detecting C compile features
[0.222s] -- Detecting C compile features - done
[0.226s] -- Detecting CXX compiler ABI info
[0.302s] -- Detecting CXX compiler ABI info - done
[0.309s] -- Check for working CXX compiler: /usr/bin/c++ - skipped
[0.309s] -- Detecting CXX compile features
[0.310s] -- Detecting CXX compile features - done
[0.313s] -- Found ament_cmake: 1.3.10 (/opt/ros/humble/share/ament_cmake/cmake)
[0.459s] -- Found Python3: /usr/bin/python3 (found version "3.10.12") found components: Interpreter 
[0.514s] -- Override CMake install command with custom implementation using symlinks instead of copying resources
[0.592s] -- Configuring done
[0.594s] -- Generating done
[0.595s] -- Build files have been written to: /home/waseem/ros2_ws/build/my_robot_description
[0.598s] Invoked command in '/home/waseem/ros2_ws/build/my_robot_description' returned '0': CMAKE_PREFIX_PATH=${CMAKE_PREFIX_PATH}:/opt/ros/humble /usr/bin/cmake /home/waseem/ros2_ws/src/my_robot_description -DAMENT_CMAKE_SYMLINK_INSTALL=1 -DCMAKE_INSTALL_PREFIX=/home/waseem/ros2_ws/install/my_robot_description
[0.601s] Invoking command in '/home/waseem/ros2_ws/build/my_robot_description': CMAKE_PREFIX_PATH=${CMAKE_PREFIX_PATH}:/opt/ros/humble /usr/bin/cmake --build /home/waseem/ros2_ws/build/my_robot_description -- -j12 -l12
[0.637s] Invoked command in '/home/waseem/ros2_ws/build/my_robot_description' returned '0': CMAKE_PREFIX_PATH=${CMAKE_PREFIX_PATH}:/opt/ros/humble /usr/bin/cmake --build /home/waseem/ros2_ws/build/my_robot_description -- -j12 -l12
[0.676s] Invoking command in '/home/waseem/ros2_ws/build/my_robot_description': CMAKE_PREFIX_PATH=${CMAKE_PREFIX_PATH}:/opt/ros/humble /usr/bin/cmake --install /home/waseem/ros2_ws/build/my_robot_description
[0.686s] -- Install configuration: ""
[0.687s] -- Execute custom install script
[0.688s] -- Symlinking: /home/waseem/ros2_ws/install/my_robot_description/share/my_robot_description//urdf/robotic_hand.urdf.xacro
[0.700s] -- Symlinking: /home/waseem/ros2_ws/install/my_robot_description/share/my_robot_description//launch/display.launch.xml
[0.712s] -- Symlinking: /home/waseem/ros2_ws/install/my_robot_description/share/my_robot_description//rviz/urdf_config.rviz
[0.721s] -- Symlinking: /home/waseem/ros2_ws/install/my_robot_description/share/ament_index/resource_index/package_run_dependencies/my_robot_description
[0.732s] -- Symlinking: /home/waseem/ros2_ws/install/my_robot_description/share/ament_index/resource_index/parent_prefix_path/my_robot_description
[0.741s] -- Symlinking: /home/waseem/ros2_ws/install/my_robot_description/share/my_robot_description/environment/ament_prefix_path.sh
[0.750s] -- Symlinking: /home/waseem/ros2_ws/install/my_robot_description/share/my_robot_description/environment/ament_prefix_path.dsv
[0.760s] -- Symlinking: /home/waseem/ros2_ws/install/my_robot_description/share/my_robot_description/environment/path.sh
[0.768s] -- Symlinking: /home/waseem/ros2_ws/install/my_robot_description/share/my_robot_description/environment/path.dsv
[0.777s] -- Symlinking: /home/waseem/ros2_ws/install/my_robot_description/share/my_robot_description/local_setup.bash
[0.787s] -- Symlinking: /home/waseem/ros2_ws/install/my_robot_description/share/my_robot_description/local_setup.sh
[0.797s] -- Symlinking: /home/waseem/ros2_ws/install/my_robot_description/share/my_robot_description/local_setup.zsh
[0.807s] -- Symlinking: /home/waseem/ros2_ws/install/my_robot_description/share/my_robot_description/local_setup.dsv
[0.818s] -- Symlinking: /home/waseem/ros2_ws/install/my_robot_description/share/my_robot_description/package.dsv
[0.825s] -- Symlinking: /home/waseem/ros2_ws/install/my_robot_description/share/ament_index/resource_index/packages/my_robot_description
[0.833s] -- Symlinking: /home/waseem/ros2_ws/install/my_robot_description/share/my_robot_description/cmake/my_robot_descriptionConfig.cmake
[0.842s] -- Symlinking: /home/waseem/ros2_ws/install/my_robot_description/share/my_robot_description/cmake/my_robot_descriptionConfig-version.cmake
[0.851s] -- Symlinking: /home/waseem/ros2_ws/install/my_robot_description/share/my_robot_description/package.xml
[0.866s] Invoked command in '/home/waseem/ros2_ws/build/my_robot_description' returned '0': CMAKE_PREFIX_PATH=${CMAKE_PREFIX_PATH}:/opt/ros/humble /usr/bin/cmake --install /home/waseem/ros2_ws/build/my_robot_description
