[0.030s] Invoking command in '/home/darkdev/Mechanical_Arm_Gazebo/build/robotic_hand_description': CMAKE_PREFIX_PATH=${CMAKE_PREFIX_PATH}:/home/darkdev/ROS_Workspaces/FYDP_HARP/install/vision_module:/home/darkdev/ROS_Workspaces/FYDP_HARP/install/neck_module:/home/darkdev/ROS_Workspaces/FYDP_HARP/install/face_animations:/opt/ros/humble /usr/bin/cmake --build /home/darkdev/Mechanical_Arm_Gazebo/build/robotic_hand_description -- -j8 -l8
[0.348s] Invoked command in '/home/darkdev/Mechanical_Arm_Gazebo/build/robotic_hand_description' returned '0': CMAKE_PREFIX_PATH=${CMAKE_PREFIX_PATH}:/home/darkdev/ROS_Workspaces/FYDP_HARP/install/vision_module:/home/darkdev/ROS_Workspaces/FYDP_HARP/install/neck_module:/home/darkdev/ROS_Workspaces/FYDP_HARP/install/face_animations:/opt/ros/humble /usr/bin/cmake --build /home/darkdev/Mechanical_Arm_Gazebo/build/robotic_hand_description -- -j8 -l8
[0.359s] Invoking command in '/home/darkdev/Mechanical_Arm_Gazebo/build/robotic_hand_description': CMAKE_PREFIX_PATH=${CMAKE_PREFIX_PATH}:/home/darkdev/ROS_Workspaces/FYDP_HARP/install/vision_module:/home/darkdev/ROS_Workspaces/FYDP_HARP/install/neck_module:/home/darkdev/ROS_Workspaces/FYDP_HARP/install/face_animations:/opt/ros/humble /usr/bin/cmake --install /home/darkdev/Mechanical_Arm_Gazebo/build/robotic_hand_description
[0.367s] -- Install configuration: ""
[0.368s] -- Up-to-date: /home/darkdev/Mechanical_Arm_Gazebo/install/robotic_hand_description/share/robotic_hand_description//urdf
[0.368s] -- Up-to-date: /home/darkdev/Mechanical_Arm_Gazebo/install/robotic_hand_description/share/robotic_hand_description//urdf/robotic_hand.urdf.xacro
[0.368s] -- Up-to-date: /home/darkdev/Mechanical_Arm_Gazebo/install/robotic_hand_description/share/robotic_hand_description//urdf/color_gazebo.xacro
[0.368s] -- Up-to-date: /home/darkdev/Mechanical_Arm_Gazebo/install/robotic_hand_description/share/robotic_hand_description//launch
[0.368s] -- Up-to-date: /home/darkdev/Mechanical_Arm_Gazebo/install/robotic_hand_description/share/robotic_hand_description//launch/display.launch.xml
[0.369s] -- Up-to-date: /home/darkdev/Mechanical_Arm_Gazebo/install/robotic_hand_description/share/robotic_hand_description//rviz
[0.369s] -- Up-to-date: /home/darkdev/Mechanical_Arm_Gazebo/install/robotic_hand_description/share/robotic_hand_description//rviz/urdf_config.rviz
[0.369s] -- Up-to-date: /home/darkdev/Mechanical_Arm_Gazebo/install/robotic_hand_description/share/ament_index/resource_index/package_run_dependencies/robotic_hand_description
[0.369s] -- Up-to-date: /home/darkdev/Mechanical_Arm_Gazebo/install/robotic_hand_description/share/ament_index/resource_index/parent_prefix_path/robotic_hand_description
[0.369s] -- Up-to-date: /home/darkdev/Mechanical_Arm_Gazebo/install/robotic_hand_description/share/robotic_hand_description/environment/ament_prefix_path.sh
[0.369s] -- Up-to-date: /home/darkdev/Mechanical_Arm_Gazebo/install/robotic_hand_description/share/robotic_hand_description/environment/ament_prefix_path.dsv
[0.370s] -- Up-to-date: /home/darkdev/Mechanical_Arm_Gazebo/install/robotic_hand_description/share/robotic_hand_description/environment/path.sh
[0.370s] -- Up-to-date: /home/darkdev/Mechanical_Arm_Gazebo/install/robotic_hand_description/share/robotic_hand_description/environment/path.dsv
[0.370s] -- Up-to-date: /home/darkdev/Mechanical_Arm_Gazebo/install/robotic_hand_description/share/robotic_hand_description/local_setup.bash
[0.370s] -- Up-to-date: /home/darkdev/Mechanical_Arm_Gazebo/install/robotic_hand_description/share/robotic_hand_description/local_setup.sh
[0.370s] -- Up-to-date: /home/darkdev/Mechanical_Arm_Gazebo/install/robotic_hand_description/share/robotic_hand_description/local_setup.zsh
[0.370s] -- Up-to-date: /home/darkdev/Mechanical_Arm_Gazebo/install/robotic_hand_description/share/robotic_hand_description/local_setup.dsv
[0.370s] -- Installing: /home/darkdev/Mechanical_Arm_Gazebo/install/robotic_hand_description/share/robotic_hand_description/package.dsv
[0.371s] -- Up-to-date: /home/darkdev/Mechanical_Arm_Gazebo/install/robotic_hand_description/share/ament_index/resource_index/packages/robotic_hand_description
[0.371s] -- Up-to-date: /home/darkdev/Mechanical_Arm_Gazebo/install/robotic_hand_description/share/robotic_hand_description/cmake/robotic_hand_descriptionConfig.cmake
[0.371s] -- Up-to-date: /home/darkdev/Mechanical_Arm_Gazebo/install/robotic_hand_description/share/robotic_hand_description/cmake/robotic_hand_descriptionConfig-version.cmake
[0.371s] -- Up-to-date: /home/darkdev/Mechanical_Arm_Gazebo/install/robotic_hand_description/share/robotic_hand_description/package.xml
[0.372s] Invoked command in '/home/darkdev/Mechanical_Arm_Gazebo/build/robotic_hand_description' returned '0': CMAKE_PREFIX_PATH=${CMAKE_PREFIX_PATH}:/home/darkdev/ROS_Workspaces/FYDP_HARP/install/vision_module:/home/darkdev/ROS_Workspaces/FYDP_HARP/install/neck_module:/home/darkdev/ROS_Workspaces/FYDP_HARP/install/face_animations:/opt/ros/humble /usr/bin/cmake --install /home/darkdev/Mechanical_Arm_Gazebo/build/robotic_hand_description
