[0.010s] Invoking command in '/home/waseem/ros2_ws/build/robotic_hand_bringup': CMAKE_PREFIX_PATH=/home/waseem/ros2_ws/install/robotic_hand_description:/home/waseem/ros2_ws/install/robotic_hand_bringup:/home/waseem/ros2_ws/install/my_robot_description:/opt/ros/humble /usr/bin/cmake --build /home/waseem/ros2_ws/build/robotic_hand_bringup -- -j12 -l12
[0.060s] Invoked command in '/home/waseem/ros2_ws/build/robotic_hand_bringup' returned '0': CMAKE_PREFIX_PATH=/home/waseem/ros2_ws/install/robotic_hand_description:/home/waseem/ros2_ws/install/robotic_hand_bringup:/home/waseem/ros2_ws/install/my_robot_description:/opt/ros/humble /usr/bin/cmake --build /home/waseem/ros2_ws/build/robotic_hand_bringup -- -j12 -l12
[0.094s] Invoking command in '/home/waseem/ros2_ws/build/robotic_hand_bringup': CMAKE_PREFIX_PATH=/home/waseem/ros2_ws/install/robotic_hand_description:/home/waseem/ros2_ws/install/robotic_hand_bringup:/home/waseem/ros2_ws/install/my_robot_description:/opt/ros/humble /usr/bin/cmake --install /home/waseem/ros2_ws/build/robotic_hand_bringup
[0.105s] -- Install configuration: ""
[0.105s] -- Execute custom install script
[0.105s] -- Up-to-date symlink: /home/waseem/ros2_ws/install/robotic_hand_bringup/share/robotic_hand_bringup//launch/robotic_hand_gazebo.launch.xml
[0.106s] -- Up-to-date symlink: /home/waseem/ros2_ws/install/robotic_hand_bringup/share/robotic_hand_bringup//rviz/urdf_config.rviz
[0.106s] -- Up-to-date symlink: /home/waseem/ros2_ws/install/robotic_hand_bringup/share/ament_index/resource_index/package_run_dependencies/robotic_hand_bringup
[0.106s] -- Up-to-date symlink: /home/waseem/ros2_ws/install/robotic_hand_bringup/share/ament_index/resource_index/parent_prefix_path/robotic_hand_bringup
[0.106s] -- Up-to-date symlink: /home/waseem/ros2_ws/install/robotic_hand_bringup/share/robotic_hand_bringup/environment/ament_prefix_path.sh
[0.106s] -- Up-to-date symlink: /home/waseem/ros2_ws/install/robotic_hand_bringup/share/robotic_hand_bringup/environment/ament_prefix_path.dsv
[0.106s] -- Up-to-date symlink: /home/waseem/ros2_ws/install/robotic_hand_bringup/share/robotic_hand_bringup/environment/path.sh
[0.106s] -- Up-to-date symlink: /home/waseem/ros2_ws/install/robotic_hand_bringup/share/robotic_hand_bringup/environment/path.dsv
[0.106s] -- Up-to-date symlink: /home/waseem/ros2_ws/install/robotic_hand_bringup/share/robotic_hand_bringup/local_setup.bash
[0.107s] -- Up-to-date symlink: /home/waseem/ros2_ws/install/robotic_hand_bringup/share/robotic_hand_bringup/local_setup.sh
[0.107s] -- Up-to-date symlink: /home/waseem/ros2_ws/install/robotic_hand_bringup/share/robotic_hand_bringup/local_setup.zsh
[0.107s] -- Up-to-date symlink: /home/waseem/ros2_ws/install/robotic_hand_bringup/share/robotic_hand_bringup/local_setup.dsv
[0.107s] -- Symlinking: /home/waseem/ros2_ws/install/robotic_hand_bringup/share/robotic_hand_bringup/package.dsv
[0.116s] -- Up-to-date symlink: /home/waseem/ros2_ws/install/robotic_hand_bringup/share/ament_index/resource_index/packages/robotic_hand_bringup
[0.116s] -- Up-to-date symlink: /home/waseem/ros2_ws/install/robotic_hand_bringup/share/robotic_hand_bringup/cmake/robotic_hand_bringupConfig.cmake
[0.116s] -- Up-to-date symlink: /home/waseem/ros2_ws/install/robotic_hand_bringup/share/robotic_hand_bringup/cmake/robotic_hand_bringupConfig-version.cmake
[0.116s] -- Up-to-date symlink: /home/waseem/ros2_ws/install/robotic_hand_bringup/share/robotic_hand_bringup/package.xml
[0.118s] Invoked command in '/home/waseem/ros2_ws/build/robotic_hand_bringup' returned '0': CMAKE_PREFIX_PATH=/home/waseem/ros2_ws/install/robotic_hand_description:/home/waseem/ros2_ws/install/robotic_hand_bringup:/home/waseem/ros2_ws/install/my_robot_description:/opt/ros/humble /usr/bin/cmake --install /home/waseem/ros2_ws/build/robotic_hand_bringup
