[0.009s] Invoking command in '/home/waseem/ros2_ws/build/robotic_hand_bringup': CMAKE_PREFIX_PATH=/home/waseem/ros2_ws/install/robotic_hand_description:/home/waseem/ros2_ws/install/robotic_hand_bringup:/home/waseem/ros2_ws/install/my_robot_description:/opt/ros/humble /usr/bin/cmake /home/waseem/ros2_ws/src/robotic_hand_bringup -DCMAKE_INSTALL_PREFIX=/home/waseem/ros2_ws/install/robotic_hand_bringup
[0.026s] -- Found ament_cmake: 1.3.10 (/opt/ros/humble/share/ament_cmake/cmake)
[0.092s] -- Override CMake install command with custom implementation using symlinks instead of copying resources
[0.134s] -- Configuring done
[0.137s] -- Generating done
[0.138s] -- Build files have been written to: /home/waseem/ros2_ws/build/robotic_hand_bringup
[0.139s] Invoked command in '/home/waseem/ros2_ws/build/robotic_hand_bringup' returned '0': CMAKE_PREFIX_PATH=/home/waseem/ros2_ws/install/robotic_hand_description:/home/waseem/ros2_ws/install/robotic_hand_bringup:/home/waseem/ros2_ws/install/my_robot_description:/opt/ros/humble /usr/bin/cmake /home/waseem/ros2_ws/src/robotic_hand_bringup -DCMAKE_INSTALL_PREFIX=/home/waseem/ros2_ws/install/robotic_hand_bringup
[0.140s] Invoking command in '/home/waseem/ros2_ws/build/robotic_hand_bringup': CMAKE_PREFIX_PATH=/home/waseem/ros2_ws/install/robotic_hand_description:/home/waseem/ros2_ws/install/robotic_hand_bringup:/home/waseem/ros2_ws/install/my_robot_description:/opt/ros/humble /usr/bin/cmake --build /home/waseem/ros2_ws/build/robotic_hand_bringup -- -j12 -l12
[0.185s] Invoked command in '/home/waseem/ros2_ws/build/robotic_hand_bringup' returned '0': CMAKE_PREFIX_PATH=/home/waseem/ros2_ws/install/robotic_hand_description:/home/waseem/ros2_ws/install/robotic_hand_bringup:/home/waseem/ros2_ws/install/my_robot_description:/opt/ros/humble /usr/bin/cmake --build /home/waseem/ros2_ws/build/robotic_hand_bringup -- -j12 -l12
[0.218s] Invoking command in '/home/waseem/ros2_ws/build/robotic_hand_bringup': CMAKE_PREFIX_PATH=/home/waseem/ros2_ws/install/robotic_hand_description:/home/waseem/ros2_ws/install/robotic_hand_bringup:/home/waseem/ros2_ws/install/my_robot_description:/opt/ros/humble /usr/bin/cmake --install /home/waseem/ros2_ws/build/robotic_hand_bringup
[0.227s] -- Install configuration: ""
[0.227s] -- Execute custom install script
[0.229s] -- Up-to-date symlink: /home/waseem/ros2_ws/install/robotic_hand_bringup/share/robotic_hand_bringup//launch/robotic_hand_gazebo.launch.xml
[0.230s] -- Up-to-date symlink: /home/waseem/ros2_ws/install/robotic_hand_bringup/share/robotic_hand_bringup//rviz/urdf_config.rviz
[0.230s] -- Up-to-date symlink: /home/waseem/ros2_ws/install/robotic_hand_bringup/share/ament_index/resource_index/package_run_dependencies/robotic_hand_bringup
[0.230s] -- Up-to-date symlink: /home/waseem/ros2_ws/install/robotic_hand_bringup/share/ament_index/resource_index/parent_prefix_path/robotic_hand_bringup
[0.230s] -- Up-to-date symlink: /home/waseem/ros2_ws/install/robotic_hand_bringup/share/robotic_hand_bringup/environment/ament_prefix_path.sh
[0.231s] -- Up-to-date symlink: /home/waseem/ros2_ws/install/robotic_hand_bringup/share/robotic_hand_bringup/environment/ament_prefix_path.dsv
[0.231s] -- Up-to-date symlink: /home/waseem/ros2_ws/install/robotic_hand_bringup/share/robotic_hand_bringup/environment/path.sh
[0.231s] -- Up-to-date symlink: /home/waseem/ros2_ws/install/robotic_hand_bringup/share/robotic_hand_bringup/environment/path.dsv
[0.231s] -- Up-to-date symlink: /home/waseem/ros2_ws/install/robotic_hand_bringup/share/robotic_hand_bringup/local_setup.bash
[0.231s] -- Up-to-date symlink: /home/waseem/ros2_ws/install/robotic_hand_bringup/share/robotic_hand_bringup/local_setup.sh
[0.232s] -- Up-to-date symlink: /home/waseem/ros2_ws/install/robotic_hand_bringup/share/robotic_hand_bringup/local_setup.zsh
[0.232s] -- Up-to-date symlink: /home/waseem/ros2_ws/install/robotic_hand_bringup/share/robotic_hand_bringup/local_setup.dsv
[0.232s] -- Symlinking: /home/waseem/ros2_ws/install/robotic_hand_bringup/share/robotic_hand_bringup/package.dsv
[0.239s] -- Up-to-date symlink: /home/waseem/ros2_ws/install/robotic_hand_bringup/share/ament_index/resource_index/packages/robotic_hand_bringup
[0.239s] -- Up-to-date symlink: /home/waseem/ros2_ws/install/robotic_hand_bringup/share/robotic_hand_bringup/cmake/robotic_hand_bringupConfig.cmake
[0.239s] -- Up-to-date symlink: /home/waseem/ros2_ws/install/robotic_hand_bringup/share/robotic_hand_bringup/cmake/robotic_hand_bringupConfig-version.cmake
[0.239s] -- Up-to-date symlink: /home/waseem/ros2_ws/install/robotic_hand_bringup/share/robotic_hand_bringup/package.xml
[0.241s] Invoked command in '/home/waseem/ros2_ws/build/robotic_hand_bringup' returned '0': CMAKE_PREFIX_PATH=/home/waseem/ros2_ws/install/robotic_hand_description:/home/waseem/ros2_ws/install/robotic_hand_bringup:/home/waseem/ros2_ws/install/my_robot_description:/opt/ros/humble /usr/bin/cmake --install /home/waseem/ros2_ws/build/robotic_hand_bringup
