[0.161s] DEBUG:colcon:Command line arguments: ['/usr/bin/colcon', 'build', '--symlink-install']
[0.161s] DEBUG:colcon:Parsed command line arguments: Namespace(log_base=None, log_level=None, verb_name='build', build_base='build', install_base='install', merge_install=False, symlink_install=True, test_result_base=None, continue_on_error=False, executor='parallel', parallel_workers=12, event_handlers=None, ignore_user_meta=False, metas=['./colcon.meta'], base_paths=['.'], packages_ignore=None, packages_ignore_regex=None, paths=None, packages_up_to=None, packages_up_to_regex=None, packages_above=None, packages_above_and_dependencies=None, packages_above_depth=None, packages_select_by_dep=None, packages_skip_by_dep=None, packages_skip_up_to=None, packages_select_build_failed=False, packages_skip_build_finished=False, packages_select_test_failures=False, packages_skip_test_passed=False, packages_select=None, packages_skip=None, packages_select_regex=None, packages_skip_regex=None, packages_start=None, packages_end=None, allow_overriding=[], cmake_args=None, cmake_target=None, cmake_target_skip_unavailable=False, cmake_clean_cache=False, cmake_clean_first=False, cmake_force_configure=False, ament_cmake_args=None, catkin_cmake_args=None, catkin_skip_building_tests=False, verb_parser=<colcon_defaults.argument_parser.defaults.DefaultArgumentsDecorator object at 0x76806d110550>, verb_extension=<colcon_core.verb.build.BuildVerb object at 0x76806d0d7970>, main=<bound method BuildVerb.main of <colcon_core.verb.build.BuildVerb object at 0x76806d0d7970>>)
[0.280s] Level 1:colcon.colcon_core.package_discovery:discover_packages(colcon_meta) check parameters
[0.281s] Level 1:colcon.colcon_core.package_discovery:discover_packages(recursive) check parameters
[0.281s] Level 1:colcon.colcon_core.package_discovery:discover_packages(ignore) check parameters
[0.281s] Level 1:colcon.colcon_core.package_discovery:discover_packages(path) check parameters
[0.281s] Level 1:colcon.colcon_core.package_discovery:discover_packages(colcon_meta) discover
[0.281s] Level 1:colcon.colcon_core.package_discovery:discover_packages(recursive) discover
[0.281s] INFO:colcon.colcon_core.package_discovery:Crawling recursively for packages in '/home/waseem/ros2_ws'
[0.281s] Level 1:colcon.colcon_core.package_identification:_identify(.) by extensions ['ignore', 'ignore_ament_install']
[0.281s] Level 1:colcon.colcon_core.package_identification:_identify(.) by extension 'ignore'
[0.281s] Level 1:colcon.colcon_core.package_identification:_identify(.) by extension 'ignore_ament_install'
[0.281s] Level 1:colcon.colcon_core.package_identification:_identify(.) by extensions ['colcon_pkg']
[0.281s] Level 1:colcon.colcon_core.package_identification:_identify(.) by extension 'colcon_pkg'
[0.281s] Level 1:colcon.colcon_core.package_identification:_identify(.) by extensions ['colcon_meta']
[0.281s] Level 1:colcon.colcon_core.package_identification:_identify(.) by extension 'colcon_meta'
[0.281s] Level 1:colcon.colcon_core.package_identification:_identify(.) by extensions ['ros']
[0.281s] Level 1:colcon.colcon_core.package_identification:_identify(.) by extension 'ros'
[0.287s] Level 1:colcon.colcon_core.package_identification:_identify(.) by extensions ['cmake', 'python']
[0.287s] Level 1:colcon.colcon_core.package_identification:_identify(.) by extension 'cmake'
[0.287s] Level 1:colcon.colcon_core.package_identification:_identify(.) by extension 'python'
[0.287s] Level 1:colcon.colcon_core.package_identification:_identify(.) by extensions ['python_setup_py']
[0.287s] Level 1:colcon.colcon_core.package_identification:_identify(.) by extension 'python_setup_py'
[0.287s] Level 1:colcon.colcon_core.package_identification:_identify(build) by extensions ['ignore', 'ignore_ament_install']
[0.287s] Level 1:colcon.colcon_core.package_identification:_identify(build) by extension 'ignore'
[0.288s] Level 1:colcon.colcon_core.package_identification:_identify(build) ignored
[0.288s] Level 1:colcon.colcon_core.package_identification:_identify(install) by extensions ['ignore', 'ignore_ament_install']
[0.288s] Level 1:colcon.colcon_core.package_identification:_identify(install) by extension 'ignore'
[0.288s] Level 1:colcon.colcon_core.package_identification:_identify(install) ignored
[0.288s] Level 1:colcon.colcon_core.package_identification:_identify(log) by extensions ['ignore', 'ignore_ament_install']
[0.288s] Level 1:colcon.colcon_core.package_identification:_identify(log) by extension 'ignore'
[0.288s] Level 1:colcon.colcon_core.package_identification:_identify(log) ignored
[0.288s] Level 1:colcon.colcon_core.package_identification:_identify(src) by extensions ['ignore', 'ignore_ament_install']
[0.288s] Level 1:colcon.colcon_core.package_identification:_identify(src) by extension 'ignore'
[0.288s] Level 1:colcon.colcon_core.package_identification:_identify(src) by extension 'ignore_ament_install'
[0.288s] Level 1:colcon.colcon_core.package_identification:_identify(src) by extensions ['colcon_pkg']
[0.288s] Level 1:colcon.colcon_core.package_identification:_identify(src) by extension 'colcon_pkg'
[0.288s] Level 1:colcon.colcon_core.package_identification:_identify(src) by extensions ['colcon_meta']
[0.288s] Level 1:colcon.colcon_core.package_identification:_identify(src) by extension 'colcon_meta'
[0.288s] Level 1:colcon.colcon_core.package_identification:_identify(src) by extensions ['ros']
[0.288s] Level 1:colcon.colcon_core.package_identification:_identify(src) by extension 'ros'
[0.288s] Level 1:colcon.colcon_core.package_identification:_identify(src) by extensions ['cmake', 'python']
[0.288s] Level 1:colcon.colcon_core.package_identification:_identify(src) by extension 'cmake'
[0.288s] Level 1:colcon.colcon_core.package_identification:_identify(src) by extension 'python'
[0.288s] Level 1:colcon.colcon_core.package_identification:_identify(src) by extensions ['python_setup_py']
[0.288s] Level 1:colcon.colcon_core.package_identification:_identify(src) by extension 'python_setup_py'
[0.288s] Level 1:colcon.colcon_core.package_identification:_identify(src/robotic_hand_bringup) by extensions ['ignore', 'ignore_ament_install']
[0.288s] Level 1:colcon.colcon_core.package_identification:_identify(src/robotic_hand_bringup) by extension 'ignore'
[0.288s] Level 1:colcon.colcon_core.package_identification:_identify(src/robotic_hand_bringup) by extension 'ignore_ament_install'
[0.288s] Level 1:colcon.colcon_core.package_identification:_identify(src/robotic_hand_bringup) by extensions ['colcon_pkg']
[0.288s] Level 1:colcon.colcon_core.package_identification:_identify(src/robotic_hand_bringup) by extension 'colcon_pkg'
[0.288s] Level 1:colcon.colcon_core.package_identification:_identify(src/robotic_hand_bringup) by extensions ['colcon_meta']
[0.288s] Level 1:colcon.colcon_core.package_identification:_identify(src/robotic_hand_bringup) by extension 'colcon_meta'
[0.288s] Level 1:colcon.colcon_core.package_identification:_identify(src/robotic_hand_bringup) by extensions ['ros']
[0.288s] Level 1:colcon.colcon_core.package_identification:_identify(src/robotic_hand_bringup) by extension 'ros'
[0.289s] DEBUG:colcon.colcon_core.package_identification:Package 'src/robotic_hand_bringup' with type 'ros.ament_cmake' and name 'robotic_hand_bringup'
[0.290s] Level 1:colcon.colcon_core.package_identification:_identify(src/robotic_hand_description) by extensions ['ignore', 'ignore_ament_install']
[0.290s] Level 1:colcon.colcon_core.package_identification:_identify(src/robotic_hand_description) by extension 'ignore'
[0.290s] Level 1:colcon.colcon_core.package_identification:_identify(src/robotic_hand_description) by extension 'ignore_ament_install'
[0.290s] Level 1:colcon.colcon_core.package_identification:_identify(src/robotic_hand_description) by extensions ['colcon_pkg']
[0.290s] Level 1:colcon.colcon_core.package_identification:_identify(src/robotic_hand_description) by extension 'colcon_pkg'
[0.290s] Level 1:colcon.colcon_core.package_identification:_identify(src/robotic_hand_description) by extensions ['colcon_meta']
[0.290s] Level 1:colcon.colcon_core.package_identification:_identify(src/robotic_hand_description) by extension 'colcon_meta'
[0.290s] Level 1:colcon.colcon_core.package_identification:_identify(src/robotic_hand_description) by extensions ['ros']
[0.290s] Level 1:colcon.colcon_core.package_identification:_identify(src/robotic_hand_description) by extension 'ros'
[0.290s] DEBUG:colcon.colcon_core.package_identification:Package 'src/robotic_hand_description' with type 'ros.ament_cmake' and name 'robotic_hand_description'
[0.290s] Level 1:colcon.colcon_core.package_discovery:discover_packages(recursive) using defaults
[0.290s] Level 1:colcon.colcon_core.package_discovery:discover_packages(ignore) discover
[0.290s] Level 1:colcon.colcon_core.package_discovery:discover_packages(ignore) using defaults
[0.290s] Level 1:colcon.colcon_core.package_discovery:discover_packages(path) discover
[0.290s] Level 1:colcon.colcon_core.package_discovery:discover_packages(path) using defaults
[0.307s] Level 1:colcon.colcon_core.package_discovery:discover_packages(prefix_path) check parameters
[0.307s] Level 1:colcon.colcon_core.package_discovery:discover_packages(prefix_path) discover
[0.311s] DEBUG:colcon.colcon_installed_package_information.package_discovery:Found 2 installed packages in /home/waseem/ros2_ws/install
[0.313s] DEBUG:colcon.colcon_installed_package_information.package_discovery:Found 334 installed packages in /opt/ros/humble
[0.325s] Level 1:colcon.colcon_core.package_discovery:discover_packages(prefix_path) using defaults
[0.372s] Level 5:colcon.colcon_core.verb:set package 'robotic_hand_description' build argument 'cmake_args' from command line to 'None'
[0.372s] Level 5:colcon.colcon_core.verb:set package 'robotic_hand_description' build argument 'cmake_target' from command line to 'None'
[0.372s] Level 5:colcon.colcon_core.verb:set package 'robotic_hand_description' build argument 'cmake_target_skip_unavailable' from command line to 'False'
[0.372s] Level 5:colcon.colcon_core.verb:set package 'robotic_hand_description' build argument 'cmake_clean_cache' from command line to 'False'
[0.372s] Level 5:colcon.colcon_core.verb:set package 'robotic_hand_description' build argument 'cmake_clean_first' from command line to 'False'
[0.372s] Level 5:colcon.colcon_core.verb:set package 'robotic_hand_description' build argument 'cmake_force_configure' from command line to 'False'
[0.372s] Level 5:colcon.colcon_core.verb:set package 'robotic_hand_description' build argument 'ament_cmake_args' from command line to 'None'
[0.372s] Level 5:colcon.colcon_core.verb:set package 'robotic_hand_description' build argument 'catkin_cmake_args' from command line to 'None'
[0.372s] Level 5:colcon.colcon_core.verb:set package 'robotic_hand_description' build argument 'catkin_skip_building_tests' from command line to 'False'
[0.372s] DEBUG:colcon.colcon_core.verb:Building package 'robotic_hand_description' with the following arguments: {'ament_cmake_args': None, 'build_base': '/home/waseem/ros2_ws/build/robotic_hand_description', 'catkin_cmake_args': None, 'catkin_skip_building_tests': False, 'cmake_args': None, 'cmake_clean_cache': False, 'cmake_clean_first': False, 'cmake_force_configure': False, 'cmake_target': None, 'cmake_target_skip_unavailable': False, 'install_base': '/home/waseem/ros2_ws/install/robotic_hand_description', 'merge_install': False, 'path': '/home/waseem/ros2_ws/src/robotic_hand_description', 'symlink_install': True, 'test_result_base': None}
[0.372s] Level 5:colcon.colcon_core.verb:set package 'robotic_hand_bringup' build argument 'cmake_args' from command line to 'None'
[0.372s] Level 5:colcon.colcon_core.verb:set package 'robotic_hand_bringup' build argument 'cmake_target' from command line to 'None'
[0.372s] Level 5:colcon.colcon_core.verb:set package 'robotic_hand_bringup' build argument 'cmake_target_skip_unavailable' from command line to 'False'
[0.372s] Level 5:colcon.colcon_core.verb:set package 'robotic_hand_bringup' build argument 'cmake_clean_cache' from command line to 'False'
[0.372s] Level 5:colcon.colcon_core.verb:set package 'robotic_hand_bringup' build argument 'cmake_clean_first' from command line to 'False'
[0.372s] Level 5:colcon.colcon_core.verb:set package 'robotic_hand_bringup' build argument 'cmake_force_configure' from command line to 'False'
[0.373s] Level 5:colcon.colcon_core.verb:set package 'robotic_hand_bringup' build argument 'ament_cmake_args' from command line to 'None'
[0.373s] Level 5:colcon.colcon_core.verb:set package 'robotic_hand_bringup' build argument 'catkin_cmake_args' from command line to 'None'
[0.373s] Level 5:colcon.colcon_core.verb:set package 'robotic_hand_bringup' build argument 'catkin_skip_building_tests' from command line to 'False'
[0.373s] DEBUG:colcon.colcon_core.verb:Building package 'robotic_hand_bringup' with the following arguments: {'ament_cmake_args': None, 'build_base': '/home/waseem/ros2_ws/build/robotic_hand_bringup', 'catkin_cmake_args': None, 'catkin_skip_building_tests': False, 'cmake_args': None, 'cmake_clean_cache': False, 'cmake_clean_first': False, 'cmake_force_configure': False, 'cmake_target': None, 'cmake_target_skip_unavailable': False, 'install_base': '/home/waseem/ros2_ws/install/robotic_hand_bringup', 'merge_install': False, 'path': '/home/waseem/ros2_ws/src/robotic_hand_bringup', 'symlink_install': True, 'test_result_base': None}
[0.373s] INFO:colcon.colcon_core.executor:Executing jobs using 'parallel' executor
[0.374s] DEBUG:colcon.colcon_parallel_executor.executor.parallel:run_until_complete
[0.374s] INFO:colcon.colcon_ros.task.ament_cmake.build:Building ROS package in '/home/waseem/ros2_ws/src/robotic_hand_description' with build type 'ament_cmake'
[0.374s] INFO:colcon.colcon_cmake.task.cmake.build:Building CMake package in '/home/waseem/ros2_ws/src/robotic_hand_description'
[0.377s] INFO:colcon.colcon_core.plugin_system:Skipping extension 'colcon_core.shell.bat': Not used on non-Windows systems
[0.378s] INFO:colcon.colcon_core.shell:Skip shell extension 'powershell' for command environment: Not usable outside of PowerShell
[0.378s] DEBUG:colcon.colcon_core.shell:Skip shell extension 'dsv' for command environment
[0.389s] DEBUG:colcon.colcon_core.event_handler.log_command:Invoking command in '/home/waseem/ros2_ws/build/robotic_hand_description': CMAKE_PREFIX_PATH=${CMAKE_PREFIX_PATH}:/opt/ros/humble /usr/bin/cmake /home/waseem/ros2_ws/src/robotic_hand_description -DAMENT_CMAKE_SYMLINK_INSTALL=1 -DCMAKE_INSTALL_PREFIX=/home/waseem/ros2_ws/install/robotic_hand_description
[0.720s] DEBUG:colcon.colcon_core.event_handler.log_command:Invoked command in '/home/waseem/ros2_ws/build/robotic_hand_description' returned '0': CMAKE_PREFIX_PATH=${CMAKE_PREFIX_PATH}:/opt/ros/humble /usr/bin/cmake /home/waseem/ros2_ws/src/robotic_hand_description -DAMENT_CMAKE_SYMLINK_INSTALL=1 -DCMAKE_INSTALL_PREFIX=/home/waseem/ros2_ws/install/robotic_hand_description
[0.721s] DEBUG:colcon.colcon_core.event_handler.log_command:Invoking command in '/home/waseem/ros2_ws/build/robotic_hand_description': CMAKE_PREFIX_PATH=${CMAKE_PREFIX_PATH}:/opt/ros/humble /usr/bin/cmake --build /home/waseem/ros2_ws/build/robotic_hand_description -- -j12 -l12
[0.776s] DEBUG:colcon.colcon_core.event_handler.log_command:Invoked command in '/home/waseem/ros2_ws/build/robotic_hand_description' returned '0': CMAKE_PREFIX_PATH=${CMAKE_PREFIX_PATH}:/opt/ros/humble /usr/bin/cmake --build /home/waseem/ros2_ws/build/robotic_hand_description -- -j12 -l12
[0.819s] DEBUG:colcon.colcon_core.event_handler.log_command:Invoking command in '/home/waseem/ros2_ws/build/robotic_hand_description': CMAKE_PREFIX_PATH=${CMAKE_PREFIX_PATH}:/opt/ros/humble /usr/bin/cmake --install /home/waseem/ros2_ws/build/robotic_hand_description
[0.854s] Level 1:colcon.colcon_core.environment:create_environment_scripts_only(robotic_hand_description)
[0.855s] DEBUG:colcon.colcon_core.event_handler.log_command:Invoked command in '/home/waseem/ros2_ws/build/robotic_hand_description' returned '0': CMAKE_PREFIX_PATH=${CMAKE_PREFIX_PATH}:/opt/ros/humble /usr/bin/cmake --install /home/waseem/ros2_ws/build/robotic_hand_description
[0.864s] Level 1:colcon.colcon_core.environment:checking '/home/waseem/ros2_ws/install/robotic_hand_description' for CMake module files
[0.865s] Level 1:colcon.colcon_core.environment:checking '/home/waseem/ros2_ws/install/robotic_hand_description' for CMake config files
[0.866s] Level 1:colcon.colcon_core.shell:create_environment_hook('robotic_hand_description', 'cmake_prefix_path')
[0.866s] INFO:colcon.colcon_core.shell:Creating environment hook '/home/waseem/ros2_ws/install/robotic_hand_description/share/robotic_hand_description/hook/cmake_prefix_path.ps1'
[0.868s] INFO:colcon.colcon_core.shell:Creating environment descriptor '/home/waseem/ros2_ws/install/robotic_hand_description/share/robotic_hand_description/hook/cmake_prefix_path.dsv'
[0.870s] INFO:colcon.colcon_core.shell:Creating environment hook '/home/waseem/ros2_ws/install/robotic_hand_description/share/robotic_hand_description/hook/cmake_prefix_path.sh'
[0.873s] Level 1:colcon.colcon_core.environment:checking '/home/waseem/ros2_ws/install/robotic_hand_description/bin'
[0.873s] Level 1:colcon.colcon_core.environment:checking '/home/waseem/ros2_ws/install/robotic_hand_description/lib/pkgconfig/robotic_hand_description.pc'
[0.874s] Level 1:colcon.colcon_core.environment:checking '/home/waseem/ros2_ws/install/robotic_hand_description/lib/python3.10/site-packages'
[0.874s] Level 1:colcon.colcon_core.environment:checking '/home/waseem/ros2_ws/install/robotic_hand_description/bin'
[0.875s] INFO:colcon.colcon_core.shell:Creating package script '/home/waseem/ros2_ws/install/robotic_hand_description/share/robotic_hand_description/package.ps1'
[0.877s] INFO:colcon.colcon_core.shell:Creating package descriptor '/home/waseem/ros2_ws/install/robotic_hand_description/share/robotic_hand_description/package.dsv'
[0.879s] INFO:colcon.colcon_core.shell:Creating package script '/home/waseem/ros2_ws/install/robotic_hand_description/share/robotic_hand_description/package.sh'
[0.881s] INFO:colcon.colcon_core.shell:Creating package script '/home/waseem/ros2_ws/install/robotic_hand_description/share/robotic_hand_description/package.bash'
[0.882s] INFO:colcon.colcon_core.shell:Creating package script '/home/waseem/ros2_ws/install/robotic_hand_description/share/robotic_hand_description/package.zsh'
[0.884s] Level 1:colcon.colcon_core.environment:create_file_with_runtime_dependencies(/home/waseem/ros2_ws/install/robotic_hand_description/share/colcon-core/packages/robotic_hand_description)
[0.914s] Level 1:colcon.colcon_core.environment:create_environment_scripts_only(robotic_hand_description)
[0.914s] Level 1:colcon.colcon_core.environment:checking '/home/waseem/ros2_ws/install/robotic_hand_description' for CMake module files
[0.915s] Level 1:colcon.colcon_core.environment:checking '/home/waseem/ros2_ws/install/robotic_hand_description' for CMake config files
[0.915s] Level 1:colcon.colcon_core.shell:create_environment_hook('robotic_hand_description', 'cmake_prefix_path')
[0.916s] INFO:colcon.colcon_core.shell:Creating environment hook '/home/waseem/ros2_ws/install/robotic_hand_description/share/robotic_hand_description/hook/cmake_prefix_path.ps1'
[0.916s] INFO:colcon.colcon_core.shell:Creating environment descriptor '/home/waseem/ros2_ws/install/robotic_hand_description/share/robotic_hand_description/hook/cmake_prefix_path.dsv'
[0.917s] INFO:colcon.colcon_core.shell:Creating environment hook '/home/waseem/ros2_ws/install/robotic_hand_description/share/robotic_hand_description/hook/cmake_prefix_path.sh'
[0.918s] Level 1:colcon.colcon_core.environment:checking '/home/waseem/ros2_ws/install/robotic_hand_description/bin'
[0.918s] Level 1:colcon.colcon_core.environment:checking '/home/waseem/ros2_ws/install/robotic_hand_description/lib/pkgconfig/robotic_hand_description.pc'
[0.919s] Level 1:colcon.colcon_core.environment:checking '/home/waseem/ros2_ws/install/robotic_hand_description/lib/python3.10/site-packages'
[0.919s] Level 1:colcon.colcon_core.environment:checking '/home/waseem/ros2_ws/install/robotic_hand_description/bin'
[0.920s] INFO:colcon.colcon_core.shell:Creating package script '/home/waseem/ros2_ws/install/robotic_hand_description/share/robotic_hand_description/package.ps1'
[0.921s] INFO:colcon.colcon_core.shell:Creating package descriptor '/home/waseem/ros2_ws/install/robotic_hand_description/share/robotic_hand_description/package.dsv'
[0.922s] INFO:colcon.colcon_core.shell:Creating package script '/home/waseem/ros2_ws/install/robotic_hand_description/share/robotic_hand_description/package.sh'
[0.923s] INFO:colcon.colcon_core.shell:Creating package script '/home/waseem/ros2_ws/install/robotic_hand_description/share/robotic_hand_description/package.bash'
[0.924s] INFO:colcon.colcon_core.shell:Creating package script '/home/waseem/ros2_ws/install/robotic_hand_description/share/robotic_hand_description/package.zsh'
[0.924s] Level 1:colcon.colcon_core.environment:create_file_with_runtime_dependencies(/home/waseem/ros2_ws/install/robotic_hand_description/share/colcon-core/packages/robotic_hand_description)
[0.925s] INFO:colcon.colcon_ros.task.ament_cmake.build:Building ROS package in '/home/waseem/ros2_ws/src/robotic_hand_bringup' with build type 'ament_cmake'
[0.925s] INFO:colcon.colcon_cmake.task.cmake.build:Building CMake package in '/home/waseem/ros2_ws/src/robotic_hand_bringup'
[0.925s] INFO:colcon.colcon_core.shell:Skip shell extension 'powershell' for command environment: Not usable outside of PowerShell
[0.925s] DEBUG:colcon.colcon_core.shell:Skip shell extension 'dsv' for command environment
[0.936s] DEBUG:colcon.colcon_core.event_handler.log_command:Invoking command in '/home/waseem/ros2_ws/build/robotic_hand_bringup': CMAKE_PREFIX_PATH=${CMAKE_PREFIX_PATH}:/opt/ros/humble /usr/bin/cmake /home/waseem/ros2_ws/src/robotic_hand_bringup -DAMENT_CMAKE_SYMLINK_INSTALL=1 -DCMAKE_INSTALL_PREFIX=/home/waseem/ros2_ws/install/robotic_hand_bringup
[1.833s] DEBUG:colcon.colcon_core.event_handler.log_command:Invoked command in '/home/waseem/ros2_ws/build/robotic_hand_bringup' returned '0': CMAKE_PREFIX_PATH=${CMAKE_PREFIX_PATH}:/opt/ros/humble /usr/bin/cmake /home/waseem/ros2_ws/src/robotic_hand_bringup -DAMENT_CMAKE_SYMLINK_INSTALL=1 -DCMAKE_INSTALL_PREFIX=/home/waseem/ros2_ws/install/robotic_hand_bringup
[1.835s] DEBUG:colcon.colcon_core.event_handler.log_command:Invoking command in '/home/waseem/ros2_ws/build/robotic_hand_bringup': CMAKE_PREFIX_PATH=${CMAKE_PREFIX_PATH}:/opt/ros/humble /usr/bin/cmake --build /home/waseem/ros2_ws/build/robotic_hand_bringup -- -j12 -l12
[1.885s] DEBUG:colcon.colcon_core.event_handler.log_command:Invoked command in '/home/waseem/ros2_ws/build/robotic_hand_bringup' returned '0': CMAKE_PREFIX_PATH=${CMAKE_PREFIX_PATH}:/opt/ros/humble /usr/bin/cmake --build /home/waseem/ros2_ws/build/robotic_hand_bringup -- -j12 -l12
[1.918s] DEBUG:colcon.colcon_core.event_handler.log_command:Invoking command in '/home/waseem/ros2_ws/build/robotic_hand_bringup': CMAKE_PREFIX_PATH=${CMAKE_PREFIX_PATH}:/opt/ros/humble /usr/bin/cmake --install /home/waseem/ros2_ws/build/robotic_hand_bringup
[2.110s] Level 1:colcon.colcon_core.environment:create_environment_scripts_only(robotic_hand_bringup)
[2.111s] Level 1:colcon.colcon_core.environment:checking '/home/waseem/ros2_ws/install/robotic_hand_bringup' for CMake module files
[2.112s] DEBUG:colcon.colcon_core.event_handler.log_command:Invoked command in '/home/waseem/ros2_ws/build/robotic_hand_bringup' returned '0': CMAKE_PREFIX_PATH=${CMAKE_PREFIX_PATH}:/opt/ros/humble /usr/bin/cmake --install /home/waseem/ros2_ws/build/robotic_hand_bringup
[2.112s] Level 1:colcon.colcon_core.environment:checking '/home/waseem/ros2_ws/install/robotic_hand_bringup' for CMake config files
[2.113s] Level 1:colcon.colcon_core.shell:create_environment_hook('robotic_hand_bringup', 'cmake_prefix_path')
[2.113s] INFO:colcon.colcon_core.shell:Creating environment hook '/home/waseem/ros2_ws/install/robotic_hand_bringup/share/robotic_hand_bringup/hook/cmake_prefix_path.ps1'
[2.114s] INFO:colcon.colcon_core.shell:Creating environment descriptor '/home/waseem/ros2_ws/install/robotic_hand_bringup/share/robotic_hand_bringup/hook/cmake_prefix_path.dsv'
[2.114s] INFO:colcon.colcon_core.shell:Creating environment hook '/home/waseem/ros2_ws/install/robotic_hand_bringup/share/robotic_hand_bringup/hook/cmake_prefix_path.sh'
[2.115s] Level 1:colcon.colcon_core.environment:checking '/home/waseem/ros2_ws/install/robotic_hand_bringup/bin'
[2.115s] Level 1:colcon.colcon_core.environment:checking '/home/waseem/ros2_ws/install/robotic_hand_bringup/lib/pkgconfig/robotic_hand_bringup.pc'
[2.116s] Level 1:colcon.colcon_core.environment:checking '/home/waseem/ros2_ws/install/robotic_hand_bringup/lib/python3.10/site-packages'
[2.116s] Level 1:colcon.colcon_core.environment:checking '/home/waseem/ros2_ws/install/robotic_hand_bringup/bin'
[2.117s] INFO:colcon.colcon_core.shell:Creating package script '/home/waseem/ros2_ws/install/robotic_hand_bringup/share/robotic_hand_bringup/package.ps1'
[2.117s] INFO:colcon.colcon_core.shell:Creating package descriptor '/home/waseem/ros2_ws/install/robotic_hand_bringup/share/robotic_hand_bringup/package.dsv'
[2.118s] INFO:colcon.colcon_core.shell:Creating package script '/home/waseem/ros2_ws/install/robotic_hand_bringup/share/robotic_hand_bringup/package.sh'
[2.118s] INFO:colcon.colcon_core.shell:Creating package script '/home/waseem/ros2_ws/install/robotic_hand_bringup/share/robotic_hand_bringup/package.bash'
[2.119s] INFO:colcon.colcon_core.shell:Creating package script '/home/waseem/ros2_ws/install/robotic_hand_bringup/share/robotic_hand_bringup/package.zsh'
[2.119s] Level 1:colcon.colcon_core.environment:create_file_with_runtime_dependencies(/home/waseem/ros2_ws/install/robotic_hand_bringup/share/colcon-core/packages/robotic_hand_bringup)
[2.153s] Level 1:colcon.colcon_core.environment:create_environment_scripts_only(robotic_hand_bringup)
[2.154s] Level 1:colcon.colcon_core.environment:checking '/home/waseem/ros2_ws/install/robotic_hand_bringup' for CMake module files
[2.154s] Level 1:colcon.colcon_core.environment:checking '/home/waseem/ros2_ws/install/robotic_hand_bringup' for CMake config files
[2.155s] Level 1:colcon.colcon_core.shell:create_environment_hook('robotic_hand_bringup', 'cmake_prefix_path')
[2.155s] INFO:colcon.colcon_core.shell:Creating environment hook '/home/waseem/ros2_ws/install/robotic_hand_bringup/share/robotic_hand_bringup/hook/cmake_prefix_path.ps1'
[2.156s] INFO:colcon.colcon_core.shell:Creating environment descriptor '/home/waseem/ros2_ws/install/robotic_hand_bringup/share/robotic_hand_bringup/hook/cmake_prefix_path.dsv'
[2.157s] INFO:colcon.colcon_core.shell:Creating environment hook '/home/waseem/ros2_ws/install/robotic_hand_bringup/share/robotic_hand_bringup/hook/cmake_prefix_path.sh'
[2.157s] Level 1:colcon.colcon_core.environment:checking '/home/waseem/ros2_ws/install/robotic_hand_bringup/bin'
[2.157s] Level 1:colcon.colcon_core.environment:checking '/home/waseem/ros2_ws/install/robotic_hand_bringup/lib/pkgconfig/robotic_hand_bringup.pc'
[2.158s] Level 1:colcon.colcon_core.environment:checking '/home/waseem/ros2_ws/install/robotic_hand_bringup/lib/python3.10/site-packages'
[2.158s] Level 1:colcon.colcon_core.environment:checking '/home/waseem/ros2_ws/install/robotic_hand_bringup/bin'
[2.159s] INFO:colcon.colcon_core.shell:Creating package script '/home/waseem/ros2_ws/install/robotic_hand_bringup/share/robotic_hand_bringup/package.ps1'
[2.159s] INFO:colcon.colcon_core.shell:Creating package descriptor '/home/waseem/ros2_ws/install/robotic_hand_bringup/share/robotic_hand_bringup/package.dsv'
[2.160s] INFO:colcon.colcon_core.shell:Creating package script '/home/waseem/ros2_ws/install/robotic_hand_bringup/share/robotic_hand_bringup/package.sh'
[2.161s] INFO:colcon.colcon_core.shell:Creating package script '/home/waseem/ros2_ws/install/robotic_hand_bringup/share/robotic_hand_bringup/package.bash'
[2.161s] INFO:colcon.colcon_core.shell:Creating package script '/home/waseem/ros2_ws/install/robotic_hand_bringup/share/robotic_hand_bringup/package.zsh'
[2.162s] Level 1:colcon.colcon_core.environment:create_file_with_runtime_dependencies(/home/waseem/ros2_ws/install/robotic_hand_bringup/share/colcon-core/packages/robotic_hand_bringup)
[2.162s] DEBUG:colcon.colcon_parallel_executor.executor.parallel:closing loop
[2.162s] DEBUG:colcon.colcon_parallel_executor.executor.parallel:loop closed
[2.162s] DEBUG:colcon.colcon_parallel_executor.executor.parallel:run_until_complete finished with '0'
[2.162s] DEBUG:colcon.colcon_core.event_reactor:joining thread
[2.173s] INFO:colcon.colcon_core.plugin_system:Skipping extension 'colcon_notification.desktop_notification.terminal_notifier': Not used on non-Darwin systems
[2.174s] INFO:colcon.colcon_core.plugin_system:Skipping extension 'colcon_notification.desktop_notification.win32': Not used on non-Windows systems
[2.174s] INFO:colcon.colcon_notification.desktop_notification:Sending desktop notification using 'notify2'
[2.188s] DEBUG:colcon.colcon_core.event_reactor:joined thread
[2.188s] INFO:colcon.colcon_core.shell:Creating prefix script '/home/waseem/ros2_ws/install/local_setup.ps1'
[2.190s] INFO:colcon.colcon_core.shell:Creating prefix util module '/home/waseem/ros2_ws/install/_local_setup_util_ps1.py'
[2.193s] INFO:colcon.colcon_core.shell:Creating prefix chain script '/home/waseem/ros2_ws/install/setup.ps1'
[2.194s] INFO:colcon.colcon_core.shell:Creating prefix script '/home/waseem/ros2_ws/install/local_setup.sh'
[2.197s] INFO:colcon.colcon_core.shell:Creating prefix util module '/home/waseem/ros2_ws/install/_local_setup_util_sh.py'
[2.198s] INFO:colcon.colcon_core.shell:Creating prefix chain script '/home/waseem/ros2_ws/install/setup.sh'
[2.201s] INFO:colcon.colcon_core.shell:Creating prefix script '/home/waseem/ros2_ws/install/local_setup.bash'
[2.202s] INFO:colcon.colcon_core.shell:Creating prefix chain script '/home/waseem/ros2_ws/install/setup.bash'
[2.204s] INFO:colcon.colcon_core.shell:Creating prefix script '/home/waseem/ros2_ws/install/local_setup.zsh'
[2.206s] INFO:colcon.colcon_core.shell:Creating prefix chain script '/home/waseem/ros2_ws/install/setup.zsh'
