[0.053s] DEBUG:colcon:Command line arguments: ['/usr/bin/colcon', 'build']
[0.053s] DEBUG:colcon:Parsed command line arguments: Namespace(log_base=None, log_level=None, verb_name='build', build_base='build', install_base='install', merge_install=False, symlink_install=False, test_result_base=None, continue_on_error=False, executor='parallel', parallel_workers=12, event_handlers=None, ignore_user_meta=False, metas=['./colcon.meta'], base_paths=['.'], packages_ignore=None, packages_ignore_regex=None, paths=None, packages_up_to=None, packages_up_to_regex=None, packages_above=None, packages_above_and_dependencies=None, packages_above_depth=None, packages_select_by_dep=None, packages_skip_by_dep=None, packages_skip_up_to=None, packages_select_build_failed=False, packages_skip_build_finished=False, packages_select_test_failures=False, packages_skip_test_passed=False, packages_select=None, packages_skip=None, packages_select_regex=None, packages_skip_regex=None, packages_start=None, packages_end=None, allow_overriding=[], cmake_args=None, cmake_target=None, cmake_target_skip_unavailable=False, cmake_clean_cache=False, cmake_clean_first=False, cmake_force_configure=False, ament_cmake_args=None, catkin_cmake_args=None, catkin_skip_building_tests=False, verb_parser=<colcon_defaults.argument_parser.defaults.DefaultArgumentsDecorator object at 0x7b545fdb46d0>, verb_extension=<colcon_core.verb.build.BuildVerb object at 0x7b545fdb4160>, main=<bound method BuildVerb.main of <colcon_core.verb.build.BuildVerb object at 0x7b545fdb4160>>)
[0.130s] Level 1:colcon.colcon_core.package_discovery:discover_packages(colcon_meta) check parameters
[0.130s] Level 1:colcon.colcon_core.package_discovery:discover_packages(recursive) check parameters
[0.130s] Level 1:colcon.colcon_core.package_discovery:discover_packages(ignore) check parameters
[0.130s] Level 1:colcon.colcon_core.package_discovery:discover_packages(path) check parameters
[0.130s] Level 1:colcon.colcon_core.package_discovery:discover_packages(colcon_meta) discover
[0.130s] Level 1:colcon.colcon_core.package_discovery:discover_packages(recursive) discover
[0.130s] INFO:colcon.colcon_core.package_discovery:Crawling recursively for packages in '/home/waseem/ros2_ws'
[0.130s] Level 1:colcon.colcon_core.package_identification:_identify(.) by extensions ['ignore', 'ignore_ament_install']
[0.130s] Level 1:colcon.colcon_core.package_identification:_identify(.) by extension 'ignore'
[0.130s] Level 1:colcon.colcon_core.package_identification:_identify(.) by extension 'ignore_ament_install'
[0.131s] Level 1:colcon.colcon_core.package_identification:_identify(.) by extensions ['colcon_pkg']
[0.131s] Level 1:colcon.colcon_core.package_identification:_identify(.) by extension 'colcon_pkg'
[0.131s] Level 1:colcon.colcon_core.package_identification:_identify(.) by extensions ['colcon_meta']
[0.131s] Level 1:colcon.colcon_core.package_identification:_identify(.) by extension 'colcon_meta'
[0.131s] Level 1:colcon.colcon_core.package_identification:_identify(.) by extensions ['ros']
[0.131s] Level 1:colcon.colcon_core.package_identification:_identify(.) by extension 'ros'
[0.137s] Level 1:colcon.colcon_core.package_identification:_identify(.) by extensions ['cmake', 'python']
[0.137s] Level 1:colcon.colcon_core.package_identification:_identify(.) by extension 'cmake'
[0.137s] Level 1:colcon.colcon_core.package_identification:_identify(.) by extension 'python'
[0.137s] Level 1:colcon.colcon_core.package_identification:_identify(.) by extensions ['python_setup_py']
[0.137s] Level 1:colcon.colcon_core.package_identification:_identify(.) by extension 'python_setup_py'
[0.137s] Level 1:colcon.colcon_core.package_identification:_identify(build) by extensions ['ignore', 'ignore_ament_install']
[0.137s] Level 1:colcon.colcon_core.package_identification:_identify(build) by extension 'ignore'
[0.137s] Level 1:colcon.colcon_core.package_identification:_identify(build) ignored
[0.137s] Level 1:colcon.colcon_core.package_identification:_identify(install) by extensions ['ignore', 'ignore_ament_install']
[0.137s] Level 1:colcon.colcon_core.package_identification:_identify(install) by extension 'ignore'
[0.137s] Level 1:colcon.colcon_core.package_identification:_identify(install) ignored
[0.137s] Level 1:colcon.colcon_core.package_identification:_identify(log) by extensions ['ignore', 'ignore_ament_install']
[0.137s] Level 1:colcon.colcon_core.package_identification:_identify(log) by extension 'ignore'
[0.137s] Level 1:colcon.colcon_core.package_identification:_identify(log) ignored
[0.137s] Level 1:colcon.colcon_core.package_identification:_identify(src) by extensions ['ignore', 'ignore_ament_install']
[0.137s] Level 1:colcon.colcon_core.package_identification:_identify(src) by extension 'ignore'
[0.138s] Level 1:colcon.colcon_core.package_identification:_identify(src) by extension 'ignore_ament_install'
[0.138s] Level 1:colcon.colcon_core.package_identification:_identify(src) by extensions ['colcon_pkg']
[0.138s] Level 1:colcon.colcon_core.package_identification:_identify(src) by extension 'colcon_pkg'
[0.138s] Level 1:colcon.colcon_core.package_identification:_identify(src) by extensions ['colcon_meta']
[0.138s] Level 1:colcon.colcon_core.package_identification:_identify(src) by extension 'colcon_meta'
[0.138s] Level 1:colcon.colcon_core.package_identification:_identify(src) by extensions ['ros']
[0.138s] Level 1:colcon.colcon_core.package_identification:_identify(src) by extension 'ros'
[0.138s] Level 1:colcon.colcon_core.package_identification:_identify(src) by extensions ['cmake', 'python']
[0.138s] Level 1:colcon.colcon_core.package_identification:_identify(src) by extension 'cmake'
[0.138s] Level 1:colcon.colcon_core.package_identification:_identify(src) by extension 'python'
[0.138s] Level 1:colcon.colcon_core.package_identification:_identify(src) by extensions ['python_setup_py']
[0.138s] Level 1:colcon.colcon_core.package_identification:_identify(src) by extension 'python_setup_py'
[0.138s] Level 1:colcon.colcon_core.package_identification:_identify(src/robotic_hand_bringup) by extensions ['ignore', 'ignore_ament_install']
[0.138s] Level 1:colcon.colcon_core.package_identification:_identify(src/robotic_hand_bringup) by extension 'ignore'
[0.138s] Level 1:colcon.colcon_core.package_identification:_identify(src/robotic_hand_bringup) by extension 'ignore_ament_install'
[0.138s] Level 1:colcon.colcon_core.package_identification:_identify(src/robotic_hand_bringup) by extensions ['colcon_pkg']
[0.138s] Level 1:colcon.colcon_core.package_identification:_identify(src/robotic_hand_bringup) by extension 'colcon_pkg'
[0.138s] Level 1:colcon.colcon_core.package_identification:_identify(src/robotic_hand_bringup) by extensions ['colcon_meta']
[0.138s] Level 1:colcon.colcon_core.package_identification:_identify(src/robotic_hand_bringup) by extension 'colcon_meta'
[0.138s] Level 1:colcon.colcon_core.package_identification:_identify(src/robotic_hand_bringup) by extensions ['ros']
[0.138s] Level 1:colcon.colcon_core.package_identification:_identify(src/robotic_hand_bringup) by extension 'ros'
[0.139s] DEBUG:colcon.colcon_core.package_identification:Package 'src/robotic_hand_bringup' with type 'ros.ament_cmake' and name 'robotic_hand_bringup'
[0.139s] Level 1:colcon.colcon_core.package_identification:_identify(src/robotic_hand_description) by extensions ['ignore', 'ignore_ament_install']
[0.139s] Level 1:colcon.colcon_core.package_identification:_identify(src/robotic_hand_description) by extension 'ignore'
[0.139s] Level 1:colcon.colcon_core.package_identification:_identify(src/robotic_hand_description) by extension 'ignore_ament_install'
[0.139s] Level 1:colcon.colcon_core.package_identification:_identify(src/robotic_hand_description) by extensions ['colcon_pkg']
[0.139s] Level 1:colcon.colcon_core.package_identification:_identify(src/robotic_hand_description) by extension 'colcon_pkg'
[0.139s] Level 1:colcon.colcon_core.package_identification:_identify(src/robotic_hand_description) by extensions ['colcon_meta']
[0.139s] Level 1:colcon.colcon_core.package_identification:_identify(src/robotic_hand_description) by extension 'colcon_meta'
[0.139s] Level 1:colcon.colcon_core.package_identification:_identify(src/robotic_hand_description) by extensions ['ros']
[0.139s] Level 1:colcon.colcon_core.package_identification:_identify(src/robotic_hand_description) by extension 'ros'
[0.140s] DEBUG:colcon.colcon_core.package_identification:Package 'src/robotic_hand_description' with type 'ros.ament_cmake' and name 'robotic_hand_description'
[0.140s] Level 1:colcon.colcon_core.package_discovery:discover_packages(recursive) using defaults
[0.140s] Level 1:colcon.colcon_core.package_discovery:discover_packages(ignore) discover
[0.140s] Level 1:colcon.colcon_core.package_discovery:discover_packages(ignore) using defaults
[0.140s] Level 1:colcon.colcon_core.package_discovery:discover_packages(path) discover
[0.140s] Level 1:colcon.colcon_core.package_discovery:discover_packages(path) using defaults
[0.150s] Level 1:colcon.colcon_core.package_discovery:discover_packages(prefix_path) check parameters
[0.150s] Level 1:colcon.colcon_core.package_discovery:discover_packages(prefix_path) discover
[0.152s] DEBUG:colcon.colcon_installed_package_information.package_discovery:Found 3 installed packages in /home/waseem/ros2_ws/install
[0.152s] DEBUG:colcon.colcon_installed_package_information.package_discovery:Found 334 installed packages in /opt/ros/humble
[0.159s] Level 1:colcon.colcon_core.package_discovery:discover_packages(prefix_path) using defaults
[0.179s] Level 5:colcon.colcon_core.verb:set package 'robotic_hand_description' build argument 'cmake_args' from command line to 'None'
[0.179s] Level 5:colcon.colcon_core.verb:set package 'robotic_hand_description' build argument 'cmake_target' from command line to 'None'
[0.179s] Level 5:colcon.colcon_core.verb:set package 'robotic_hand_description' build argument 'cmake_target_skip_unavailable' from command line to 'False'
[0.179s] Level 5:colcon.colcon_core.verb:set package 'robotic_hand_description' build argument 'cmake_clean_cache' from command line to 'False'
[0.179s] Level 5:colcon.colcon_core.verb:set package 'robotic_hand_description' build argument 'cmake_clean_first' from command line to 'False'
[0.179s] Level 5:colcon.colcon_core.verb:set package 'robotic_hand_description' build argument 'cmake_force_configure' from command line to 'False'
[0.179s] Level 5:colcon.colcon_core.verb:set package 'robotic_hand_description' build argument 'ament_cmake_args' from command line to 'None'
[0.179s] Level 5:colcon.colcon_core.verb:set package 'robotic_hand_description' build argument 'catkin_cmake_args' from command line to 'None'
[0.179s] Level 5:colcon.colcon_core.verb:set package 'robotic_hand_description' build argument 'catkin_skip_building_tests' from command line to 'False'
[0.179s] DEBUG:colcon.colcon_core.verb:Building package 'robotic_hand_description' with the following arguments: {'ament_cmake_args': None, 'build_base': '/home/waseem/ros2_ws/build/robotic_hand_description', 'catkin_cmake_args': None, 'catkin_skip_building_tests': False, 'cmake_args': None, 'cmake_clean_cache': False, 'cmake_clean_first': False, 'cmake_force_configure': False, 'cmake_target': None, 'cmake_target_skip_unavailable': False, 'install_base': '/home/waseem/ros2_ws/install/robotic_hand_description', 'merge_install': False, 'path': '/home/waseem/ros2_ws/src/robotic_hand_description', 'symlink_install': False, 'test_result_base': None}
[0.179s] Level 5:colcon.colcon_core.verb:set package 'robotic_hand_bringup' build argument 'cmake_args' from command line to 'None'
[0.179s] Level 5:colcon.colcon_core.verb:set package 'robotic_hand_bringup' build argument 'cmake_target' from command line to 'None'
[0.179s] Level 5:colcon.colcon_core.verb:set package 'robotic_hand_bringup' build argument 'cmake_target_skip_unavailable' from command line to 'False'
[0.179s] Level 5:colcon.colcon_core.verb:set package 'robotic_hand_bringup' build argument 'cmake_clean_cache' from command line to 'False'
[0.179s] Level 5:colcon.colcon_core.verb:set package 'robotic_hand_bringup' build argument 'cmake_clean_first' from command line to 'False'
[0.179s] Level 5:colcon.colcon_core.verb:set package 'robotic_hand_bringup' build argument 'cmake_force_configure' from command line to 'False'
[0.179s] Level 5:colcon.colcon_core.verb:set package 'robotic_hand_bringup' build argument 'ament_cmake_args' from command line to 'None'
[0.179s] Level 5:colcon.colcon_core.verb:set package 'robotic_hand_bringup' build argument 'catkin_cmake_args' from command line to 'None'
[0.179s] Level 5:colcon.colcon_core.verb:set package 'robotic_hand_bringup' build argument 'catkin_skip_building_tests' from command line to 'False'
[0.179s] DEBUG:colcon.colcon_core.verb:Building package 'robotic_hand_bringup' with the following arguments: {'ament_cmake_args': None, 'build_base': '/home/waseem/ros2_ws/build/robotic_hand_bringup', 'catkin_cmake_args': None, 'catkin_skip_building_tests': False, 'cmake_args': None, 'cmake_clean_cache': False, 'cmake_clean_first': False, 'cmake_force_configure': False, 'cmake_target': None, 'cmake_target_skip_unavailable': False, 'install_base': '/home/waseem/ros2_ws/install/robotic_hand_bringup', 'merge_install': False, 'path': '/home/waseem/ros2_ws/src/robotic_hand_bringup', 'symlink_install': False, 'test_result_base': None}
[0.179s] INFO:colcon.colcon_core.executor:Executing jobs using 'parallel' executor
[0.180s] DEBUG:colcon.colcon_parallel_executor.executor.parallel:run_until_complete
[0.180s] INFO:colcon.colcon_ros.task.ament_cmake.build:Building ROS package in '/home/waseem/ros2_ws/src/robotic_hand_description' with build type 'ament_cmake'
[0.180s] INFO:colcon.colcon_cmake.task.cmake.build:Building CMake package in '/home/waseem/ros2_ws/src/robotic_hand_description'
[0.181s] INFO:colcon.colcon_core.plugin_system:Skipping extension 'colcon_core.shell.bat': Not used on non-Windows systems
[0.181s] INFO:colcon.colcon_core.shell:Skip shell extension 'powershell' for command environment: Not usable outside of PowerShell
[0.181s] DEBUG:colcon.colcon_core.shell:Skip shell extension 'dsv' for command environment
[0.187s] DEBUG:colcon.colcon_core.event_handler.log_command:Invoking command in '/home/waseem/ros2_ws/build/robotic_hand_description': CMAKE_PREFIX_PATH=${CMAKE_PREFIX_PATH}:/opt/ros/humble /usr/bin/cmake --build /home/waseem/ros2_ws/build/robotic_hand_description -- -j12 -l12
[0.220s] DEBUG:colcon.colcon_core.event_handler.log_command:Invoked command in '/home/waseem/ros2_ws/build/robotic_hand_description' returned '0': CMAKE_PREFIX_PATH=${CMAKE_PREFIX_PATH}:/opt/ros/humble /usr/bin/cmake --build /home/waseem/ros2_ws/build/robotic_hand_description -- -j12 -l12
[0.263s] DEBUG:colcon.colcon_core.event_handler.log_command:Invoking command in '/home/waseem/ros2_ws/build/robotic_hand_description': CMAKE_PREFIX_PATH=${CMAKE_PREFIX_PATH}:/opt/ros/humble /usr/bin/cmake --install /home/waseem/ros2_ws/build/robotic_hand_description
[0.286s] Level 1:colcon.colcon_core.environment:create_environment_scripts_only(robotic_hand_description)
[0.287s] DEBUG:colcon.colcon_core.event_handler.log_command:Invoked command in '/home/waseem/ros2_ws/build/robotic_hand_description' returned '0': CMAKE_PREFIX_PATH=${CMAKE_PREFIX_PATH}:/opt/ros/humble /usr/bin/cmake --install /home/waseem/ros2_ws/build/robotic_hand_description
[0.288s] Level 1:colcon.colcon_core.environment:checking '/home/waseem/ros2_ws/install/robotic_hand_description' for CMake module files
[0.288s] Level 1:colcon.colcon_core.environment:checking '/home/waseem/ros2_ws/install/robotic_hand_description' for CMake config files
[0.288s] Level 1:colcon.colcon_core.shell:create_environment_hook('robotic_hand_description', 'cmake_prefix_path')
[0.289s] INFO:colcon.colcon_core.shell:Creating environment hook '/home/waseem/ros2_ws/install/robotic_hand_description/share/robotic_hand_description/hook/cmake_prefix_path.ps1'
[0.289s] INFO:colcon.colcon_core.shell:Creating environment descriptor '/home/waseem/ros2_ws/install/robotic_hand_description/share/robotic_hand_description/hook/cmake_prefix_path.dsv'
[0.289s] INFO:colcon.colcon_core.shell:Creating environment hook '/home/waseem/ros2_ws/install/robotic_hand_description/share/robotic_hand_description/hook/cmake_prefix_path.sh'
[0.290s] Level 1:colcon.colcon_core.environment:checking '/home/waseem/ros2_ws/install/robotic_hand_description/bin'
[0.290s] Level 1:colcon.colcon_core.environment:checking '/home/waseem/ros2_ws/install/robotic_hand_description/lib/pkgconfig/robotic_hand_description.pc'
[0.290s] Level 1:colcon.colcon_core.environment:checking '/home/waseem/ros2_ws/install/robotic_hand_description/lib/python3.10/site-packages'
[0.290s] Level 1:colcon.colcon_core.environment:checking '/home/waseem/ros2_ws/install/robotic_hand_description/bin'
[0.290s] INFO:colcon.colcon_core.shell:Creating package script '/home/waseem/ros2_ws/install/robotic_hand_description/share/robotic_hand_description/package.ps1'
[0.291s] INFO:colcon.colcon_core.shell:Creating package descriptor '/home/waseem/ros2_ws/install/robotic_hand_description/share/robotic_hand_description/package.dsv'
[0.291s] INFO:colcon.colcon_core.shell:Creating package script '/home/waseem/ros2_ws/install/robotic_hand_description/share/robotic_hand_description/package.sh'
[0.291s] INFO:colcon.colcon_core.shell:Creating package script '/home/waseem/ros2_ws/install/robotic_hand_description/share/robotic_hand_description/package.bash'
[0.291s] INFO:colcon.colcon_core.shell:Creating package script '/home/waseem/ros2_ws/install/robotic_hand_description/share/robotic_hand_description/package.zsh'
[0.292s] Level 1:colcon.colcon_core.environment:create_file_with_runtime_dependencies(/home/waseem/ros2_ws/install/robotic_hand_description/share/colcon-core/packages/robotic_hand_description)
[0.318s] Level 1:colcon.colcon_core.environment:create_environment_scripts_only(robotic_hand_description)
[0.318s] Level 1:colcon.colcon_core.environment:checking '/home/waseem/ros2_ws/install/robotic_hand_description' for CMake module files
[0.319s] Level 1:colcon.colcon_core.environment:checking '/home/waseem/ros2_ws/install/robotic_hand_description' for CMake config files
[0.319s] Level 1:colcon.colcon_core.shell:create_environment_hook('robotic_hand_description', 'cmake_prefix_path')
[0.319s] INFO:colcon.colcon_core.shell:Creating environment hook '/home/waseem/ros2_ws/install/robotic_hand_description/share/robotic_hand_description/hook/cmake_prefix_path.ps1'
[0.319s] INFO:colcon.colcon_core.shell:Creating environment descriptor '/home/waseem/ros2_ws/install/robotic_hand_description/share/robotic_hand_description/hook/cmake_prefix_path.dsv'
[0.319s] INFO:colcon.colcon_core.shell:Creating environment hook '/home/waseem/ros2_ws/install/robotic_hand_description/share/robotic_hand_description/hook/cmake_prefix_path.sh'
[0.320s] Level 1:colcon.colcon_core.environment:checking '/home/waseem/ros2_ws/install/robotic_hand_description/bin'
[0.320s] Level 1:colcon.colcon_core.environment:checking '/home/waseem/ros2_ws/install/robotic_hand_description/lib/pkgconfig/robotic_hand_description.pc'
[0.320s] Level 1:colcon.colcon_core.environment:checking '/home/waseem/ros2_ws/install/robotic_hand_description/lib/python3.10/site-packages'
[0.320s] Level 1:colcon.colcon_core.environment:checking '/home/waseem/ros2_ws/install/robotic_hand_description/bin'
[0.320s] INFO:colcon.colcon_core.shell:Creating package script '/home/waseem/ros2_ws/install/robotic_hand_description/share/robotic_hand_description/package.ps1'
[0.321s] INFO:colcon.colcon_core.shell:Creating package descriptor '/home/waseem/ros2_ws/install/robotic_hand_description/share/robotic_hand_description/package.dsv'
[0.321s] INFO:colcon.colcon_core.shell:Creating package script '/home/waseem/ros2_ws/install/robotic_hand_description/share/robotic_hand_description/package.sh'
[0.321s] INFO:colcon.colcon_core.shell:Creating package script '/home/waseem/ros2_ws/install/robotic_hand_description/share/robotic_hand_description/package.bash'
[0.322s] INFO:colcon.colcon_core.shell:Creating package script '/home/waseem/ros2_ws/install/robotic_hand_description/share/robotic_hand_description/package.zsh'
[0.322s] Level 1:colcon.colcon_core.environment:create_file_with_runtime_dependencies(/home/waseem/ros2_ws/install/robotic_hand_description/share/colcon-core/packages/robotic_hand_description)
[0.322s] INFO:colcon.colcon_ros.task.ament_cmake.build:Building ROS package in '/home/waseem/ros2_ws/src/robotic_hand_bringup' with build type 'ament_cmake'
[0.322s] INFO:colcon.colcon_cmake.task.cmake.build:Building CMake package in '/home/waseem/ros2_ws/src/robotic_hand_bringup'
[0.322s] INFO:colcon.colcon_core.shell:Skip shell extension 'powershell' for command environment: Not usable outside of PowerShell
[0.322s] DEBUG:colcon.colcon_core.shell:Skip shell extension 'dsv' for command environment
[0.331s] DEBUG:colcon.colcon_core.event_handler.log_command:Invoking command in '/home/waseem/ros2_ws/build/robotic_hand_bringup': CMAKE_PREFIX_PATH=/home/waseem/ros2_ws/install/robotic_hand_description:/home/waseem/ros2_ws/install/robotic_hand_bringup:/home/waseem/ros2_ws/install/my_robot_description:/opt/ros/humble /usr/bin/cmake --build /home/waseem/ros2_ws/build/robotic_hand_bringup -- -j12 -l12
[0.363s] DEBUG:colcon.colcon_core.event_handler.log_command:Invoked command in '/home/waseem/ros2_ws/build/robotic_hand_bringup' returned '0': CMAKE_PREFIX_PATH=/home/waseem/ros2_ws/install/robotic_hand_description:/home/waseem/ros2_ws/install/robotic_hand_bringup:/home/waseem/ros2_ws/install/my_robot_description:/opt/ros/humble /usr/bin/cmake --build /home/waseem/ros2_ws/build/robotic_hand_bringup -- -j12 -l12
[0.391s] DEBUG:colcon.colcon_core.event_handler.log_command:Invoking command in '/home/waseem/ros2_ws/build/robotic_hand_bringup': CMAKE_PREFIX_PATH=/home/waseem/ros2_ws/install/robotic_hand_description:/home/waseem/ros2_ws/install/robotic_hand_bringup:/home/waseem/ros2_ws/install/my_robot_description:/opt/ros/humble /usr/bin/cmake --install /home/waseem/ros2_ws/build/robotic_hand_bringup
[0.408s] Level 1:colcon.colcon_core.environment:create_environment_scripts_only(robotic_hand_bringup)
[0.409s] DEBUG:colcon.colcon_core.event_handler.log_command:Invoked command in '/home/waseem/ros2_ws/build/robotic_hand_bringup' returned '0': CMAKE_PREFIX_PATH=/home/waseem/ros2_ws/install/robotic_hand_description:/home/waseem/ros2_ws/install/robotic_hand_bringup:/home/waseem/ros2_ws/install/my_robot_description:/opt/ros/humble /usr/bin/cmake --install /home/waseem/ros2_ws/build/robotic_hand_bringup
[0.409s] Level 1:colcon.colcon_core.environment:checking '/home/waseem/ros2_ws/install/robotic_hand_bringup' for CMake module files
[0.410s] Level 1:colcon.colcon_core.environment:checking '/home/waseem/ros2_ws/install/robotic_hand_bringup' for CMake config files
[0.410s] Level 1:colcon.colcon_core.shell:create_environment_hook('robotic_hand_bringup', 'cmake_prefix_path')
[0.410s] INFO:colcon.colcon_core.shell:Creating environment hook '/home/waseem/ros2_ws/install/robotic_hand_bringup/share/robotic_hand_bringup/hook/cmake_prefix_path.ps1'
[0.411s] INFO:colcon.colcon_core.shell:Creating environment descriptor '/home/waseem/ros2_ws/install/robotic_hand_bringup/share/robotic_hand_bringup/hook/cmake_prefix_path.dsv'
[0.411s] INFO:colcon.colcon_core.shell:Creating environment hook '/home/waseem/ros2_ws/install/robotic_hand_bringup/share/robotic_hand_bringup/hook/cmake_prefix_path.sh'
[0.411s] Level 1:colcon.colcon_core.environment:checking '/home/waseem/ros2_ws/install/robotic_hand_bringup/bin'
[0.411s] Level 1:colcon.colcon_core.environment:checking '/home/waseem/ros2_ws/install/robotic_hand_bringup/lib/pkgconfig/robotic_hand_bringup.pc'
[0.412s] Level 1:colcon.colcon_core.environment:checking '/home/waseem/ros2_ws/install/robotic_hand_bringup/lib/python3.10/site-packages'
[0.412s] Level 1:colcon.colcon_core.environment:checking '/home/waseem/ros2_ws/install/robotic_hand_bringup/bin'
[0.412s] INFO:colcon.colcon_core.shell:Creating package script '/home/waseem/ros2_ws/install/robotic_hand_bringup/share/robotic_hand_bringup/package.ps1'
[0.412s] INFO:colcon.colcon_core.shell:Creating package descriptor '/home/waseem/ros2_ws/install/robotic_hand_bringup/share/robotic_hand_bringup/package.dsv'
[0.413s] INFO:colcon.colcon_core.shell:Creating package script '/home/waseem/ros2_ws/install/robotic_hand_bringup/share/robotic_hand_bringup/package.sh'
[0.413s] INFO:colcon.colcon_core.shell:Creating package script '/home/waseem/ros2_ws/install/robotic_hand_bringup/share/robotic_hand_bringup/package.bash'
[0.413s] INFO:colcon.colcon_core.shell:Creating package script '/home/waseem/ros2_ws/install/robotic_hand_bringup/share/robotic_hand_bringup/package.zsh'
[0.413s] Level 1:colcon.colcon_core.environment:create_file_with_runtime_dependencies(/home/waseem/ros2_ws/install/robotic_hand_bringup/share/colcon-core/packages/robotic_hand_bringup)
[0.444s] Level 1:colcon.colcon_core.environment:create_environment_scripts_only(robotic_hand_bringup)
[0.444s] Level 1:colcon.colcon_core.environment:checking '/home/waseem/ros2_ws/install/robotic_hand_bringup' for CMake module files
[0.445s] Level 1:colcon.colcon_core.environment:checking '/home/waseem/ros2_ws/install/robotic_hand_bringup' for CMake config files
[0.445s] Level 1:colcon.colcon_core.shell:create_environment_hook('robotic_hand_bringup', 'cmake_prefix_path')
[0.446s] INFO:colcon.colcon_core.shell:Creating environment hook '/home/waseem/ros2_ws/install/robotic_hand_bringup/share/robotic_hand_bringup/hook/cmake_prefix_path.ps1'
[0.446s] INFO:colcon.colcon_core.shell:Creating environment descriptor '/home/waseem/ros2_ws/install/robotic_hand_bringup/share/robotic_hand_bringup/hook/cmake_prefix_path.dsv'
[0.447s] INFO:colcon.colcon_core.shell:Creating environment hook '/home/waseem/ros2_ws/install/robotic_hand_bringup/share/robotic_hand_bringup/hook/cmake_prefix_path.sh'
[0.448s] Level 1:colcon.colcon_core.environment:checking '/home/waseem/ros2_ws/install/robotic_hand_bringup/bin'
[0.448s] Level 1:colcon.colcon_core.environment:checking '/home/waseem/ros2_ws/install/robotic_hand_bringup/lib/pkgconfig/robotic_hand_bringup.pc'
[0.448s] Level 1:colcon.colcon_core.environment:checking '/home/waseem/ros2_ws/install/robotic_hand_bringup/lib/python3.10/site-packages'
[0.448s] Level 1:colcon.colcon_core.environment:checking '/home/waseem/ros2_ws/install/robotic_hand_bringup/bin'
[0.449s] INFO:colcon.colcon_core.shell:Creating package script '/home/waseem/ros2_ws/install/robotic_hand_bringup/share/robotic_hand_bringup/package.ps1'
[0.449s] INFO:colcon.colcon_core.shell:Creating package descriptor '/home/waseem/ros2_ws/install/robotic_hand_bringup/share/robotic_hand_bringup/package.dsv'
[0.450s] INFO:colcon.colcon_core.shell:Creating package script '/home/waseem/ros2_ws/install/robotic_hand_bringup/share/robotic_hand_bringup/package.sh'
[0.450s] INFO:colcon.colcon_core.shell:Creating package script '/home/waseem/ros2_ws/install/robotic_hand_bringup/share/robotic_hand_bringup/package.bash'
[0.451s] INFO:colcon.colcon_core.shell:Creating package script '/home/waseem/ros2_ws/install/robotic_hand_bringup/share/robotic_hand_bringup/package.zsh'
[0.451s] Level 1:colcon.colcon_core.environment:create_file_with_runtime_dependencies(/home/waseem/ros2_ws/install/robotic_hand_bringup/share/colcon-core/packages/robotic_hand_bringup)
[0.452s] DEBUG:colcon.colcon_parallel_executor.executor.parallel:closing loop
[0.452s] DEBUG:colcon.colcon_parallel_executor.executor.parallel:loop closed
[0.452s] DEBUG:colcon.colcon_parallel_executor.executor.parallel:run_until_complete finished with '0'
[0.452s] DEBUG:colcon.colcon_core.event_reactor:joining thread
[0.459s] INFO:colcon.colcon_core.plugin_system:Skipping extension 'colcon_notification.desktop_notification.terminal_notifier': Not used on non-Darwin systems
[0.459s] INFO:colcon.colcon_core.plugin_system:Skipping extension 'colcon_notification.desktop_notification.win32': Not used on non-Windows systems
[0.459s] INFO:colcon.colcon_notification.desktop_notification:Sending desktop notification using 'notify2'
[0.473s] DEBUG:colcon.colcon_core.event_reactor:joined thread
[0.473s] INFO:colcon.colcon_core.shell:Creating prefix script '/home/waseem/ros2_ws/install/local_setup.ps1'
[0.475s] INFO:colcon.colcon_core.shell:Creating prefix util module '/home/waseem/ros2_ws/install/_local_setup_util_ps1.py'
[0.477s] INFO:colcon.colcon_core.shell:Creating prefix chain script '/home/waseem/ros2_ws/install/setup.ps1'
[0.479s] INFO:colcon.colcon_core.shell:Creating prefix script '/home/waseem/ros2_ws/install/local_setup.sh'
[0.480s] INFO:colcon.colcon_core.shell:Creating prefix util module '/home/waseem/ros2_ws/install/_local_setup_util_sh.py'
[0.481s] INFO:colcon.colcon_core.shell:Creating prefix chain script '/home/waseem/ros2_ws/install/setup.sh'
[0.482s] INFO:colcon.colcon_core.shell:Creating prefix script '/home/waseem/ros2_ws/install/local_setup.bash'
[0.483s] INFO:colcon.colcon_core.shell:Creating prefix chain script '/home/waseem/ros2_ws/install/setup.bash'
[0.484s] INFO:colcon.colcon_core.shell:Creating prefix script '/home/waseem/ros2_ws/install/local_setup.zsh'
[0.485s] INFO:colcon.colcon_core.shell:Creating prefix chain script '/home/waseem/ros2_ws/install/setup.zsh'
