[0.006s] Invoking command in '/home/waseem/ros2_ws/build/robotic_hand_description': CMAKE_PREFIX_PATH=${CMAKE_PREFIX_PATH}:/opt/ros/humble /usr/bin/cmake /home/waseem/ros2_ws/src/robotic_hand_description -DAMENT_CMAKE_SYMLINK_INSTALL=1 -DCMAKE_INSTALL_PREFIX=/home/waseem/ros2_ws/install/robotic_hand_description
[0.017s] -- Found ament_cmake: 1.3.10 (/opt/ros/humble/share/ament_cmake/cmake)
[0.083s] -- Override CMake install command with custom implementation using symlinks instead of copying resources
[0.122s] -- Configuring done
[0.123s] -- Generating done
[0.123s] -- Build files have been written to: /home/waseem/ros2_ws/build/robotic_hand_description
[0.125s] Invoked command in '/home/waseem/ros2_ws/build/robotic_hand_description' returned '0': CMAKE_PREFIX_PATH=${CMAKE_PREFIX_PATH}:/opt/ros/humble /usr/bin/cmake /home/waseem/ros2_ws/src/robotic_hand_description -DAMENT_CMAKE_SYMLINK_INSTALL=1 -DCMAKE_INSTALL_PREFIX=/home/waseem/ros2_ws/install/robotic_hand_description
[0.126s] Invoking command in '/home/waseem/ros2_ws/build/robotic_hand_description': CMAKE_PREFIX_PATH=${CMAKE_PREFIX_PATH}:/opt/ros/humble /usr/bin/cmake --build /home/waseem/ros2_ws/build/robotic_hand_description -- -j12 -l12
[0.157s] Invoked command in '/home/waseem/ros2_ws/build/robotic_hand_description' returned '0': CMAKE_PREFIX_PATH=${CMAKE_PREFIX_PATH}:/opt/ros/humble /usr/bin/cmake --build /home/waseem/ros2_ws/build/robotic_hand_description -- -j12 -l12
[0.195s] Invoking command in '/home/waseem/ros2_ws/build/robotic_hand_description': CMAKE_PREFIX_PATH=${CMAKE_PREFIX_PATH}:/opt/ros/humble /usr/bin/cmake --install /home/waseem/ros2_ws/build/robotic_hand_description
[0.203s] -- Install configuration: ""
[0.204s] -- Execute custom install script
[0.204s] -- Up-to-date symlink: /home/waseem/ros2_ws/install/robotic_hand_description/share/robotic_hand_description//urdf/color_gazebo.xacro
[0.204s] -- Up-to-date symlink: /home/waseem/ros2_ws/install/robotic_hand_description/share/robotic_hand_description//urdf/robotic_hand.urdf.xacro
[0.205s] -- Up-to-date symlink: /home/waseem/ros2_ws/install/robotic_hand_description/share/robotic_hand_description//launch/display.launch.xml
[0.205s] -- Up-to-date symlink: /home/waseem/ros2_ws/install/robotic_hand_description/share/robotic_hand_description//rviz/urdf_config.rviz
[0.205s] -- Up-to-date symlink: /home/waseem/ros2_ws/install/robotic_hand_description/share/ament_index/resource_index/package_run_dependencies/robotic_hand_description
[0.205s] -- Up-to-date symlink: /home/waseem/ros2_ws/install/robotic_hand_description/share/ament_index/resource_index/parent_prefix_path/robotic_hand_description
[0.205s] -- Up-to-date symlink: /home/waseem/ros2_ws/install/robotic_hand_description/share/robotic_hand_description/environment/ament_prefix_path.sh
[0.205s] -- Up-to-date symlink: /home/waseem/ros2_ws/install/robotic_hand_description/share/robotic_hand_description/environment/ament_prefix_path.dsv
[0.205s] -- Up-to-date symlink: /home/waseem/ros2_ws/install/robotic_hand_description/share/robotic_hand_description/environment/path.sh
[0.205s] -- Up-to-date symlink: /home/waseem/ros2_ws/install/robotic_hand_description/share/robotic_hand_description/environment/path.dsv
[0.205s] -- Up-to-date symlink: /home/waseem/ros2_ws/install/robotic_hand_description/share/robotic_hand_description/local_setup.bash
[0.205s] -- Up-to-date symlink: /home/waseem/ros2_ws/install/robotic_hand_description/share/robotic_hand_description/local_setup.sh
[0.205s] -- Up-to-date symlink: /home/waseem/ros2_ws/install/robotic_hand_description/share/robotic_hand_description/local_setup.zsh
[0.205s] -- Up-to-date symlink: /home/waseem/ros2_ws/install/robotic_hand_description/share/robotic_hand_description/local_setup.dsv
[0.205s] -- Symlinking: /home/waseem/ros2_ws/install/robotic_hand_description/share/robotic_hand_description/package.dsv
[0.215s] -- Up-to-date symlink: /home/waseem/ros2_ws/install/robotic_hand_description/share/ament_index/resource_index/packages/robotic_hand_description
[0.215s] -- Up-to-date symlink: /home/waseem/ros2_ws/install/robotic_hand_description/share/robotic_hand_description/cmake/robotic_hand_descriptionConfig.cmake
[0.215s] -- Up-to-date symlink: /home/waseem/ros2_ws/install/robotic_hand_description/share/robotic_hand_description/cmake/robotic_hand_descriptionConfig-version.cmake
[0.215s] -- Up-to-date symlink: /home/waseem/ros2_ws/install/robotic_hand_description/share/robotic_hand_description/package.xml
[0.217s] Invoked command in '/home/waseem/ros2_ws/build/robotic_hand_description' returned '0': CMAKE_PREFIX_PATH=${CMAKE_PREFIX_PATH}:/opt/ros/humble /usr/bin/cmake --install /home/waseem/ros2_ws/build/robotic_hand_description
