[0.010s] Invoking command in '/home/waseem/ros2_ws/build/robotic_hand_bringup': CMAKE_PREFIX_PATH=${CMAKE_PREFIX_PATH}:/opt/ros/humble /usr/bin/cmake /home/waseem/ros2_ws/src/robotic_hand_bringup -DAMENT_CMAKE_SYMLINK_INSTALL=1 -DCMAKE_INSTALL_PREFIX=/home/waseem/ros2_ws/install/robotic_hand_bringup
[0.148s] -- The C compiler identification is GNU 11.4.0
[0.264s] -- The CXX compiler identification is GNU 11.4.0
[0.274s] -- Detecting C compiler ABI info
[0.372s] -- Detecting C compiler ABI info - done
[0.384s] -- Check for working C compiler: /usr/bin/cc - skipped
[0.385s] -- Detecting C compile features
[0.386s] -- Detecting C compile features - done
[0.391s] -- Detecting CXX compiler ABI info
[0.496s] -- Detecting CXX compiler ABI info - done
[0.509s] -- Check for working CXX compiler: /usr/bin/c++ - skipped
[0.509s] -- Detecting CXX compile features
[0.510s] -- Detecting CXX compile features - done
[0.514s] -- Found ament_cmake: 1.3.10 (/opt/ros/humble/share/ament_cmake/cmake)
[0.713s] -- Found Python3: /usr/bin/python3 (found version "3.10.12") found components: Interpreter 
[0.784s] -- Override CMake install command with custom implementation using symlinks instead of copying resources
[0.898s] -- Configuring done
[0.900s] -- Generating done
[0.901s] -- Build files have been written to: /home/waseem/ros2_ws/build/robotic_hand_bringup
[0.907s] Invoked command in '/home/waseem/ros2_ws/build/robotic_hand_bringup' returned '0': CMAKE_PREFIX_PATH=${CMAKE_PREFIX_PATH}:/opt/ros/humble /usr/bin/cmake /home/waseem/ros2_ws/src/robotic_hand_bringup -DAMENT_CMAKE_SYMLINK_INSTALL=1 -DCMAKE_INSTALL_PREFIX=/home/waseem/ros2_ws/install/robotic_hand_bringup
[0.909s] Invoking command in '/home/waseem/ros2_ws/build/robotic_hand_bringup': CMAKE_PREFIX_PATH=${CMAKE_PREFIX_PATH}:/opt/ros/humble /usr/bin/cmake --build /home/waseem/ros2_ws/build/robotic_hand_bringup -- -j12 -l12
[0.959s] Invoked command in '/home/waseem/ros2_ws/build/robotic_hand_bringup' returned '0': CMAKE_PREFIX_PATH=${CMAKE_PREFIX_PATH}:/opt/ros/humble /usr/bin/cmake --build /home/waseem/ros2_ws/build/robotic_hand_bringup -- -j12 -l12
[0.992s] Invoking command in '/home/waseem/ros2_ws/build/robotic_hand_bringup': CMAKE_PREFIX_PATH=${CMAKE_PREFIX_PATH}:/opt/ros/humble /usr/bin/cmake --install /home/waseem/ros2_ws/build/robotic_hand_bringup
[1.004s] -- Install configuration: ""
[1.004s] -- Execute custom install script
[1.005s] -- Symlinking: /home/waseem/ros2_ws/install/robotic_hand_bringup/share/robotic_hand_bringup//launch/robotic_hand_gazebo.launch.xml
[1.016s] -- Symlinking: /home/waseem/ros2_ws/install/robotic_hand_bringup/share/ament_index/resource_index/package_run_dependencies/robotic_hand_bringup
[1.028s] -- Symlinking: /home/waseem/ros2_ws/install/robotic_hand_bringup/share/ament_index/resource_index/parent_prefix_path/robotic_hand_bringup
[1.040s] -- Symlinking: /home/waseem/ros2_ws/install/robotic_hand_bringup/share/robotic_hand_bringup/environment/ament_prefix_path.sh
[1.051s] -- Symlinking: /home/waseem/ros2_ws/install/robotic_hand_bringup/share/robotic_hand_bringup/environment/ament_prefix_path.dsv
[1.061s] -- Symlinking: /home/waseem/ros2_ws/install/robotic_hand_bringup/share/robotic_hand_bringup/environment/path.sh
[1.071s] -- Symlinking: /home/waseem/ros2_ws/install/robotic_hand_bringup/share/robotic_hand_bringup/environment/path.dsv
[1.081s] -- Symlinking: /home/waseem/ros2_ws/install/robotic_hand_bringup/share/robotic_hand_bringup/local_setup.bash
[1.093s] -- Symlinking: /home/waseem/ros2_ws/install/robotic_hand_bringup/share/robotic_hand_bringup/local_setup.sh
[1.106s] -- Symlinking: /home/waseem/ros2_ws/install/robotic_hand_bringup/share/robotic_hand_bringup/local_setup.zsh
[1.118s] -- Symlinking: /home/waseem/ros2_ws/install/robotic_hand_bringup/share/robotic_hand_bringup/local_setup.dsv
[1.129s] -- Symlinking: /home/waseem/ros2_ws/install/robotic_hand_bringup/share/robotic_hand_bringup/package.dsv
[1.140s] -- Symlinking: /home/waseem/ros2_ws/install/robotic_hand_bringup/share/ament_index/resource_index/packages/robotic_hand_bringup
[1.150s] -- Symlinking: /home/waseem/ros2_ws/install/robotic_hand_bringup/share/robotic_hand_bringup/cmake/robotic_hand_bringupConfig.cmake
[1.160s] -- Symlinking: /home/waseem/ros2_ws/install/robotic_hand_bringup/share/robotic_hand_bringup/cmake/robotic_hand_bringupConfig-version.cmake
[1.172s] -- Symlinking: /home/waseem/ros2_ws/install/robotic_hand_bringup/share/robotic_hand_bringup/package.xml
[1.186s] Invoked command in '/home/waseem/ros2_ws/build/robotic_hand_bringup' returned '0': CMAKE_PREFIX_PATH=${CMAKE_PREFIX_PATH}:/opt/ros/humble /usr/bin/cmake --install /home/waseem/ros2_ws/build/robotic_hand_bringup
