[0.175s] DEBUG:colcon:Command line arguments: ['/usr/bin/colcon', 'build']
[0.175s] DEBUG:colcon:Parsed command line arguments: Namespace(log_base=None, log_level=None, verb_name='build', build_base='build', install_base='install', merge_install=False, symlink_install=False, test_result_base=None, continue_on_error=False, executor='parallel', parallel_workers=8, event_handlers=None, ignore_user_meta=False, metas=['./colcon.meta'], base_paths=['.'], packages_ignore=None, packages_ignore_regex=None, paths=None, packages_up_to=None, packages_up_to_regex=None, packages_above=None, packages_above_and_dependencies=None, packages_above_depth=None, packages_select_by_dep=None, packages_skip_by_dep=None, packages_skip_up_to=None, packages_select_build_failed=False, packages_skip_build_finished=False, packages_select_test_failures=False, packages_skip_test_passed=False, packages_select=None, packages_skip=None, packages_select_regex=None, packages_skip_regex=None, packages_start=None, packages_end=None, allow_overriding=[], cmake_args=None, cmake_target=None, cmake_target_skip_unavailable=False, cmake_clean_cache=False, cmake_clean_first=False, cmake_force_configure=False, ament_cmake_args=None, catkin_cmake_args=None, catkin_skip_building_tests=False, mixin_files=None, mixin=None, verb_parser=<colcon_mixin.mixin.mixin_argument.MixinArgumentDecorator object at 0x7564d9457a60>, verb_extension=<colcon_core.verb.build.BuildVerb object at 0x7564d9456830>, main=<bound method BuildVerb.main of <colcon_core.verb.build.BuildVerb object at 0x7564d9456830>>, mixin_verb=('build',))
[0.216s] Level 1:colcon.colcon_core.package_discovery:discover_packages(colcon_meta) check parameters
[0.216s] Level 1:colcon.colcon_core.package_discovery:discover_packages(recursive) check parameters
[0.216s] Level 1:colcon.colcon_core.package_discovery:discover_packages(ignore) check parameters
[0.216s] Level 1:colcon.colcon_core.package_discovery:discover_packages(path) check parameters
[0.216s] Level 1:colcon.colcon_core.package_discovery:discover_packages(colcon_meta) discover
[0.216s] Level 1:colcon.colcon_core.package_discovery:discover_packages(recursive) discover
[0.216s] INFO:colcon.colcon_core.package_discovery:Crawling recursively for packages in '/home/darkdev/Mechanical_Arm_Gazebo'
[0.216s] Level 1:colcon.colcon_core.package_identification:_identify(.) by extensions ['ignore', 'ignore_ament_install']
[0.216s] Level 1:colcon.colcon_core.package_identification:_identify(.) by extension 'ignore'
[0.216s] Level 1:colcon.colcon_core.package_identification:_identify(.) by extension 'ignore_ament_install'
[0.216s] Level 1:colcon.colcon_core.package_identification:_identify(.) by extensions ['colcon_pkg']
[0.216s] Level 1:colcon.colcon_core.package_identification:_identify(.) by extension 'colcon_pkg'
[0.216s] Level 1:colcon.colcon_core.package_identification:_identify(.) by extensions ['colcon_meta']
[0.216s] Level 1:colcon.colcon_core.package_identification:_identify(.) by extension 'colcon_meta'
[0.216s] Level 1:colcon.colcon_core.package_identification:_identify(.) by extensions ['ros']
[0.216s] Level 1:colcon.colcon_core.package_identification:_identify(.) by extension 'ros'
[0.232s] Level 1:colcon.colcon_core.package_identification:_identify(.) by extensions ['cmake', 'python']
[0.232s] Level 1:colcon.colcon_core.package_identification:_identify(.) by extension 'cmake'
[0.232s] Level 1:colcon.colcon_core.package_identification:_identify(.) by extension 'python'
[0.232s] Level 1:colcon.colcon_core.package_identification:_identify(.) by extensions ['python_setup_py']
[0.233s] Level 1:colcon.colcon_core.package_identification:_identify(.) by extension 'python_setup_py'
[0.233s] Level 1:colcon.colcon_core.package_identification:_identify(build) by extensions ['ignore', 'ignore_ament_install']
[0.233s] Level 1:colcon.colcon_core.package_identification:_identify(build) by extension 'ignore'
[0.233s] Level 1:colcon.colcon_core.package_identification:_identify(build) ignored
[0.233s] Level 1:colcon.colcon_core.package_identification:_identify(install) by extensions ['ignore', 'ignore_ament_install']
[0.233s] Level 1:colcon.colcon_core.package_identification:_identify(install) by extension 'ignore'
[0.233s] Level 1:colcon.colcon_core.package_identification:_identify(install) ignored
[0.233s] Level 1:colcon.colcon_core.package_identification:_identify(log) by extensions ['ignore', 'ignore_ament_install']
[0.233s] Level 1:colcon.colcon_core.package_identification:_identify(log) by extension 'ignore'
[0.233s] Level 1:colcon.colcon_core.package_identification:_identify(log) ignored
[0.233s] Level 1:colcon.colcon_core.package_identification:_identify(src) by extensions ['ignore', 'ignore_ament_install']
[0.234s] Level 1:colcon.colcon_core.package_identification:_identify(src) by extension 'ignore'
[0.234s] Level 1:colcon.colcon_core.package_identification:_identify(src) by extension 'ignore_ament_install'
[0.234s] Level 1:colcon.colcon_core.package_identification:_identify(src) by extensions ['colcon_pkg']
[0.234s] Level 1:colcon.colcon_core.package_identification:_identify(src) by extension 'colcon_pkg'
[0.234s] Level 1:colcon.colcon_core.package_identification:_identify(src) by extensions ['colcon_meta']
[0.234s] Level 1:colcon.colcon_core.package_identification:_identify(src) by extension 'colcon_meta'
[0.234s] Level 1:colcon.colcon_core.package_identification:_identify(src) by extensions ['ros']
[0.234s] Level 1:colcon.colcon_core.package_identification:_identify(src) by extension 'ros'
[0.234s] Level 1:colcon.colcon_core.package_identification:_identify(src) by extensions ['cmake', 'python']
[0.234s] Level 1:colcon.colcon_core.package_identification:_identify(src) by extension 'cmake'
[0.234s] Level 1:colcon.colcon_core.package_identification:_identify(src) by extension 'python'
[0.234s] Level 1:colcon.colcon_core.package_identification:_identify(src) by extensions ['python_setup_py']
[0.234s] Level 1:colcon.colcon_core.package_identification:_identify(src) by extension 'python_setup_py'
[0.234s] Level 1:colcon.colcon_core.package_identification:_identify(src/esp_serial) by extensions ['ignore', 'ignore_ament_install']
[0.235s] Level 1:colcon.colcon_core.package_identification:_identify(src/esp_serial) by extension 'ignore'
[0.235s] Level 1:colcon.colcon_core.package_identification:_identify(src/esp_serial) by extension 'ignore_ament_install'
[0.235s] Level 1:colcon.colcon_core.package_identification:_identify(src/esp_serial) by extensions ['colcon_pkg']
[0.235s] Level 1:colcon.colcon_core.package_identification:_identify(src/esp_serial) by extension 'colcon_pkg'
[0.235s] Level 1:colcon.colcon_core.package_identification:_identify(src/esp_serial) by extensions ['colcon_meta']
[0.235s] Level 1:colcon.colcon_core.package_identification:_identify(src/esp_serial) by extension 'colcon_meta'
[0.235s] Level 1:colcon.colcon_core.package_identification:_identify(src/esp_serial) by extensions ['ros']
[0.235s] Level 1:colcon.colcon_core.package_identification:_identify(src/esp_serial) by extension 'ros'
[0.238s] DEBUG:colcon.colcon_core.package_identification:Package 'src/esp_serial' with type 'ros.ament_python' and name 'esp_serial'
[0.238s] Level 1:colcon.colcon_core.package_identification:_identify(src/robotic_hand_bringup) by extensions ['ignore', 'ignore_ament_install']
[0.238s] Level 1:colcon.colcon_core.package_identification:_identify(src/robotic_hand_bringup) by extension 'ignore'
[0.238s] Level 1:colcon.colcon_core.package_identification:_identify(src/robotic_hand_bringup) by extension 'ignore_ament_install'
[0.238s] Level 1:colcon.colcon_core.package_identification:_identify(src/robotic_hand_bringup) by extensions ['colcon_pkg']
[0.238s] Level 1:colcon.colcon_core.package_identification:_identify(src/robotic_hand_bringup) by extension 'colcon_pkg'
[0.238s] Level 1:colcon.colcon_core.package_identification:_identify(src/robotic_hand_bringup) by extensions ['colcon_meta']
[0.238s] Level 1:colcon.colcon_core.package_identification:_identify(src/robotic_hand_bringup) by extension 'colcon_meta'
[0.238s] Level 1:colcon.colcon_core.package_identification:_identify(src/robotic_hand_bringup) by extensions ['ros']
[0.238s] Level 1:colcon.colcon_core.package_identification:_identify(src/robotic_hand_bringup) by extension 'ros'
[0.239s] DEBUG:colcon.colcon_core.package_identification:Package 'src/robotic_hand_bringup' with type 'ros.ament_cmake' and name 'robotic_hand_bringup'
[0.239s] Level 1:colcon.colcon_core.package_identification:_identify(src/robotic_hand_description) by extensions ['ignore', 'ignore_ament_install']
[0.240s] Level 1:colcon.colcon_core.package_identification:_identify(src/robotic_hand_description) by extension 'ignore'
[0.240s] Level 1:colcon.colcon_core.package_identification:_identify(src/robotic_hand_description) by extension 'ignore_ament_install'
[0.240s] Level 1:colcon.colcon_core.package_identification:_identify(src/robotic_hand_description) by extensions ['colcon_pkg']
[0.240s] Level 1:colcon.colcon_core.package_identification:_identify(src/robotic_hand_description) by extension 'colcon_pkg'
[0.240s] Level 1:colcon.colcon_core.package_identification:_identify(src/robotic_hand_description) by extensions ['colcon_meta']
[0.240s] Level 1:colcon.colcon_core.package_identification:_identify(src/robotic_hand_description) by extension 'colcon_meta'
[0.240s] Level 1:colcon.colcon_core.package_identification:_identify(src/robotic_hand_description) by extensions ['ros']
[0.240s] Level 1:colcon.colcon_core.package_identification:_identify(src/robotic_hand_description) by extension 'ros'
[0.242s] DEBUG:colcon.colcon_core.package_identification:Package 'src/robotic_hand_description' with type 'ros.ament_cmake' and name 'robotic_hand_description'
[0.242s] Level 1:colcon.colcon_core.package_discovery:discover_packages(recursive) using defaults
[0.242s] Level 1:colcon.colcon_core.package_discovery:discover_packages(ignore) discover
[0.242s] Level 1:colcon.colcon_core.package_discovery:discover_packages(ignore) using defaults
[0.242s] Level 1:colcon.colcon_core.package_discovery:discover_packages(path) discover
[0.242s] Level 1:colcon.colcon_core.package_discovery:discover_packages(path) using defaults
[0.265s] Level 1:colcon.colcon_core.package_discovery:discover_packages(prefix_path) check parameters
[0.265s] Level 1:colcon.colcon_core.package_discovery:discover_packages(prefix_path) discover
[0.267s] DEBUG:colcon.colcon_installed_package_information.package_discovery:Found 3 installed packages in /home/darkdev/ROS_Workspaces/FYDP_HARP/install
[0.267s] DEBUG:colcon.colcon_installed_package_information.package_discovery:Found 0 installed packages in /home/darkdev/ros2_testspace/install
[0.268s] DEBUG:colcon.colcon_installed_package_information.package_discovery:Found 3 installed packages in /home/darkdev/Mechanical_Arm_Gazebo/install
[0.269s] DEBUG:colcon.colcon_installed_package_information.package_discovery:Found 301 installed packages in /opt/ros/humble
[0.271s] Level 1:colcon.colcon_core.package_discovery:discover_packages(prefix_path) using defaults
[0.316s] Level 5:colcon.colcon_core.verb:set package 'esp_serial' build argument 'cmake_args' from command line to 'None'
[0.316s] Level 5:colcon.colcon_core.verb:set package 'esp_serial' build argument 'cmake_target' from command line to 'None'
[0.316s] Level 5:colcon.colcon_core.verb:set package 'esp_serial' build argument 'cmake_target_skip_unavailable' from command line to 'False'
[0.316s] Level 5:colcon.colcon_core.verb:set package 'esp_serial' build argument 'cmake_clean_cache' from command line to 'False'
[0.316s] Level 5:colcon.colcon_core.verb:set package 'esp_serial' build argument 'cmake_clean_first' from command line to 'False'
[0.316s] Level 5:colcon.colcon_core.verb:set package 'esp_serial' build argument 'cmake_force_configure' from command line to 'False'
[0.316s] Level 5:colcon.colcon_core.verb:set package 'esp_serial' build argument 'ament_cmake_args' from command line to 'None'
[0.316s] Level 5:colcon.colcon_core.verb:set package 'esp_serial' build argument 'catkin_cmake_args' from command line to 'None'
[0.316s] Level 5:colcon.colcon_core.verb:set package 'esp_serial' build argument 'catkin_skip_building_tests' from command line to 'False'
[0.316s] DEBUG:colcon.colcon_core.verb:Building package 'esp_serial' with the following arguments: {'ament_cmake_args': None, 'build_base': '/home/darkdev/Mechanical_Arm_Gazebo/build/esp_serial', 'catkin_cmake_args': None, 'catkin_skip_building_tests': False, 'cmake_args': None, 'cmake_clean_cache': False, 'cmake_clean_first': False, 'cmake_force_configure': False, 'cmake_target': None, 'cmake_target_skip_unavailable': False, 'install_base': '/home/darkdev/Mechanical_Arm_Gazebo/install/esp_serial', 'merge_install': False, 'path': '/home/darkdev/Mechanical_Arm_Gazebo/src/esp_serial', 'symlink_install': False, 'test_result_base': None}
[0.317s] Level 5:colcon.colcon_core.verb:set package 'robotic_hand_description' build argument 'cmake_args' from command line to 'None'
[0.317s] Level 5:colcon.colcon_core.verb:set package 'robotic_hand_description' build argument 'cmake_target' from command line to 'None'
[0.317s] Level 5:colcon.colcon_core.verb:set package 'robotic_hand_description' build argument 'cmake_target_skip_unavailable' from command line to 'False'
[0.317s] Level 5:colcon.colcon_core.verb:set package 'robotic_hand_description' build argument 'cmake_clean_cache' from command line to 'False'
[0.317s] Level 5:colcon.colcon_core.verb:set package 'robotic_hand_description' build argument 'cmake_clean_first' from command line to 'False'
[0.317s] Level 5:colcon.colcon_core.verb:set package 'robotic_hand_description' build argument 'cmake_force_configure' from command line to 'False'
[0.317s] Level 5:colcon.colcon_core.verb:set package 'robotic_hand_description' build argument 'ament_cmake_args' from command line to 'None'
[0.317s] Level 5:colcon.colcon_core.verb:set package 'robotic_hand_description' build argument 'catkin_cmake_args' from command line to 'None'
[0.317s] Level 5:colcon.colcon_core.verb:set package 'robotic_hand_description' build argument 'catkin_skip_building_tests' from command line to 'False'
[0.317s] DEBUG:colcon.colcon_core.verb:Building package 'robotic_hand_description' with the following arguments: {'ament_cmake_args': None, 'build_base': '/home/darkdev/Mechanical_Arm_Gazebo/build/robotic_hand_description', 'catkin_cmake_args': None, 'catkin_skip_building_tests': False, 'cmake_args': None, 'cmake_clean_cache': False, 'cmake_clean_first': False, 'cmake_force_configure': False, 'cmake_target': None, 'cmake_target_skip_unavailable': False, 'install_base': '/home/darkdev/Mechanical_Arm_Gazebo/install/robotic_hand_description', 'merge_install': False, 'path': '/home/darkdev/Mechanical_Arm_Gazebo/src/robotic_hand_description', 'symlink_install': False, 'test_result_base': None}
[0.317s] Level 5:colcon.colcon_core.verb:set package 'robotic_hand_bringup' build argument 'cmake_args' from command line to 'None'
[0.317s] Level 5:colcon.colcon_core.verb:set package 'robotic_hand_bringup' build argument 'cmake_target' from command line to 'None'
[0.317s] Level 5:colcon.colcon_core.verb:set package 'robotic_hand_bringup' build argument 'cmake_target_skip_unavailable' from command line to 'False'
[0.317s] Level 5:colcon.colcon_core.verb:set package 'robotic_hand_bringup' build argument 'cmake_clean_cache' from command line to 'False'
[0.317s] Level 5:colcon.colcon_core.verb:set package 'robotic_hand_bringup' build argument 'cmake_clean_first' from command line to 'False'
[0.317s] Level 5:colcon.colcon_core.verb:set package 'robotic_hand_bringup' build argument 'cmake_force_configure' from command line to 'False'
[0.317s] Level 5:colcon.colcon_core.verb:set package 'robotic_hand_bringup' build argument 'ament_cmake_args' from command line to 'None'
[0.317s] Level 5:colcon.colcon_core.verb:set package 'robotic_hand_bringup' build argument 'catkin_cmake_args' from command line to 'None'
[0.318s] Level 5:colcon.colcon_core.verb:set package 'robotic_hand_bringup' build argument 'catkin_skip_building_tests' from command line to 'False'
[0.318s] DEBUG:colcon.colcon_core.verb:Building package 'robotic_hand_bringup' with the following arguments: {'ament_cmake_args': None, 'build_base': '/home/darkdev/Mechanical_Arm_Gazebo/build/robotic_hand_bringup', 'catkin_cmake_args': None, 'catkin_skip_building_tests': False, 'cmake_args': None, 'cmake_clean_cache': False, 'cmake_clean_first': False, 'cmake_force_configure': False, 'cmake_target': None, 'cmake_target_skip_unavailable': False, 'install_base': '/home/darkdev/Mechanical_Arm_Gazebo/install/robotic_hand_bringup', 'merge_install': False, 'path': '/home/darkdev/Mechanical_Arm_Gazebo/src/robotic_hand_bringup', 'symlink_install': False, 'test_result_base': None}
[0.318s] INFO:colcon.colcon_core.executor:Executing jobs using 'parallel' executor
[0.319s] DEBUG:colcon.colcon_parallel_executor.executor.parallel:run_until_complete
[0.319s] INFO:colcon.colcon_ros.task.ament_cmake.build:Building ROS package in '/home/darkdev/Mechanical_Arm_Gazebo/src/robotic_hand_description' with build type 'ament_cmake'
[0.319s] INFO:colcon.colcon_cmake.task.cmake.build:Building CMake package in '/home/darkdev/Mechanical_Arm_Gazebo/src/robotic_hand_description'
[0.322s] INFO:colcon.colcon_core.plugin_system:Skipping extension 'colcon_core.shell.bat': Not used on non-Windows systems
[0.322s] INFO:colcon.colcon_core.shell:Skip shell extension 'powershell' for command environment: Not usable outside of PowerShell
[0.322s] DEBUG:colcon.colcon_core.shell:Skip shell extension 'dsv' for command environment
[0.327s] INFO:colcon.colcon_ros.task.ament_python.build:Building ROS package in '/home/darkdev/Mechanical_Arm_Gazebo/src/esp_serial' with build type 'ament_python'
[0.327s] Level 1:colcon.colcon_core.shell:create_environment_hook('esp_serial', 'ament_prefix_path')
[0.328s] INFO:colcon.colcon_core.shell:Creating environment hook '/home/darkdev/Mechanical_Arm_Gazebo/install/esp_serial/share/esp_serial/hook/ament_prefix_path.ps1'
[0.329s] INFO:colcon.colcon_core.shell:Creating environment descriptor '/home/darkdev/Mechanical_Arm_Gazebo/install/esp_serial/share/esp_serial/hook/ament_prefix_path.dsv'
[0.330s] INFO:colcon.colcon_core.shell:Creating environment hook '/home/darkdev/Mechanical_Arm_Gazebo/install/esp_serial/share/esp_serial/hook/ament_prefix_path.sh'
[0.331s] INFO:colcon.colcon_core.shell:Skip shell extension 'powershell' for command environment: Not usable outside of PowerShell
[0.331s] DEBUG:colcon.colcon_core.shell:Skip shell extension 'dsv' for command environment
[0.350s] DEBUG:colcon.colcon_core.event_handler.log_command:Invoking command in '/home/darkdev/Mechanical_Arm_Gazebo/build/robotic_hand_description': CMAKE_PREFIX_PATH=${CMAKE_PREFIX_PATH}:/home/darkdev/Mechanical_Arm_Gazebo/install/esp_serial:/home/darkdev/ROS_Workspaces/FYDP_HARP/install/vision_module:/home/darkdev/ROS_Workspaces/FYDP_HARP/install/neck_module:/home/darkdev/ROS_Workspaces/FYDP_HARP/install/face_animations:/opt/ros/humble /usr/bin/cmake --build /home/darkdev/Mechanical_Arm_Gazebo/build/robotic_hand_description -- -j8 -l8
[0.813s] INFO:colcon.colcon_core.task.python.build:Building Python package in '/home/darkdev/Mechanical_Arm_Gazebo/src/esp_serial'
[0.814s] INFO:colcon.colcon_core.shell:Skip shell extension 'powershell' for command environment: Not usable outside of PowerShell
[0.814s] DEBUG:colcon.colcon_core.shell:Skip shell extension 'dsv' for command environment
[0.832s] DEBUG:colcon.colcon_core.event_handler.log_command:Invoked command in '/home/darkdev/Mechanical_Arm_Gazebo/build/robotic_hand_description' returned '0': CMAKE_PREFIX_PATH=${CMAKE_PREFIX_PATH}:/home/darkdev/Mechanical_Arm_Gazebo/install/esp_serial:/home/darkdev/ROS_Workspaces/FYDP_HARP/install/vision_module:/home/darkdev/ROS_Workspaces/FYDP_HARP/install/neck_module:/home/darkdev/ROS_Workspaces/FYDP_HARP/install/face_animations:/opt/ros/humble /usr/bin/cmake --build /home/darkdev/Mechanical_Arm_Gazebo/build/robotic_hand_description -- -j8 -l8
[0.851s] DEBUG:colcon.colcon_core.event_handler.log_command:Invoking command in '/home/darkdev/Mechanical_Arm_Gazebo/build/robotic_hand_description': CMAKE_PREFIX_PATH=${CMAKE_PREFIX_PATH}:/home/darkdev/Mechanical_Arm_Gazebo/install/esp_serial:/home/darkdev/ROS_Workspaces/FYDP_HARP/install/vision_module:/home/darkdev/ROS_Workspaces/FYDP_HARP/install/neck_module:/home/darkdev/ROS_Workspaces/FYDP_HARP/install/face_animations:/opt/ros/humble /usr/bin/cmake --install /home/darkdev/Mechanical_Arm_Gazebo/build/robotic_hand_description
[0.889s] Level 1:colcon.colcon_core.environment:create_environment_scripts_only(robotic_hand_description)
[0.894s] DEBUG:colcon.colcon_core.event_handler.log_command:Invoked command in '/home/darkdev/Mechanical_Arm_Gazebo/build/robotic_hand_description' returned '0': CMAKE_PREFIX_PATH=${CMAKE_PREFIX_PATH}:/home/darkdev/Mechanical_Arm_Gazebo/install/esp_serial:/home/darkdev/ROS_Workspaces/FYDP_HARP/install/vision_module:/home/darkdev/ROS_Workspaces/FYDP_HARP/install/neck_module:/home/darkdev/ROS_Workspaces/FYDP_HARP/install/face_animations:/opt/ros/humble /usr/bin/cmake --install /home/darkdev/Mechanical_Arm_Gazebo/build/robotic_hand_description
[0.896s] Level 1:colcon.colcon_core.environment:checking '/home/darkdev/Mechanical_Arm_Gazebo/install/robotic_hand_description' for CMake module files
[0.897s] Level 1:colcon.colcon_core.environment:checking '/home/darkdev/Mechanical_Arm_Gazebo/install/robotic_hand_description' for CMake config files
[0.899s] Level 1:colcon.colcon_core.shell:create_environment_hook('robotic_hand_description', 'cmake_prefix_path')
[0.899s] INFO:colcon.colcon_core.shell:Creating environment hook '/home/darkdev/Mechanical_Arm_Gazebo/install/robotic_hand_description/share/robotic_hand_description/hook/cmake_prefix_path.ps1'
[0.901s] INFO:colcon.colcon_core.shell:Creating environment descriptor '/home/darkdev/Mechanical_Arm_Gazebo/install/robotic_hand_description/share/robotic_hand_description/hook/cmake_prefix_path.dsv'
[0.902s] INFO:colcon.colcon_core.shell:Creating environment hook '/home/darkdev/Mechanical_Arm_Gazebo/install/robotic_hand_description/share/robotic_hand_description/hook/cmake_prefix_path.sh'
[0.904s] Level 1:colcon.colcon_core.environment:checking '/home/darkdev/Mechanical_Arm_Gazebo/install/robotic_hand_description/bin'
[0.904s] Level 1:colcon.colcon_core.environment:checking '/home/darkdev/Mechanical_Arm_Gazebo/install/robotic_hand_description/lib/pkgconfig/robotic_hand_description.pc'
[0.905s] Level 1:colcon.colcon_core.environment:checking '/home/darkdev/Mechanical_Arm_Gazebo/install/robotic_hand_description/lib/python3.10/site-packages'
[0.905s] Level 1:colcon.colcon_core.environment:checking '/home/darkdev/Mechanical_Arm_Gazebo/install/robotic_hand_description/bin'
[0.907s] INFO:colcon.colcon_core.shell:Creating package script '/home/darkdev/Mechanical_Arm_Gazebo/install/robotic_hand_description/share/robotic_hand_description/package.ps1'
[0.910s] INFO:colcon.colcon_core.shell:Creating package descriptor '/home/darkdev/Mechanical_Arm_Gazebo/install/robotic_hand_description/share/robotic_hand_description/package.dsv'
[0.911s] INFO:colcon.colcon_core.shell:Creating package script '/home/darkdev/Mechanical_Arm_Gazebo/install/robotic_hand_description/share/robotic_hand_description/package.sh'
[0.912s] INFO:colcon.colcon_core.shell:Creating package script '/home/darkdev/Mechanical_Arm_Gazebo/install/robotic_hand_description/share/robotic_hand_description/package.bash'
[0.916s] INFO:colcon.colcon_core.shell:Creating package script '/home/darkdev/Mechanical_Arm_Gazebo/install/robotic_hand_description/share/robotic_hand_description/package.zsh'
[0.918s] Level 1:colcon.colcon_core.environment:create_file_with_runtime_dependencies(/home/darkdev/Mechanical_Arm_Gazebo/install/robotic_hand_description/share/colcon-core/packages/robotic_hand_description)
[0.919s] Level 1:colcon.colcon_core.environment:create_environment_scripts_only(robotic_hand_description)
[0.919s] Level 1:colcon.colcon_core.environment:checking '/home/darkdev/Mechanical_Arm_Gazebo/install/robotic_hand_description' for CMake module files
[0.921s] Level 1:colcon.colcon_core.environment:checking '/home/darkdev/Mechanical_Arm_Gazebo/install/robotic_hand_description' for CMake config files
[0.921s] Level 1:colcon.colcon_core.shell:create_environment_hook('robotic_hand_description', 'cmake_prefix_path')
[0.922s] INFO:colcon.colcon_core.shell:Creating environment hook '/home/darkdev/Mechanical_Arm_Gazebo/install/robotic_hand_description/share/robotic_hand_description/hook/cmake_prefix_path.ps1'
[0.924s] INFO:colcon.colcon_core.shell:Creating environment descriptor '/home/darkdev/Mechanical_Arm_Gazebo/install/robotic_hand_description/share/robotic_hand_description/hook/cmake_prefix_path.dsv'
[0.925s] INFO:colcon.colcon_core.shell:Creating environment hook '/home/darkdev/Mechanical_Arm_Gazebo/install/robotic_hand_description/share/robotic_hand_description/hook/cmake_prefix_path.sh'
[0.926s] Level 1:colcon.colcon_core.environment:checking '/home/darkdev/Mechanical_Arm_Gazebo/install/robotic_hand_description/bin'
[0.926s] Level 1:colcon.colcon_core.environment:checking '/home/darkdev/Mechanical_Arm_Gazebo/install/robotic_hand_description/lib/pkgconfig/robotic_hand_description.pc'
[0.927s] Level 1:colcon.colcon_core.environment:checking '/home/darkdev/Mechanical_Arm_Gazebo/install/robotic_hand_description/lib/python3.10/site-packages'
[0.927s] Level 1:colcon.colcon_core.environment:checking '/home/darkdev/Mechanical_Arm_Gazebo/install/robotic_hand_description/bin'
[0.929s] INFO:colcon.colcon_core.shell:Creating package script '/home/darkdev/Mechanical_Arm_Gazebo/install/robotic_hand_description/share/robotic_hand_description/package.ps1'
[0.930s] INFO:colcon.colcon_core.shell:Creating package descriptor '/home/darkdev/Mechanical_Arm_Gazebo/install/robotic_hand_description/share/robotic_hand_description/package.dsv'
[0.931s] INFO:colcon.colcon_core.shell:Creating package script '/home/darkdev/Mechanical_Arm_Gazebo/install/robotic_hand_description/share/robotic_hand_description/package.sh'
[0.934s] INFO:colcon.colcon_core.shell:Creating package script '/home/darkdev/Mechanical_Arm_Gazebo/install/robotic_hand_description/share/robotic_hand_description/package.bash'
[0.935s] INFO:colcon.colcon_core.shell:Creating package script '/home/darkdev/Mechanical_Arm_Gazebo/install/robotic_hand_description/share/robotic_hand_description/package.zsh'
[0.935s] Level 1:colcon.colcon_core.environment:create_file_with_runtime_dependencies(/home/darkdev/Mechanical_Arm_Gazebo/install/robotic_hand_description/share/colcon-core/packages/robotic_hand_description)
[0.936s] INFO:colcon.colcon_ros.task.ament_cmake.build:Building ROS package in '/home/darkdev/Mechanical_Arm_Gazebo/src/robotic_hand_bringup' with build type 'ament_cmake'
[0.939s] INFO:colcon.colcon_cmake.task.cmake.build:Building CMake package in '/home/darkdev/Mechanical_Arm_Gazebo/src/robotic_hand_bringup'
[0.940s] INFO:colcon.colcon_core.shell:Skip shell extension 'powershell' for command environment: Not usable outside of PowerShell
[0.940s] DEBUG:colcon.colcon_core.shell:Skip shell extension 'dsv' for command environment
[0.961s] DEBUG:colcon.colcon_core.event_handler.log_command:Invoking command in '/home/darkdev/Mechanical_Arm_Gazebo/build/robotic_hand_bringup': CMAKE_PREFIX_PATH=/home/darkdev/Mechanical_Arm_Gazebo/install/robotic_hand_description:/home/darkdev/Mechanical_Arm_Gazebo/install/robotic_hand_bringup:/home/darkdev/Mechanical_Arm_Gazebo/install/esp_serial:/home/darkdev/ROS_Workspaces/FYDP_HARP/install/vision_module:/home/darkdev/ROS_Workspaces/FYDP_HARP/install/neck_module:/home/darkdev/ROS_Workspaces/FYDP_HARP/install/face_animations:/opt/ros/humble /usr/bin/cmake --build /home/darkdev/Mechanical_Arm_Gazebo/build/robotic_hand_bringup -- -j8 -l8
[1.034s] DEBUG:colcon.colcon_core.event_handler.log_command:Invoked command in '/home/darkdev/Mechanical_Arm_Gazebo/build/robotic_hand_bringup' returned '0': CMAKE_PREFIX_PATH=/home/darkdev/Mechanical_Arm_Gazebo/install/robotic_hand_description:/home/darkdev/Mechanical_Arm_Gazebo/install/robotic_hand_bringup:/home/darkdev/Mechanical_Arm_Gazebo/install/esp_serial:/home/darkdev/ROS_Workspaces/FYDP_HARP/install/vision_module:/home/darkdev/ROS_Workspaces/FYDP_HARP/install/neck_module:/home/darkdev/ROS_Workspaces/FYDP_HARP/install/face_animations:/opt/ros/humble /usr/bin/cmake --build /home/darkdev/Mechanical_Arm_Gazebo/build/robotic_hand_bringup -- -j8 -l8
[1.038s] DEBUG:colcon.colcon_core.event_handler.log_command:Invoking command in '/home/darkdev/Mechanical_Arm_Gazebo/build/robotic_hand_bringup': CMAKE_PREFIX_PATH=/home/darkdev/Mechanical_Arm_Gazebo/install/robotic_hand_description:/home/darkdev/Mechanical_Arm_Gazebo/install/robotic_hand_bringup:/home/darkdev/Mechanical_Arm_Gazebo/install/esp_serial:/home/darkdev/ROS_Workspaces/FYDP_HARP/install/vision_module:/home/darkdev/ROS_Workspaces/FYDP_HARP/install/neck_module:/home/darkdev/ROS_Workspaces/FYDP_HARP/install/face_animations:/opt/ros/humble /usr/bin/cmake --install /home/darkdev/Mechanical_Arm_Gazebo/build/robotic_hand_bringup
[1.065s] Level 1:colcon.colcon_core.environment:create_environment_scripts_only(robotic_hand_bringup)
[1.066s] Level 1:colcon.colcon_core.environment:checking '/home/darkdev/Mechanical_Arm_Gazebo/install/robotic_hand_bringup' for CMake module files
[1.066s] Level 1:colcon.colcon_core.environment:checking '/home/darkdev/Mechanical_Arm_Gazebo/install/robotic_hand_bringup' for CMake config files
[1.067s] Level 1:colcon.colcon_core.shell:create_environment_hook('robotic_hand_bringup', 'cmake_prefix_path')
[1.067s] INFO:colcon.colcon_core.shell:Creating environment hook '/home/darkdev/Mechanical_Arm_Gazebo/install/robotic_hand_bringup/share/robotic_hand_bringup/hook/cmake_prefix_path.ps1'
[1.068s] INFO:colcon.colcon_core.shell:Creating environment descriptor '/home/darkdev/Mechanical_Arm_Gazebo/install/robotic_hand_bringup/share/robotic_hand_bringup/hook/cmake_prefix_path.dsv'
[1.068s] INFO:colcon.colcon_core.shell:Creating environment hook '/home/darkdev/Mechanical_Arm_Gazebo/install/robotic_hand_bringup/share/robotic_hand_bringup/hook/cmake_prefix_path.sh'
[1.069s] DEBUG:colcon.colcon_core.event_handler.log_command:Invoked command in '/home/darkdev/Mechanical_Arm_Gazebo/build/robotic_hand_bringup' returned '0': CMAKE_PREFIX_PATH=/home/darkdev/Mechanical_Arm_Gazebo/install/robotic_hand_description:/home/darkdev/Mechanical_Arm_Gazebo/install/robotic_hand_bringup:/home/darkdev/Mechanical_Arm_Gazebo/install/esp_serial:/home/darkdev/ROS_Workspaces/FYDP_HARP/install/vision_module:/home/darkdev/ROS_Workspaces/FYDP_HARP/install/neck_module:/home/darkdev/ROS_Workspaces/FYDP_HARP/install/face_animations:/opt/ros/humble /usr/bin/cmake --install /home/darkdev/Mechanical_Arm_Gazebo/build/robotic_hand_bringup
[1.070s] Level 1:colcon.colcon_core.environment:checking '/home/darkdev/Mechanical_Arm_Gazebo/install/robotic_hand_bringup/bin'
[1.070s] Level 1:colcon.colcon_core.environment:checking '/home/darkdev/Mechanical_Arm_Gazebo/install/robotic_hand_bringup/lib/pkgconfig/robotic_hand_bringup.pc'
[1.070s] Level 1:colcon.colcon_core.environment:checking '/home/darkdev/Mechanical_Arm_Gazebo/install/robotic_hand_bringup/lib/python3.10/site-packages'
[1.070s] Level 1:colcon.colcon_core.environment:checking '/home/darkdev/Mechanical_Arm_Gazebo/install/robotic_hand_bringup/bin'
[1.071s] INFO:colcon.colcon_core.shell:Creating package script '/home/darkdev/Mechanical_Arm_Gazebo/install/robotic_hand_bringup/share/robotic_hand_bringup/package.ps1'
[1.071s] INFO:colcon.colcon_core.shell:Creating package descriptor '/home/darkdev/Mechanical_Arm_Gazebo/install/robotic_hand_bringup/share/robotic_hand_bringup/package.dsv'
[1.072s] INFO:colcon.colcon_core.shell:Creating package script '/home/darkdev/Mechanical_Arm_Gazebo/install/robotic_hand_bringup/share/robotic_hand_bringup/package.sh'
[1.072s] INFO:colcon.colcon_core.shell:Creating package script '/home/darkdev/Mechanical_Arm_Gazebo/install/robotic_hand_bringup/share/robotic_hand_bringup/package.bash'
[1.076s] INFO:colcon.colcon_core.shell:Creating package script '/home/darkdev/Mechanical_Arm_Gazebo/install/robotic_hand_bringup/share/robotic_hand_bringup/package.zsh'
[1.077s] Level 1:colcon.colcon_core.environment:create_file_with_runtime_dependencies(/home/darkdev/Mechanical_Arm_Gazebo/install/robotic_hand_bringup/share/colcon-core/packages/robotic_hand_bringup)
[1.077s] Level 1:colcon.colcon_core.environment:create_environment_scripts_only(robotic_hand_bringup)
[1.078s] Level 1:colcon.colcon_core.environment:checking '/home/darkdev/Mechanical_Arm_Gazebo/install/robotic_hand_bringup' for CMake module files
[1.078s] Level 1:colcon.colcon_core.environment:checking '/home/darkdev/Mechanical_Arm_Gazebo/install/robotic_hand_bringup' for CMake config files
[1.082s] Level 1:colcon.colcon_core.shell:create_environment_hook('robotic_hand_bringup', 'cmake_prefix_path')
[1.082s] INFO:colcon.colcon_core.shell:Creating environment hook '/home/darkdev/Mechanical_Arm_Gazebo/install/robotic_hand_bringup/share/robotic_hand_bringup/hook/cmake_prefix_path.ps1'
[1.083s] INFO:colcon.colcon_core.shell:Creating environment descriptor '/home/darkdev/Mechanical_Arm_Gazebo/install/robotic_hand_bringup/share/robotic_hand_bringup/hook/cmake_prefix_path.dsv'
[1.084s] INFO:colcon.colcon_core.shell:Creating environment hook '/home/darkdev/Mechanical_Arm_Gazebo/install/robotic_hand_bringup/share/robotic_hand_bringup/hook/cmake_prefix_path.sh'
[1.085s] Level 1:colcon.colcon_core.environment:checking '/home/darkdev/Mechanical_Arm_Gazebo/install/robotic_hand_bringup/bin'
[1.085s] Level 1:colcon.colcon_core.environment:checking '/home/darkdev/Mechanical_Arm_Gazebo/install/robotic_hand_bringup/lib/pkgconfig/robotic_hand_bringup.pc'
[1.085s] Level 1:colcon.colcon_core.environment:checking '/home/darkdev/Mechanical_Arm_Gazebo/install/robotic_hand_bringup/lib/python3.10/site-packages'
[1.086s] Level 1:colcon.colcon_core.environment:checking '/home/darkdev/Mechanical_Arm_Gazebo/install/robotic_hand_bringup/bin'
[1.086s] INFO:colcon.colcon_core.shell:Creating package script '/home/darkdev/Mechanical_Arm_Gazebo/install/robotic_hand_bringup/share/robotic_hand_bringup/package.ps1'
[1.087s] INFO:colcon.colcon_core.shell:Creating package descriptor '/home/darkdev/Mechanical_Arm_Gazebo/install/robotic_hand_bringup/share/robotic_hand_bringup/package.dsv'
[1.088s] INFO:colcon.colcon_core.shell:Creating package script '/home/darkdev/Mechanical_Arm_Gazebo/install/robotic_hand_bringup/share/robotic_hand_bringup/package.sh'
[1.088s] INFO:colcon.colcon_core.shell:Creating package script '/home/darkdev/Mechanical_Arm_Gazebo/install/robotic_hand_bringup/share/robotic_hand_bringup/package.bash'
[1.089s] INFO:colcon.colcon_core.shell:Creating package script '/home/darkdev/Mechanical_Arm_Gazebo/install/robotic_hand_bringup/share/robotic_hand_bringup/package.zsh'
[1.090s] Level 1:colcon.colcon_core.environment:create_file_with_runtime_dependencies(/home/darkdev/Mechanical_Arm_Gazebo/install/robotic_hand_bringup/share/colcon-core/packages/robotic_hand_bringup)
[1.978s] DEBUG:colcon.colcon_core.event_handler.log_command:Invoking command in '/home/darkdev/Mechanical_Arm_Gazebo/src/esp_serial': PYTHONPATH=/home/darkdev/Mechanical_Arm_Gazebo/build/esp_serial/prefix_override:/usr/lib/python3/dist-packages/colcon_core/task/python/colcon_distutils_commands:/home/darkdev/Mechanical_Arm_Gazebo/install/esp_serial/lib/python3.10/site-packages:${PYTHONPATH} /usr/bin/python3 -W ignore:setup.py install is deprecated -W ignore:easy_install command is deprecated setup.py egg_info --egg-base ../../build/esp_serial build --build-base /home/darkdev/Mechanical_Arm_Gazebo/build/esp_serial/build install --record /home/darkdev/Mechanical_Arm_Gazebo/build/esp_serial/install.log --single-version-externally-managed install_data
[3.147s] Level 1:colcon.colcon_core.environment:checking '/home/darkdev/Mechanical_Arm_Gazebo/install/esp_serial' for CMake module files
[3.149s] Level 1:colcon.colcon_core.environment:checking '/home/darkdev/Mechanical_Arm_Gazebo/install/esp_serial' for CMake config files
[3.148s] DEBUG:colcon.colcon_core.event_handler.log_command:Invoked command in '/home/darkdev/Mechanical_Arm_Gazebo/src/esp_serial' returned '0': PYTHONPATH=/home/darkdev/Mechanical_Arm_Gazebo/build/esp_serial/prefix_override:/usr/lib/python3/dist-packages/colcon_core/task/python/colcon_distutils_commands:/home/darkdev/Mechanical_Arm_Gazebo/install/esp_serial/lib/python3.10/site-packages:${PYTHONPATH} /usr/bin/python3 -W ignore:setup.py install is deprecated -W ignore:easy_install command is deprecated setup.py egg_info --egg-base ../../build/esp_serial build --build-base /home/darkdev/Mechanical_Arm_Gazebo/build/esp_serial/build install --record /home/darkdev/Mechanical_Arm_Gazebo/build/esp_serial/install.log --single-version-externally-managed install_data
[3.153s] Level 1:colcon.colcon_core.environment:checking '/home/darkdev/Mechanical_Arm_Gazebo/install/esp_serial/lib'
[3.153s] Level 1:colcon.colcon_core.environment:checking '/home/darkdev/Mechanical_Arm_Gazebo/install/esp_serial/bin'
[3.153s] Level 1:colcon.colcon_core.environment:checking '/home/darkdev/Mechanical_Arm_Gazebo/install/esp_serial/lib/pkgconfig/esp_serial.pc'
[3.154s] Level 1:colcon.colcon_core.environment:checking '/home/darkdev/Mechanical_Arm_Gazebo/install/esp_serial/lib/python3.10/site-packages'
[3.154s] Level 1:colcon.colcon_core.shell:create_environment_hook('esp_serial', 'pythonpath')
[3.154s] INFO:colcon.colcon_core.shell:Creating environment hook '/home/darkdev/Mechanical_Arm_Gazebo/install/esp_serial/share/esp_serial/hook/pythonpath.ps1'
[3.155s] INFO:colcon.colcon_core.shell:Creating environment descriptor '/home/darkdev/Mechanical_Arm_Gazebo/install/esp_serial/share/esp_serial/hook/pythonpath.dsv'
[3.155s] INFO:colcon.colcon_core.shell:Creating environment hook '/home/darkdev/Mechanical_Arm_Gazebo/install/esp_serial/share/esp_serial/hook/pythonpath.sh'
[3.158s] Level 1:colcon.colcon_core.environment:checking '/home/darkdev/Mechanical_Arm_Gazebo/install/esp_serial/bin'
[3.158s] Level 1:colcon.colcon_core.environment:create_environment_scripts_only(esp_serial)
[3.159s] INFO:colcon.colcon_core.shell:Creating package script '/home/darkdev/Mechanical_Arm_Gazebo/install/esp_serial/share/esp_serial/package.ps1'
[3.161s] INFO:colcon.colcon_core.shell:Creating package descriptor '/home/darkdev/Mechanical_Arm_Gazebo/install/esp_serial/share/esp_serial/package.dsv'
[3.162s] INFO:colcon.colcon_core.shell:Creating package script '/home/darkdev/Mechanical_Arm_Gazebo/install/esp_serial/share/esp_serial/package.sh'
[3.163s] INFO:colcon.colcon_core.shell:Creating package script '/home/darkdev/Mechanical_Arm_Gazebo/install/esp_serial/share/esp_serial/package.bash'
[3.164s] INFO:colcon.colcon_core.shell:Creating package script '/home/darkdev/Mechanical_Arm_Gazebo/install/esp_serial/share/esp_serial/package.zsh'
[3.164s] Level 1:colcon.colcon_core.environment:create_file_with_runtime_dependencies(/home/darkdev/Mechanical_Arm_Gazebo/install/esp_serial/share/colcon-core/packages/esp_serial)
[3.166s] DEBUG:colcon.colcon_parallel_executor.executor.parallel:closing loop
[3.166s] DEBUG:colcon.colcon_parallel_executor.executor.parallel:loop closed
[3.166s] DEBUG:colcon.colcon_parallel_executor.executor.parallel:run_until_complete finished with '0'
[3.167s] DEBUG:colcon.colcon_core.event_reactor:joining thread
[3.175s] INFO:colcon.colcon_core.plugin_system:Skipping extension 'colcon_notification.desktop_notification.terminal_notifier': Not used on non-Darwin systems
[3.176s] INFO:colcon.colcon_core.plugin_system:Skipping extension 'colcon_notification.desktop_notification.win32': Not used on non-Windows systems
[3.176s] INFO:colcon.colcon_notification.desktop_notification:Sending desktop notification using 'notify2'
[3.210s] DEBUG:colcon.colcon_core.event_reactor:joined thread
[3.210s] INFO:colcon.colcon_core.shell:Creating prefix script '/home/darkdev/Mechanical_Arm_Gazebo/install/local_setup.ps1'
[3.212s] INFO:colcon.colcon_core.shell:Creating prefix util module '/home/darkdev/Mechanical_Arm_Gazebo/install/_local_setup_util_ps1.py'
[3.216s] INFO:colcon.colcon_core.shell:Creating prefix chain script '/home/darkdev/Mechanical_Arm_Gazebo/install/setup.ps1'
[3.219s] INFO:colcon.colcon_core.shell:Creating prefix script '/home/darkdev/Mechanical_Arm_Gazebo/install/local_setup.sh'
[3.226s] INFO:colcon.colcon_core.shell:Creating prefix util module '/home/darkdev/Mechanical_Arm_Gazebo/install/_local_setup_util_sh.py'
[3.227s] INFO:colcon.colcon_core.shell:Creating prefix chain script '/home/darkdev/Mechanical_Arm_Gazebo/install/setup.sh'
[3.230s] INFO:colcon.colcon_core.shell:Creating prefix script '/home/darkdev/Mechanical_Arm_Gazebo/install/local_setup.bash'
[3.231s] INFO:colcon.colcon_core.shell:Creating prefix chain script '/home/darkdev/Mechanical_Arm_Gazebo/install/setup.bash'
[3.235s] INFO:colcon.colcon_core.shell:Creating prefix script '/home/darkdev/Mechanical_Arm_Gazebo/install/local_setup.zsh'
[3.236s] INFO:colcon.colcon_core.shell:Creating prefix chain script '/home/darkdev/Mechanical_Arm_Gazebo/install/setup.zsh'
