-- Install configuration: ""
-- Up-to-date: /home/darkdev/Mechanical_Arm_Gazebo/install/robotic_hand_bringup/share/robotic_hand_bringup//launch
-- Up-to-date: /home/darkdev/Mechanical_Arm_Gazebo/install/robotic_hand_bringup/share/robotic_hand_bringup//launch/robotic_hand_gazebo.launch.xml
-- Up-to-date: /home/darkdev/Mechanical_Arm_Gazebo/install/robotic_hand_bringup/share/robotic_hand_bringup//rviz
-- Up-to-date: /home/darkdev/Mechanical_Arm_Gazebo/install/robotic_hand_bringup/share/robotic_hand_bringup//rviz/urdf_config.rviz
-- Up-to-date: /home/darkdev/Mechanical_Arm_Gazebo/install/robotic_hand_bringup/share/ament_index/resource_index/package_run_dependencies/robotic_hand_bringup
-- Up-to-date: /home/darkdev/Mechanical_Arm_Gazebo/install/robotic_hand_bringup/share/ament_index/resource_index/parent_prefix_path/robotic_hand_bringup
-- Up-to-date: /home/darkdev/Mechanical_Arm_Gazebo/install/robotic_hand_bringup/share/robotic_hand_bringup/environment/ament_prefix_path.sh
-- Up-to-date: /home/darkdev/Mechanical_Arm_Gazebo/install/robotic_hand_bringup/share/robotic_hand_bringup/environment/ament_prefix_path.dsv
-- Up-to-date: /home/darkdev/Mechanical_Arm_Gazebo/install/robotic_hand_bringup/share/robotic_hand_bringup/environment/path.sh
-- Up-to-date: /home/darkdev/Mechanical_Arm_Gazebo/install/robotic_hand_bringup/share/robotic_hand_bringup/environment/path.dsv
-- Up-to-date: /home/darkdev/Mechanical_Arm_Gazebo/install/robotic_hand_bringup/share/robotic_hand_bringup/local_setup.bash
-- Up-to-date: /home/darkdev/Mechanical_Arm_Gazebo/install/robotic_hand_bringup/share/robotic_hand_bringup/local_setup.sh
-- Up-to-date: /home/darkdev/Mechanical_Arm_Gazebo/install/robotic_hand_bringup/share/robotic_hand_bringup/local_setup.zsh
-- Up-to-date: /home/darkdev/Mechanical_Arm_Gazebo/install/robotic_hand_bringup/share/robotic_hand_bringup/local_setup.dsv
-- Installing: /home/darkdev/Mechanical_Arm_Gazebo/install/robotic_hand_bringup/share/robotic_hand_bringup/package.dsv
-- Up-to-date: /home/darkdev/Mechanical_Arm_Gazebo/install/robotic_hand_bringup/share/ament_index/resource_index/packages/robotic_hand_bringup
-- Up-to-date: /home/darkdev/Mechanical_Arm_Gazebo/install/robotic_hand_bringup/share/robotic_hand_bringup/cmake/robotic_hand_bringupConfig.cmake
-- Up-to-date: /home/darkdev/Mechanical_Arm_Gazebo/install/robotic_hand_bringup/share/robotic_hand_bringup/cmake/robotic_hand_bringupConfig-version.cmake
-- Up-to-date: /home/darkdev/Mechanical_Arm_Gazebo/install/robotic_hand_bringup/share/robotic_hand_bringup/package.xml
