[0.016s] Invoking command in '/home/darkdev/Mechanical_Arm_Gazebo/build/robotic_hand_bringup': AMENT_PREFIX_PATH=/home/darkdev/Mechanical_Arm_Gazebo/install/robotic_hand_description:${AMENT_PREFIX_PATH} CMAKE_PREFIX_PATH=/home/darkdev/Mechanical_Arm_Gazebo/install/robotic_hand_description:/home/darkdev/ROS_Workspaces/FYDP_HARP/install/vision_module:/home/darkdev/ROS_Workspaces/FYDP_HARP/install/neck_module:/home/darkdev/ROS_Workspaces/FYDP_HARP/install/face_animations:/opt/ros/humble /usr/bin/cmake /home/darkdev/Mechanical_Arm_Gazebo/src/robotic_hand_bringup -DCMAKE_INSTALL_PREFIX=/home/darkdev/Mechanical_Arm_Gazebo/install/robotic_hand_bringup
[0.078s] -- The C compiler identification is GNU 11.4.0
[0.150s] -- The CXX compiler identification is GNU 11.4.0
[0.158s] -- Detecting C compiler ABI info
[0.243s] -- Detecting C compiler ABI info - done
[0.251s] -- Check for working C compiler: /usr/bin/cc - skipped
[0.252s] -- Detecting C compile features
[0.252s] -- Detecting C compile features - done
[0.255s] -- Detecting CXX compiler ABI info
[0.348s] -- Detecting CXX compiler ABI info - done
[0.357s] -- Check for working CXX compiler: /usr/bin/c++ - skipped
[0.357s] -- Detecting CXX compile features
[0.358s] -- Detecting CXX compile features - done
[0.361s] -- Found ament_cmake: 1.3.11 (/opt/ros/humble/share/ament_cmake/cmake)
[0.836s] -- Found Python3: /usr/bin/python3 (found version "3.10.12") found components: Interpreter 
[1.032s] -- Configuring done
[1.036s] -- Generating done
[1.038s] -- Build files have been written to: /home/darkdev/Mechanical_Arm_Gazebo/build/robotic_hand_bringup
[1.042s] Invoked command in '/home/darkdev/Mechanical_Arm_Gazebo/build/robotic_hand_bringup' returned '0': AMENT_PREFIX_PATH=/home/darkdev/Mechanical_Arm_Gazebo/install/robotic_hand_description:${AMENT_PREFIX_PATH} CMAKE_PREFIX_PATH=/home/darkdev/Mechanical_Arm_Gazebo/install/robotic_hand_description:/home/darkdev/ROS_Workspaces/FYDP_HARP/install/vision_module:/home/darkdev/ROS_Workspaces/FYDP_HARP/install/neck_module:/home/darkdev/ROS_Workspaces/FYDP_HARP/install/face_animations:/opt/ros/humble /usr/bin/cmake /home/darkdev/Mechanical_Arm_Gazebo/src/robotic_hand_bringup -DCMAKE_INSTALL_PREFIX=/home/darkdev/Mechanical_Arm_Gazebo/install/robotic_hand_bringup
[1.044s] Invoking command in '/home/darkdev/Mechanical_Arm_Gazebo/build/robotic_hand_bringup': AMENT_PREFIX_PATH=/home/darkdev/Mechanical_Arm_Gazebo/install/robotic_hand_description:${AMENT_PREFIX_PATH} CMAKE_PREFIX_PATH=/home/darkdev/Mechanical_Arm_Gazebo/install/robotic_hand_description:/home/darkdev/ROS_Workspaces/FYDP_HARP/install/vision_module:/home/darkdev/ROS_Workspaces/FYDP_HARP/install/neck_module:/home/darkdev/ROS_Workspaces/FYDP_HARP/install/face_animations:/opt/ros/humble /usr/bin/cmake --build /home/darkdev/Mechanical_Arm_Gazebo/build/robotic_hand_bringup -- -j8 -l8
[1.083s] Invoked command in '/home/darkdev/Mechanical_Arm_Gazebo/build/robotic_hand_bringup' returned '0': AMENT_PREFIX_PATH=/home/darkdev/Mechanical_Arm_Gazebo/install/robotic_hand_description:${AMENT_PREFIX_PATH} CMAKE_PREFIX_PATH=/home/darkdev/Mechanical_Arm_Gazebo/install/robotic_hand_description:/home/darkdev/ROS_Workspaces/FYDP_HARP/install/vision_module:/home/darkdev/ROS_Workspaces/FYDP_HARP/install/neck_module:/home/darkdev/ROS_Workspaces/FYDP_HARP/install/face_animations:/opt/ros/humble /usr/bin/cmake --build /home/darkdev/Mechanical_Arm_Gazebo/build/robotic_hand_bringup -- -j8 -l8
[1.085s] Invoking command in '/home/darkdev/Mechanical_Arm_Gazebo/build/robotic_hand_bringup': AMENT_PREFIX_PATH=/home/darkdev/Mechanical_Arm_Gazebo/install/robotic_hand_description:${AMENT_PREFIX_PATH} CMAKE_PREFIX_PATH=/home/darkdev/Mechanical_Arm_Gazebo/install/robotic_hand_description:/home/darkdev/ROS_Workspaces/FYDP_HARP/install/vision_module:/home/darkdev/ROS_Workspaces/FYDP_HARP/install/neck_module:/home/darkdev/ROS_Workspaces/FYDP_HARP/install/face_animations:/opt/ros/humble /usr/bin/cmake --install /home/darkdev/Mechanical_Arm_Gazebo/build/robotic_hand_bringup
[1.092s] -- Install configuration: ""
[1.092s] -- Installing: /home/darkdev/Mechanical_Arm_Gazebo/install/robotic_hand_bringup/share/robotic_hand_bringup//launch
[1.092s] -- Installing: /home/darkdev/Mechanical_Arm_Gazebo/install/robotic_hand_bringup/share/robotic_hand_bringup//launch/robotic_hand_gazebo.launch.xml
[1.092s] -- Installing: /home/darkdev/Mechanical_Arm_Gazebo/install/robotic_hand_bringup/share/robotic_hand_bringup//rviz
[1.092s] -- Installing: /home/darkdev/Mechanical_Arm_Gazebo/install/robotic_hand_bringup/share/robotic_hand_bringup//rviz/urdf_config.rviz
[1.093s] -- Installing: /home/darkdev/Mechanical_Arm_Gazebo/install/robotic_hand_bringup/share/ament_index/resource_index/package_run_dependencies/robotic_hand_bringup
[1.093s] -- Installing: /home/darkdev/Mechanical_Arm_Gazebo/install/robotic_hand_bringup/share/ament_index/resource_index/parent_prefix_path/robotic_hand_bringup
[1.093s] -- Installing: /home/darkdev/Mechanical_Arm_Gazebo/install/robotic_hand_bringup/share/robotic_hand_bringup/environment/ament_prefix_path.sh
[1.093s] -- Installing: /home/darkdev/Mechanical_Arm_Gazebo/install/robotic_hand_bringup/share/robotic_hand_bringup/environment/ament_prefix_path.dsv
[1.094s] -- Installing: /home/darkdev/Mechanical_Arm_Gazebo/install/robotic_hand_bringup/share/robotic_hand_bringup/environment/path.sh
[1.094s] -- Installing: /home/darkdev/Mechanical_Arm_Gazebo/install/robotic_hand_bringup/share/robotic_hand_bringup/environment/path.dsv
[1.094s] -- Installing: /home/darkdev/Mechanical_Arm_Gazebo/install/robotic_hand_bringup/share/robotic_hand_bringup/local_setup.bash
[1.094s] -- Installing: /home/darkdev/Mechanical_Arm_Gazebo/install/robotic_hand_bringup/share/robotic_hand_bringup/local_setup.sh
[1.094s] -- Installing: /home/darkdev/Mechanical_Arm_Gazebo/install/robotic_hand_bringup/share/robotic_hand_bringup/local_setup.zsh
[1.095s] -- Installing: /home/darkdev/Mechanical_Arm_Gazebo/install/robotic_hand_bringup/share/robotic_hand_bringup/local_setup.dsv
[1.095s] -- Installing: /home/darkdev/Mechanical_Arm_Gazebo/install/robotic_hand_bringup/share/robotic_hand_bringup/package.dsv
[1.095s] -- Installing: /home/darkdev/Mechanical_Arm_Gazebo/install/robotic_hand_bringup/share/ament_index/resource_index/packages/robotic_hand_bringup
[1.095s] -- Installing: /home/darkdev/Mechanical_Arm_Gazebo/install/robotic_hand_bringup/share/robotic_hand_bringup/cmake/robotic_hand_bringupConfig.cmake
[1.096s] -- Installing: /home/darkdev/Mechanical_Arm_Gazebo/install/robotic_hand_bringup/share/robotic_hand_bringup/cmake/robotic_hand_bringupConfig-version.cmake
[1.096s] -- Installing: /home/darkdev/Mechanical_Arm_Gazebo/install/robotic_hand_bringup/share/robotic_hand_bringup/package.xml
[1.098s] Invoked command in '/home/darkdev/Mechanical_Arm_Gazebo/build/robotic_hand_bringup' returned '0': AMENT_PREFIX_PATH=/home/darkdev/Mechanical_Arm_Gazebo/install/robotic_hand_description:${AMENT_PREFIX_PATH} CMAKE_PREFIX_PATH=/home/darkdev/Mechanical_Arm_Gazebo/install/robotic_hand_description:/home/darkdev/ROS_Workspaces/FYDP_HARP/install/vision_module:/home/darkdev/ROS_Workspaces/FYDP_HARP/install/neck_module:/home/darkdev/ROS_Workspaces/FYDP_HARP/install/face_animations:/opt/ros/humble /usr/bin/cmake --install /home/darkdev/Mechanical_Arm_Gazebo/build/robotic_hand_bringup
