[0.124s] DEBUG:colcon:Command line arguments: ['/usr/bin/colcon', 'build']
[0.124s] DEBUG:colcon:Parsed command line arguments: Namespace(log_base=None, log_level=None, verb_name='build', build_base='build', install_base='install', merge_install=False, symlink_install=False, test_result_base=None, continue_on_error=False, executor='parallel', parallel_workers=8, event_handlers=None, ignore_user_meta=False, metas=['./colcon.meta'], base_paths=['.'], packages_ignore=None, packages_ignore_regex=None, paths=None, packages_up_to=None, packages_up_to_regex=None, packages_above=None, packages_above_and_dependencies=None, packages_above_depth=None, packages_select_by_dep=None, packages_skip_by_dep=None, packages_skip_up_to=None, packages_select_build_failed=False, packages_skip_build_finished=False, packages_select_test_failures=False, packages_skip_test_passed=False, packages_select=None, packages_skip=None, packages_select_regex=None, packages_skip_regex=None, packages_start=None, packages_end=None, allow_overriding=[], cmake_args=None, cmake_target=None, cmake_target_skip_unavailable=False, cmake_clean_cache=False, cmake_clean_first=False, cmake_force_configure=False, ament_cmake_args=None, catkin_cmake_args=None, catkin_skip_building_tests=False, mixin_files=None, mixin=None, verb_parser=<colcon_mixin.mixin.mixin_argument.MixinArgumentDecorator object at 0x7fa32336b970>, verb_extension=<colcon_core.verb.build.BuildVerb object at 0x7fa32336a740>, main=<bound method BuildVerb.main of <colcon_core.verb.build.BuildVerb object at 0x7fa32336a740>>, mixin_verb=('build',))
[0.163s] Level 1:colcon.colcon_core.package_discovery:discover_packages(colcon_meta) check parameters
[0.164s] Level 1:colcon.colcon_core.package_discovery:discover_packages(recursive) check parameters
[0.164s] Level 1:colcon.colcon_core.package_discovery:discover_packages(ignore) check parameters
[0.164s] Level 1:colcon.colcon_core.package_discovery:discover_packages(path) check parameters
[0.164s] Level 1:colcon.colcon_core.package_discovery:discover_packages(colcon_meta) discover
[0.164s] Level 1:colcon.colcon_core.package_discovery:discover_packages(recursive) discover
[0.164s] INFO:colcon.colcon_core.package_discovery:Crawling recursively for packages in '/home/darkdev/Mechanical_Arm_Gazebo'
[0.164s] Level 1:colcon.colcon_core.package_identification:_identify(.) by extensions ['ignore', 'ignore_ament_install']
[0.164s] Level 1:colcon.colcon_core.package_identification:_identify(.) by extension 'ignore'
[0.164s] Level 1:colcon.colcon_core.package_identification:_identify(.) by extension 'ignore_ament_install'
[0.164s] Level 1:colcon.colcon_core.package_identification:_identify(.) by extensions ['colcon_pkg']
[0.164s] Level 1:colcon.colcon_core.package_identification:_identify(.) by extension 'colcon_pkg'
[0.164s] Level 1:colcon.colcon_core.package_identification:_identify(.) by extensions ['colcon_meta']
[0.164s] Level 1:colcon.colcon_core.package_identification:_identify(.) by extension 'colcon_meta'
[0.164s] Level 1:colcon.colcon_core.package_identification:_identify(.) by extensions ['ros']
[0.164s] Level 1:colcon.colcon_core.package_identification:_identify(.) by extension 'ros'
[0.179s] Level 1:colcon.colcon_core.package_identification:_identify(.) by extensions ['cmake', 'python']
[0.179s] Level 1:colcon.colcon_core.package_identification:_identify(.) by extension 'cmake'
[0.179s] Level 1:colcon.colcon_core.package_identification:_identify(.) by extension 'python'
[0.180s] Level 1:colcon.colcon_core.package_identification:_identify(.) by extensions ['python_setup_py']
[0.180s] Level 1:colcon.colcon_core.package_identification:_identify(.) by extension 'python_setup_py'
[0.180s] Level 1:colcon.colcon_core.package_identification:_identify(build) by extensions ['ignore', 'ignore_ament_install']
[0.180s] Level 1:colcon.colcon_core.package_identification:_identify(build) by extension 'ignore'
[0.180s] Level 1:colcon.colcon_core.package_identification:_identify(build) ignored
[0.180s] Level 1:colcon.colcon_core.package_identification:_identify(install) by extensions ['ignore', 'ignore_ament_install']
[0.180s] Level 1:colcon.colcon_core.package_identification:_identify(install) by extension 'ignore'
[0.180s] Level 1:colcon.colcon_core.package_identification:_identify(install) ignored
[0.180s] Level 1:colcon.colcon_core.package_identification:_identify(log) by extensions ['ignore', 'ignore_ament_install']
[0.180s] Level 1:colcon.colcon_core.package_identification:_identify(log) by extension 'ignore'
[0.180s] Level 1:colcon.colcon_core.package_identification:_identify(log) ignored
[0.180s] Level 1:colcon.colcon_core.package_identification:_identify(src) by extensions ['ignore', 'ignore_ament_install']
[0.181s] Level 1:colcon.colcon_core.package_identification:_identify(src) by extension 'ignore'
[0.181s] Level 1:colcon.colcon_core.package_identification:_identify(src) by extension 'ignore_ament_install'
[0.181s] Level 1:colcon.colcon_core.package_identification:_identify(src) by extensions ['colcon_pkg']
[0.181s] Level 1:colcon.colcon_core.package_identification:_identify(src) by extension 'colcon_pkg'
[0.181s] Level 1:colcon.colcon_core.package_identification:_identify(src) by extensions ['colcon_meta']
[0.181s] Level 1:colcon.colcon_core.package_identification:_identify(src) by extension 'colcon_meta'
[0.181s] Level 1:colcon.colcon_core.package_identification:_identify(src) by extensions ['ros']
[0.181s] Level 1:colcon.colcon_core.package_identification:_identify(src) by extension 'ros'
[0.181s] Level 1:colcon.colcon_core.package_identification:_identify(src) by extensions ['cmake', 'python']
[0.181s] Level 1:colcon.colcon_core.package_identification:_identify(src) by extension 'cmake'
[0.181s] Level 1:colcon.colcon_core.package_identification:_identify(src) by extension 'python'
[0.181s] Level 1:colcon.colcon_core.package_identification:_identify(src) by extensions ['python_setup_py']
[0.181s] Level 1:colcon.colcon_core.package_identification:_identify(src) by extension 'python_setup_py'
[0.181s] Level 1:colcon.colcon_core.package_identification:_identify(src/esp_serial) by extensions ['ignore', 'ignore_ament_install']
[0.181s] Level 1:colcon.colcon_core.package_identification:_identify(src/esp_serial) by extension 'ignore'
[0.181s] Level 1:colcon.colcon_core.package_identification:_identify(src/esp_serial) by extension 'ignore_ament_install'
[0.181s] Level 1:colcon.colcon_core.package_identification:_identify(src/esp_serial) by extensions ['colcon_pkg']
[0.181s] Level 1:colcon.colcon_core.package_identification:_identify(src/esp_serial) by extension 'colcon_pkg'
[0.181s] Level 1:colcon.colcon_core.package_identification:_identify(src/esp_serial) by extensions ['colcon_meta']
[0.182s] Level 1:colcon.colcon_core.package_identification:_identify(src/esp_serial) by extension 'colcon_meta'
[0.182s] Level 1:colcon.colcon_core.package_identification:_identify(src/esp_serial) by extensions ['ros']
[0.182s] Level 1:colcon.colcon_core.package_identification:_identify(src/esp_serial) by extension 'ros'
[0.184s] DEBUG:colcon.colcon_core.package_identification:Package 'src/esp_serial' with type 'ros.ament_python' and name 'esp_serial'
[0.184s] Level 1:colcon.colcon_core.package_identification:_identify(src/robotic_hand_bringup) by extensions ['ignore', 'ignore_ament_install']
[0.184s] Level 1:colcon.colcon_core.package_identification:_identify(src/robotic_hand_bringup) by extension 'ignore'
[0.184s] Level 1:colcon.colcon_core.package_identification:_identify(src/robotic_hand_bringup) by extension 'ignore_ament_install'
[0.184s] Level 1:colcon.colcon_core.package_identification:_identify(src/robotic_hand_bringup) by extensions ['colcon_pkg']
[0.184s] Level 1:colcon.colcon_core.package_identification:_identify(src/robotic_hand_bringup) by extension 'colcon_pkg'
[0.184s] Level 1:colcon.colcon_core.package_identification:_identify(src/robotic_hand_bringup) by extensions ['colcon_meta']
[0.184s] Level 1:colcon.colcon_core.package_identification:_identify(src/robotic_hand_bringup) by extension 'colcon_meta'
[0.184s] Level 1:colcon.colcon_core.package_identification:_identify(src/robotic_hand_bringup) by extensions ['ros']
[0.184s] Level 1:colcon.colcon_core.package_identification:_identify(src/robotic_hand_bringup) by extension 'ros'
[0.185s] DEBUG:colcon.colcon_core.package_identification:Package 'src/robotic_hand_bringup' with type 'ros.ament_cmake' and name 'robotic_hand_bringup'
[0.185s] Level 1:colcon.colcon_core.package_identification:_identify(src/robotic_hand_description) by extensions ['ignore', 'ignore_ament_install']
[0.185s] Level 1:colcon.colcon_core.package_identification:_identify(src/robotic_hand_description) by extension 'ignore'
[0.185s] Level 1:colcon.colcon_core.package_identification:_identify(src/robotic_hand_description) by extension 'ignore_ament_install'
[0.185s] Level 1:colcon.colcon_core.package_identification:_identify(src/robotic_hand_description) by extensions ['colcon_pkg']
[0.185s] Level 1:colcon.colcon_core.package_identification:_identify(src/robotic_hand_description) by extension 'colcon_pkg'
[0.185s] Level 1:colcon.colcon_core.package_identification:_identify(src/robotic_hand_description) by extensions ['colcon_meta']
[0.186s] Level 1:colcon.colcon_core.package_identification:_identify(src/robotic_hand_description) by extension 'colcon_meta'
[0.186s] Level 1:colcon.colcon_core.package_identification:_identify(src/robotic_hand_description) by extensions ['ros']
[0.186s] Level 1:colcon.colcon_core.package_identification:_identify(src/robotic_hand_description) by extension 'ros'
[0.186s] DEBUG:colcon.colcon_core.package_identification:Package 'src/robotic_hand_description' with type 'ros.ament_cmake' and name 'robotic_hand_description'
[0.186s] Level 1:colcon.colcon_core.package_discovery:discover_packages(recursive) using defaults
[0.186s] Level 1:colcon.colcon_core.package_discovery:discover_packages(ignore) discover
[0.186s] Level 1:colcon.colcon_core.package_discovery:discover_packages(ignore) using defaults
[0.186s] Level 1:colcon.colcon_core.package_discovery:discover_packages(path) discover
[0.186s] Level 1:colcon.colcon_core.package_discovery:discover_packages(path) using defaults
[0.211s] Level 1:colcon.colcon_core.package_discovery:discover_packages(prefix_path) check parameters
[0.211s] Level 1:colcon.colcon_core.package_discovery:discover_packages(prefix_path) discover
[0.215s] DEBUG:colcon.colcon_installed_package_information.package_discovery:Found 3 installed packages in /home/darkdev/ROS_Workspaces/FYDP_HARP/install
[0.216s] DEBUG:colcon.colcon_installed_package_information.package_discovery:Found 0 installed packages in /home/darkdev/ros2_testspace/install
[0.217s] DEBUG:colcon.colcon_installed_package_information.package_discovery:Found 3 installed packages in /home/darkdev/Mechanical_Arm_Gazebo/install
[0.221s] DEBUG:colcon.colcon_installed_package_information.package_discovery:Found 301 installed packages in /opt/ros/humble
[0.224s] Level 1:colcon.colcon_core.package_discovery:discover_packages(prefix_path) using defaults
[0.268s] Level 5:colcon.colcon_core.verb:set package 'esp_serial' build argument 'cmake_args' from command line to 'None'
[0.268s] Level 5:colcon.colcon_core.verb:set package 'esp_serial' build argument 'cmake_target' from command line to 'None'
[0.268s] Level 5:colcon.colcon_core.verb:set package 'esp_serial' build argument 'cmake_target_skip_unavailable' from command line to 'False'
[0.268s] Level 5:colcon.colcon_core.verb:set package 'esp_serial' build argument 'cmake_clean_cache' from command line to 'False'
[0.268s] Level 5:colcon.colcon_core.verb:set package 'esp_serial' build argument 'cmake_clean_first' from command line to 'False'
[0.268s] Level 5:colcon.colcon_core.verb:set package 'esp_serial' build argument 'cmake_force_configure' from command line to 'False'
[0.268s] Level 5:colcon.colcon_core.verb:set package 'esp_serial' build argument 'ament_cmake_args' from command line to 'None'
[0.268s] Level 5:colcon.colcon_core.verb:set package 'esp_serial' build argument 'catkin_cmake_args' from command line to 'None'
[0.268s] Level 5:colcon.colcon_core.verb:set package 'esp_serial' build argument 'catkin_skip_building_tests' from command line to 'False'
[0.268s] DEBUG:colcon.colcon_core.verb:Building package 'esp_serial' with the following arguments: {'ament_cmake_args': None, 'build_base': '/home/darkdev/Mechanical_Arm_Gazebo/build/esp_serial', 'catkin_cmake_args': None, 'catkin_skip_building_tests': False, 'cmake_args': None, 'cmake_clean_cache': False, 'cmake_clean_first': False, 'cmake_force_configure': False, 'cmake_target': None, 'cmake_target_skip_unavailable': False, 'install_base': '/home/darkdev/Mechanical_Arm_Gazebo/install/esp_serial', 'merge_install': False, 'path': '/home/darkdev/Mechanical_Arm_Gazebo/src/esp_serial', 'symlink_install': False, 'test_result_base': None}
[0.268s] Level 5:colcon.colcon_core.verb:set package 'robotic_hand_description' build argument 'cmake_args' from command line to 'None'
[0.268s] Level 5:colcon.colcon_core.verb:set package 'robotic_hand_description' build argument 'cmake_target' from command line to 'None'
[0.268s] Level 5:colcon.colcon_core.verb:set package 'robotic_hand_description' build argument 'cmake_target_skip_unavailable' from command line to 'False'
[0.268s] Level 5:colcon.colcon_core.verb:set package 'robotic_hand_description' build argument 'cmake_clean_cache' from command line to 'False'
[0.269s] Level 5:colcon.colcon_core.verb:set package 'robotic_hand_description' build argument 'cmake_clean_first' from command line to 'False'
[0.269s] Level 5:colcon.colcon_core.verb:set package 'robotic_hand_description' build argument 'cmake_force_configure' from command line to 'False'
[0.269s] Level 5:colcon.colcon_core.verb:set package 'robotic_hand_description' build argument 'ament_cmake_args' from command line to 'None'
[0.269s] Level 5:colcon.colcon_core.verb:set package 'robotic_hand_description' build argument 'catkin_cmake_args' from command line to 'None'
[0.269s] Level 5:colcon.colcon_core.verb:set package 'robotic_hand_description' build argument 'catkin_skip_building_tests' from command line to 'False'
[0.269s] DEBUG:colcon.colcon_core.verb:Building package 'robotic_hand_description' with the following arguments: {'ament_cmake_args': None, 'build_base': '/home/darkdev/Mechanical_Arm_Gazebo/build/robotic_hand_description', 'catkin_cmake_args': None, 'catkin_skip_building_tests': False, 'cmake_args': None, 'cmake_clean_cache': False, 'cmake_clean_first': False, 'cmake_force_configure': False, 'cmake_target': None, 'cmake_target_skip_unavailable': False, 'install_base': '/home/darkdev/Mechanical_Arm_Gazebo/install/robotic_hand_description', 'merge_install': False, 'path': '/home/darkdev/Mechanical_Arm_Gazebo/src/robotic_hand_description', 'symlink_install': False, 'test_result_base': None}
[0.269s] Level 5:colcon.colcon_core.verb:set package 'robotic_hand_bringup' build argument 'cmake_args' from command line to 'None'
[0.269s] Level 5:colcon.colcon_core.verb:set package 'robotic_hand_bringup' build argument 'cmake_target' from command line to 'None'
[0.269s] Level 5:colcon.colcon_core.verb:set package 'robotic_hand_bringup' build argument 'cmake_target_skip_unavailable' from command line to 'False'
[0.269s] Level 5:colcon.colcon_core.verb:set package 'robotic_hand_bringup' build argument 'cmake_clean_cache' from command line to 'False'
[0.269s] Level 5:colcon.colcon_core.verb:set package 'robotic_hand_bringup' build argument 'cmake_clean_first' from command line to 'False'
[0.269s] Level 5:colcon.colcon_core.verb:set package 'robotic_hand_bringup' build argument 'cmake_force_configure' from command line to 'False'
[0.269s] Level 5:colcon.colcon_core.verb:set package 'robotic_hand_bringup' build argument 'ament_cmake_args' from command line to 'None'
[0.269s] Level 5:colcon.colcon_core.verb:set package 'robotic_hand_bringup' build argument 'catkin_cmake_args' from command line to 'None'
[0.269s] Level 5:colcon.colcon_core.verb:set package 'robotic_hand_bringup' build argument 'catkin_skip_building_tests' from command line to 'False'
[0.269s] DEBUG:colcon.colcon_core.verb:Building package 'robotic_hand_bringup' with the following arguments: {'ament_cmake_args': None, 'build_base': '/home/darkdev/Mechanical_Arm_Gazebo/build/robotic_hand_bringup', 'catkin_cmake_args': None, 'catkin_skip_building_tests': False, 'cmake_args': None, 'cmake_clean_cache': False, 'cmake_clean_first': False, 'cmake_force_configure': False, 'cmake_target': None, 'cmake_target_skip_unavailable': False, 'install_base': '/home/darkdev/Mechanical_Arm_Gazebo/install/robotic_hand_bringup', 'merge_install': False, 'path': '/home/darkdev/Mechanical_Arm_Gazebo/src/robotic_hand_bringup', 'symlink_install': False, 'test_result_base': None}
[0.269s] INFO:colcon.colcon_core.executor:Executing jobs using 'parallel' executor
[0.270s] DEBUG:colcon.colcon_parallel_executor.executor.parallel:run_until_complete
[0.271s] INFO:colcon.colcon_ros.task.ament_cmake.build:Building ROS package in '/home/darkdev/Mechanical_Arm_Gazebo/src/robotic_hand_description' with build type 'ament_cmake'
[0.271s] INFO:colcon.colcon_cmake.task.cmake.build:Building CMake package in '/home/darkdev/Mechanical_Arm_Gazebo/src/robotic_hand_description'
[0.273s] INFO:colcon.colcon_core.plugin_system:Skipping extension 'colcon_core.shell.bat': Not used on non-Windows systems
[0.273s] INFO:colcon.colcon_core.shell:Skip shell extension 'powershell' for command environment: Not usable outside of PowerShell
[0.273s] DEBUG:colcon.colcon_core.shell:Skip shell extension 'dsv' for command environment
[0.278s] INFO:colcon.colcon_ros.task.ament_python.build:Building ROS package in '/home/darkdev/Mechanical_Arm_Gazebo/src/esp_serial' with build type 'ament_python'
[0.278s] Level 1:colcon.colcon_core.shell:create_environment_hook('esp_serial', 'ament_prefix_path')
[0.279s] INFO:colcon.colcon_core.shell:Creating environment hook '/home/darkdev/Mechanical_Arm_Gazebo/install/esp_serial/share/esp_serial/hook/ament_prefix_path.ps1'
[0.280s] INFO:colcon.colcon_core.shell:Creating environment descriptor '/home/darkdev/Mechanical_Arm_Gazebo/install/esp_serial/share/esp_serial/hook/ament_prefix_path.dsv'
[0.280s] INFO:colcon.colcon_core.shell:Creating environment hook '/home/darkdev/Mechanical_Arm_Gazebo/install/esp_serial/share/esp_serial/hook/ament_prefix_path.sh'
[0.281s] INFO:colcon.colcon_core.shell:Skip shell extension 'powershell' for command environment: Not usable outside of PowerShell
[0.281s] DEBUG:colcon.colcon_core.shell:Skip shell extension 'dsv' for command environment
[0.304s] DEBUG:colcon.colcon_core.event_handler.log_command:Invoking command in '/home/darkdev/Mechanical_Arm_Gazebo/build/robotic_hand_description': CMAKE_PREFIX_PATH=${CMAKE_PREFIX_PATH}:/home/darkdev/ROS_Workspaces/FYDP_HARP/install/vision_module:/home/darkdev/ROS_Workspaces/FYDP_HARP/install/neck_module:/home/darkdev/ROS_Workspaces/FYDP_HARP/install/face_animations:/opt/ros/humble /usr/bin/cmake --build /home/darkdev/Mechanical_Arm_Gazebo/build/robotic_hand_description -- -j8 -l8
[0.660s] INFO:colcon.colcon_core.task.python.build:Building Python package in '/home/darkdev/Mechanical_Arm_Gazebo/src/esp_serial'
[0.661s] INFO:colcon.colcon_core.shell:Skip shell extension 'powershell' for command environment: Not usable outside of PowerShell
[0.661s] DEBUG:colcon.colcon_core.shell:Skip shell extension 'dsv' for command environment
[0.667s] DEBUG:colcon.colcon_core.event_handler.log_command:Invoked command in '/home/darkdev/Mechanical_Arm_Gazebo/build/robotic_hand_description' returned '0': CMAKE_PREFIX_PATH=${CMAKE_PREFIX_PATH}:/home/darkdev/ROS_Workspaces/FYDP_HARP/install/vision_module:/home/darkdev/ROS_Workspaces/FYDP_HARP/install/neck_module:/home/darkdev/ROS_Workspaces/FYDP_HARP/install/face_animations:/opt/ros/humble /usr/bin/cmake --build /home/darkdev/Mechanical_Arm_Gazebo/build/robotic_hand_description -- -j8 -l8
[0.677s] DEBUG:colcon.colcon_core.event_handler.log_command:Invoking command in '/home/darkdev/Mechanical_Arm_Gazebo/build/robotic_hand_description': CMAKE_PREFIX_PATH=${CMAKE_PREFIX_PATH}:/home/darkdev/ROS_Workspaces/FYDP_HARP/install/vision_module:/home/darkdev/ROS_Workspaces/FYDP_HARP/install/neck_module:/home/darkdev/ROS_Workspaces/FYDP_HARP/install/face_animations:/opt/ros/humble /usr/bin/cmake --install /home/darkdev/Mechanical_Arm_Gazebo/build/robotic_hand_description
[0.693s] Level 1:colcon.colcon_core.environment:create_environment_scripts_only(robotic_hand_description)
[0.695s] DEBUG:colcon.colcon_core.event_handler.log_command:Invoked command in '/home/darkdev/Mechanical_Arm_Gazebo/build/robotic_hand_description' returned '0': CMAKE_PREFIX_PATH=${CMAKE_PREFIX_PATH}:/home/darkdev/ROS_Workspaces/FYDP_HARP/install/vision_module:/home/darkdev/ROS_Workspaces/FYDP_HARP/install/neck_module:/home/darkdev/ROS_Workspaces/FYDP_HARP/install/face_animations:/opt/ros/humble /usr/bin/cmake --install /home/darkdev/Mechanical_Arm_Gazebo/build/robotic_hand_description
[0.699s] Level 1:colcon.colcon_core.environment:checking '/home/darkdev/Mechanical_Arm_Gazebo/install/robotic_hand_description' for CMake module files
[0.701s] Level 1:colcon.colcon_core.environment:checking '/home/darkdev/Mechanical_Arm_Gazebo/install/robotic_hand_description' for CMake config files
[0.701s] Level 1:colcon.colcon_core.shell:create_environment_hook('robotic_hand_description', 'cmake_prefix_path')
[0.702s] INFO:colcon.colcon_core.shell:Creating environment hook '/home/darkdev/Mechanical_Arm_Gazebo/install/robotic_hand_description/share/robotic_hand_description/hook/cmake_prefix_path.ps1'
[0.703s] INFO:colcon.colcon_core.shell:Creating environment descriptor '/home/darkdev/Mechanical_Arm_Gazebo/install/robotic_hand_description/share/robotic_hand_description/hook/cmake_prefix_path.dsv'
[0.704s] INFO:colcon.colcon_core.shell:Creating environment hook '/home/darkdev/Mechanical_Arm_Gazebo/install/robotic_hand_description/share/robotic_hand_description/hook/cmake_prefix_path.sh'
[0.705s] Level 1:colcon.colcon_core.environment:checking '/home/darkdev/Mechanical_Arm_Gazebo/install/robotic_hand_description/bin'
[0.705s] Level 1:colcon.colcon_core.environment:checking '/home/darkdev/Mechanical_Arm_Gazebo/install/robotic_hand_description/lib/pkgconfig/robotic_hand_description.pc'
[0.706s] Level 1:colcon.colcon_core.environment:checking '/home/darkdev/Mechanical_Arm_Gazebo/install/robotic_hand_description/lib/python3.10/site-packages'
[0.706s] Level 1:colcon.colcon_core.environment:checking '/home/darkdev/Mechanical_Arm_Gazebo/install/robotic_hand_description/bin'
[0.707s] INFO:colcon.colcon_core.shell:Creating package script '/home/darkdev/Mechanical_Arm_Gazebo/install/robotic_hand_description/share/robotic_hand_description/package.ps1'
[0.709s] INFO:colcon.colcon_core.shell:Creating package descriptor '/home/darkdev/Mechanical_Arm_Gazebo/install/robotic_hand_description/share/robotic_hand_description/package.dsv'
[0.711s] INFO:colcon.colcon_core.shell:Creating package script '/home/darkdev/Mechanical_Arm_Gazebo/install/robotic_hand_description/share/robotic_hand_description/package.sh'
[0.713s] INFO:colcon.colcon_core.shell:Creating package script '/home/darkdev/Mechanical_Arm_Gazebo/install/robotic_hand_description/share/robotic_hand_description/package.bash'
[0.715s] INFO:colcon.colcon_core.shell:Creating package script '/home/darkdev/Mechanical_Arm_Gazebo/install/robotic_hand_description/share/robotic_hand_description/package.zsh'
[0.716s] Level 1:colcon.colcon_core.environment:create_file_with_runtime_dependencies(/home/darkdev/Mechanical_Arm_Gazebo/install/robotic_hand_description/share/colcon-core/packages/robotic_hand_description)
[0.718s] Level 1:colcon.colcon_core.environment:create_environment_scripts_only(robotic_hand_description)
[0.718s] Level 1:colcon.colcon_core.environment:checking '/home/darkdev/Mechanical_Arm_Gazebo/install/robotic_hand_description' for CMake module files
[0.719s] Level 1:colcon.colcon_core.environment:checking '/home/darkdev/Mechanical_Arm_Gazebo/install/robotic_hand_description' for CMake config files
[0.720s] Level 1:colcon.colcon_core.shell:create_environment_hook('robotic_hand_description', 'cmake_prefix_path')
[0.720s] INFO:colcon.colcon_core.shell:Creating environment hook '/home/darkdev/Mechanical_Arm_Gazebo/install/robotic_hand_description/share/robotic_hand_description/hook/cmake_prefix_path.ps1'
[0.721s] INFO:colcon.colcon_core.shell:Creating environment descriptor '/home/darkdev/Mechanical_Arm_Gazebo/install/robotic_hand_description/share/robotic_hand_description/hook/cmake_prefix_path.dsv'
[0.722s] INFO:colcon.colcon_core.shell:Creating environment hook '/home/darkdev/Mechanical_Arm_Gazebo/install/robotic_hand_description/share/robotic_hand_description/hook/cmake_prefix_path.sh'
[0.723s] Level 1:colcon.colcon_core.environment:checking '/home/darkdev/Mechanical_Arm_Gazebo/install/robotic_hand_description/bin'
[0.724s] Level 1:colcon.colcon_core.environment:checking '/home/darkdev/Mechanical_Arm_Gazebo/install/robotic_hand_description/lib/pkgconfig/robotic_hand_description.pc'
[0.724s] Level 1:colcon.colcon_core.environment:checking '/home/darkdev/Mechanical_Arm_Gazebo/install/robotic_hand_description/lib/python3.10/site-packages'
[0.725s] Level 1:colcon.colcon_core.environment:checking '/home/darkdev/Mechanical_Arm_Gazebo/install/robotic_hand_description/bin'
[0.725s] INFO:colcon.colcon_core.shell:Creating package script '/home/darkdev/Mechanical_Arm_Gazebo/install/robotic_hand_description/share/robotic_hand_description/package.ps1'
[0.727s] INFO:colcon.colcon_core.shell:Creating package descriptor '/home/darkdev/Mechanical_Arm_Gazebo/install/robotic_hand_description/share/robotic_hand_description/package.dsv'
[0.728s] INFO:colcon.colcon_core.shell:Creating package script '/home/darkdev/Mechanical_Arm_Gazebo/install/robotic_hand_description/share/robotic_hand_description/package.sh'
[0.729s] INFO:colcon.colcon_core.shell:Creating package script '/home/darkdev/Mechanical_Arm_Gazebo/install/robotic_hand_description/share/robotic_hand_description/package.bash'
[0.730s] INFO:colcon.colcon_core.shell:Creating package script '/home/darkdev/Mechanical_Arm_Gazebo/install/robotic_hand_description/share/robotic_hand_description/package.zsh'
[0.731s] Level 1:colcon.colcon_core.environment:create_file_with_runtime_dependencies(/home/darkdev/Mechanical_Arm_Gazebo/install/robotic_hand_description/share/colcon-core/packages/robotic_hand_description)
[0.731s] INFO:colcon.colcon_ros.task.ament_cmake.build:Building ROS package in '/home/darkdev/Mechanical_Arm_Gazebo/src/robotic_hand_bringup' with build type 'ament_cmake'
[0.732s] INFO:colcon.colcon_cmake.task.cmake.build:Building CMake package in '/home/darkdev/Mechanical_Arm_Gazebo/src/robotic_hand_bringup'
[0.732s] INFO:colcon.colcon_core.shell:Skip shell extension 'powershell' for command environment: Not usable outside of PowerShell
[0.732s] DEBUG:colcon.colcon_core.shell:Skip shell extension 'dsv' for command environment
[0.759s] DEBUG:colcon.colcon_core.event_handler.log_command:Invoking command in '/home/darkdev/Mechanical_Arm_Gazebo/build/robotic_hand_bringup': CMAKE_PREFIX_PATH=/home/darkdev/Mechanical_Arm_Gazebo/install/robotic_hand_description:/home/darkdev/Mechanical_Arm_Gazebo/install/robotic_hand_bringup:/home/darkdev/ROS_Workspaces/FYDP_HARP/install/vision_module:/home/darkdev/ROS_Workspaces/FYDP_HARP/install/neck_module:/home/darkdev/ROS_Workspaces/FYDP_HARP/install/face_animations:/opt/ros/humble /usr/bin/cmake --build /home/darkdev/Mechanical_Arm_Gazebo/build/robotic_hand_bringup -- -j8 -l8
[0.859s] DEBUG:colcon.colcon_core.event_handler.log_command:Invoked command in '/home/darkdev/Mechanical_Arm_Gazebo/build/robotic_hand_bringup' returned '0': CMAKE_PREFIX_PATH=/home/darkdev/Mechanical_Arm_Gazebo/install/robotic_hand_description:/home/darkdev/Mechanical_Arm_Gazebo/install/robotic_hand_bringup:/home/darkdev/ROS_Workspaces/FYDP_HARP/install/vision_module:/home/darkdev/ROS_Workspaces/FYDP_HARP/install/neck_module:/home/darkdev/ROS_Workspaces/FYDP_HARP/install/face_animations:/opt/ros/humble /usr/bin/cmake --build /home/darkdev/Mechanical_Arm_Gazebo/build/robotic_hand_bringup -- -j8 -l8
[0.860s] DEBUG:colcon.colcon_core.event_handler.log_command:Invoking command in '/home/darkdev/Mechanical_Arm_Gazebo/build/robotic_hand_bringup': CMAKE_PREFIX_PATH=/home/darkdev/Mechanical_Arm_Gazebo/install/robotic_hand_description:/home/darkdev/Mechanical_Arm_Gazebo/install/robotic_hand_bringup:/home/darkdev/ROS_Workspaces/FYDP_HARP/install/vision_module:/home/darkdev/ROS_Workspaces/FYDP_HARP/install/neck_module:/home/darkdev/ROS_Workspaces/FYDP_HARP/install/face_animations:/opt/ros/humble /usr/bin/cmake --install /home/darkdev/Mechanical_Arm_Gazebo/build/robotic_hand_bringup
[0.887s] Level 1:colcon.colcon_core.environment:create_environment_scripts_only(robotic_hand_bringup)
[0.888s] Level 1:colcon.colcon_core.environment:checking '/home/darkdev/Mechanical_Arm_Gazebo/install/robotic_hand_bringup' for CMake module files
[0.889s] Level 1:colcon.colcon_core.environment:checking '/home/darkdev/Mechanical_Arm_Gazebo/install/robotic_hand_bringup' for CMake config files
[0.890s] Level 1:colcon.colcon_core.shell:create_environment_hook('robotic_hand_bringup', 'cmake_prefix_path')
[0.891s] INFO:colcon.colcon_core.shell:Creating environment hook '/home/darkdev/Mechanical_Arm_Gazebo/install/robotic_hand_bringup/share/robotic_hand_bringup/hook/cmake_prefix_path.ps1'
[0.892s] DEBUG:colcon.colcon_core.event_handler.log_command:Invoked command in '/home/darkdev/Mechanical_Arm_Gazebo/build/robotic_hand_bringup' returned '0': CMAKE_PREFIX_PATH=/home/darkdev/Mechanical_Arm_Gazebo/install/robotic_hand_description:/home/darkdev/Mechanical_Arm_Gazebo/install/robotic_hand_bringup:/home/darkdev/ROS_Workspaces/FYDP_HARP/install/vision_module:/home/darkdev/ROS_Workspaces/FYDP_HARP/install/neck_module:/home/darkdev/ROS_Workspaces/FYDP_HARP/install/face_animations:/opt/ros/humble /usr/bin/cmake --install /home/darkdev/Mechanical_Arm_Gazebo/build/robotic_hand_bringup
[0.893s] INFO:colcon.colcon_core.shell:Creating environment descriptor '/home/darkdev/Mechanical_Arm_Gazebo/install/robotic_hand_bringup/share/robotic_hand_bringup/hook/cmake_prefix_path.dsv'
[0.894s] INFO:colcon.colcon_core.shell:Creating environment hook '/home/darkdev/Mechanical_Arm_Gazebo/install/robotic_hand_bringup/share/robotic_hand_bringup/hook/cmake_prefix_path.sh'
[0.895s] Level 1:colcon.colcon_core.environment:checking '/home/darkdev/Mechanical_Arm_Gazebo/install/robotic_hand_bringup/bin'
[0.895s] Level 1:colcon.colcon_core.environment:checking '/home/darkdev/Mechanical_Arm_Gazebo/install/robotic_hand_bringup/lib/pkgconfig/robotic_hand_bringup.pc'
[0.896s] Level 1:colcon.colcon_core.environment:checking '/home/darkdev/Mechanical_Arm_Gazebo/install/robotic_hand_bringup/lib/python3.10/site-packages'
[0.896s] Level 1:colcon.colcon_core.environment:checking '/home/darkdev/Mechanical_Arm_Gazebo/install/robotic_hand_bringup/bin'
[0.897s] INFO:colcon.colcon_core.shell:Creating package script '/home/darkdev/Mechanical_Arm_Gazebo/install/robotic_hand_bringup/share/robotic_hand_bringup/package.ps1'
[0.898s] INFO:colcon.colcon_core.shell:Creating package descriptor '/home/darkdev/Mechanical_Arm_Gazebo/install/robotic_hand_bringup/share/robotic_hand_bringup/package.dsv'
[0.899s] INFO:colcon.colcon_core.shell:Creating package script '/home/darkdev/Mechanical_Arm_Gazebo/install/robotic_hand_bringup/share/robotic_hand_bringup/package.sh'
[0.900s] INFO:colcon.colcon_core.shell:Creating package script '/home/darkdev/Mechanical_Arm_Gazebo/install/robotic_hand_bringup/share/robotic_hand_bringup/package.bash'
[0.901s] INFO:colcon.colcon_core.shell:Creating package script '/home/darkdev/Mechanical_Arm_Gazebo/install/robotic_hand_bringup/share/robotic_hand_bringup/package.zsh'
[0.902s] Level 1:colcon.colcon_core.environment:create_file_with_runtime_dependencies(/home/darkdev/Mechanical_Arm_Gazebo/install/robotic_hand_bringup/share/colcon-core/packages/robotic_hand_bringup)
[0.903s] Level 1:colcon.colcon_core.environment:create_environment_scripts_only(robotic_hand_bringup)
[0.904s] Level 1:colcon.colcon_core.environment:checking '/home/darkdev/Mechanical_Arm_Gazebo/install/robotic_hand_bringup' for CMake module files
[0.905s] Level 1:colcon.colcon_core.environment:checking '/home/darkdev/Mechanical_Arm_Gazebo/install/robotic_hand_bringup' for CMake config files
[0.905s] Level 1:colcon.colcon_core.shell:create_environment_hook('robotic_hand_bringup', 'cmake_prefix_path')
[0.906s] INFO:colcon.colcon_core.shell:Creating environment hook '/home/darkdev/Mechanical_Arm_Gazebo/install/robotic_hand_bringup/share/robotic_hand_bringup/hook/cmake_prefix_path.ps1'
[0.907s] INFO:colcon.colcon_core.shell:Creating environment descriptor '/home/darkdev/Mechanical_Arm_Gazebo/install/robotic_hand_bringup/share/robotic_hand_bringup/hook/cmake_prefix_path.dsv'
[0.908s] INFO:colcon.colcon_core.shell:Creating environment hook '/home/darkdev/Mechanical_Arm_Gazebo/install/robotic_hand_bringup/share/robotic_hand_bringup/hook/cmake_prefix_path.sh'
[0.909s] Level 1:colcon.colcon_core.environment:checking '/home/darkdev/Mechanical_Arm_Gazebo/install/robotic_hand_bringup/bin'
[0.909s] Level 1:colcon.colcon_core.environment:checking '/home/darkdev/Mechanical_Arm_Gazebo/install/robotic_hand_bringup/lib/pkgconfig/robotic_hand_bringup.pc'
[0.910s] Level 1:colcon.colcon_core.environment:checking '/home/darkdev/Mechanical_Arm_Gazebo/install/robotic_hand_bringup/lib/python3.10/site-packages'
[0.910s] Level 1:colcon.colcon_core.environment:checking '/home/darkdev/Mechanical_Arm_Gazebo/install/robotic_hand_bringup/bin'
[0.911s] INFO:colcon.colcon_core.shell:Creating package script '/home/darkdev/Mechanical_Arm_Gazebo/install/robotic_hand_bringup/share/robotic_hand_bringup/package.ps1'
[0.913s] INFO:colcon.colcon_core.shell:Creating package descriptor '/home/darkdev/Mechanical_Arm_Gazebo/install/robotic_hand_bringup/share/robotic_hand_bringup/package.dsv'
[0.914s] INFO:colcon.colcon_core.shell:Creating package script '/home/darkdev/Mechanical_Arm_Gazebo/install/robotic_hand_bringup/share/robotic_hand_bringup/package.sh'
[0.915s] INFO:colcon.colcon_core.shell:Creating package script '/home/darkdev/Mechanical_Arm_Gazebo/install/robotic_hand_bringup/share/robotic_hand_bringup/package.bash'
[0.916s] INFO:colcon.colcon_core.shell:Creating package script '/home/darkdev/Mechanical_Arm_Gazebo/install/robotic_hand_bringup/share/robotic_hand_bringup/package.zsh'
[0.918s] Level 1:colcon.colcon_core.environment:create_file_with_runtime_dependencies(/home/darkdev/Mechanical_Arm_Gazebo/install/robotic_hand_bringup/share/colcon-core/packages/robotic_hand_bringup)
[1.773s] DEBUG:colcon.colcon_core.event_handler.log_command:Invoking command in '/home/darkdev/Mechanical_Arm_Gazebo/src/esp_serial': PYTHONPATH=/home/darkdev/Mechanical_Arm_Gazebo/build/esp_serial/prefix_override:/usr/lib/python3/dist-packages/colcon_core/task/python/colcon_distutils_commands:/home/darkdev/Mechanical_Arm_Gazebo/install/esp_serial/lib/python3.10/site-packages:${PYTHONPATH} /usr/bin/python3 -W ignore:setup.py install is deprecated -W ignore:easy_install command is deprecated setup.py egg_info --egg-base ../../build/esp_serial build --build-base /home/darkdev/Mechanical_Arm_Gazebo/build/esp_serial/build install --record /home/darkdev/Mechanical_Arm_Gazebo/build/esp_serial/install.log --single-version-externally-managed install_data
[2.736s] Level 1:colcon.colcon_core.environment:checking '/home/darkdev/Mechanical_Arm_Gazebo/install/esp_serial' for CMake module files
[2.738s] DEBUG:colcon.colcon_core.event_handler.log_command:Invoked command in '/home/darkdev/Mechanical_Arm_Gazebo/src/esp_serial' returned '0': PYTHONPATH=/home/darkdev/Mechanical_Arm_Gazebo/build/esp_serial/prefix_override:/usr/lib/python3/dist-packages/colcon_core/task/python/colcon_distutils_commands:/home/darkdev/Mechanical_Arm_Gazebo/install/esp_serial/lib/python3.10/site-packages:${PYTHONPATH} /usr/bin/python3 -W ignore:setup.py install is deprecated -W ignore:easy_install command is deprecated setup.py egg_info --egg-base ../../build/esp_serial build --build-base /home/darkdev/Mechanical_Arm_Gazebo/build/esp_serial/build install --record /home/darkdev/Mechanical_Arm_Gazebo/build/esp_serial/install.log --single-version-externally-managed install_data
[2.741s] Level 1:colcon.colcon_core.environment:checking '/home/darkdev/Mechanical_Arm_Gazebo/install/esp_serial' for CMake config files
[2.743s] Level 1:colcon.colcon_core.environment:checking '/home/darkdev/Mechanical_Arm_Gazebo/install/esp_serial/lib'
[2.743s] Level 1:colcon.colcon_core.environment:checking '/home/darkdev/Mechanical_Arm_Gazebo/install/esp_serial/bin'
[2.743s] Level 1:colcon.colcon_core.environment:checking '/home/darkdev/Mechanical_Arm_Gazebo/install/esp_serial/lib/pkgconfig/esp_serial.pc'
[2.744s] Level 1:colcon.colcon_core.environment:checking '/home/darkdev/Mechanical_Arm_Gazebo/install/esp_serial/lib/python3.10/site-packages'
[2.744s] Level 1:colcon.colcon_core.shell:create_environment_hook('esp_serial', 'pythonpath')
[2.745s] INFO:colcon.colcon_core.shell:Creating environment hook '/home/darkdev/Mechanical_Arm_Gazebo/install/esp_serial/share/esp_serial/hook/pythonpath.ps1'
[2.746s] INFO:colcon.colcon_core.shell:Creating environment descriptor '/home/darkdev/Mechanical_Arm_Gazebo/install/esp_serial/share/esp_serial/hook/pythonpath.dsv'
[2.746s] INFO:colcon.colcon_core.shell:Creating environment hook '/home/darkdev/Mechanical_Arm_Gazebo/install/esp_serial/share/esp_serial/hook/pythonpath.sh'
[2.748s] Level 1:colcon.colcon_core.environment:checking '/home/darkdev/Mechanical_Arm_Gazebo/install/esp_serial/bin'
[2.748s] Level 1:colcon.colcon_core.environment:create_environment_scripts_only(esp_serial)
[2.749s] INFO:colcon.colcon_core.shell:Creating package script '/home/darkdev/Mechanical_Arm_Gazebo/install/esp_serial/share/esp_serial/package.ps1'
[2.751s] INFO:colcon.colcon_core.shell:Creating package descriptor '/home/darkdev/Mechanical_Arm_Gazebo/install/esp_serial/share/esp_serial/package.dsv'
[2.752s] INFO:colcon.colcon_core.shell:Creating package script '/home/darkdev/Mechanical_Arm_Gazebo/install/esp_serial/share/esp_serial/package.sh'
[2.754s] INFO:colcon.colcon_core.shell:Creating package script '/home/darkdev/Mechanical_Arm_Gazebo/install/esp_serial/share/esp_serial/package.bash'
[2.755s] INFO:colcon.colcon_core.shell:Creating package script '/home/darkdev/Mechanical_Arm_Gazebo/install/esp_serial/share/esp_serial/package.zsh'
[2.755s] Level 1:colcon.colcon_core.environment:create_file_with_runtime_dependencies(/home/darkdev/Mechanical_Arm_Gazebo/install/esp_serial/share/colcon-core/packages/esp_serial)
[2.756s] DEBUG:colcon.colcon_parallel_executor.executor.parallel:closing loop
[2.756s] DEBUG:colcon.colcon_parallel_executor.executor.parallel:loop closed
[2.757s] DEBUG:colcon.colcon_parallel_executor.executor.parallel:run_until_complete finished with '0'
[2.757s] DEBUG:colcon.colcon_core.event_reactor:joining thread
[2.767s] INFO:colcon.colcon_core.plugin_system:Skipping extension 'colcon_notification.desktop_notification.terminal_notifier': Not used on non-Darwin systems
[2.767s] INFO:colcon.colcon_core.plugin_system:Skipping extension 'colcon_notification.desktop_notification.win32': Not used on non-Windows systems
[2.768s] INFO:colcon.colcon_notification.desktop_notification:Sending desktop notification using 'notify2'
[2.784s] DEBUG:colcon.colcon_core.event_reactor:joined thread
[2.785s] INFO:colcon.colcon_core.shell:Creating prefix script '/home/darkdev/Mechanical_Arm_Gazebo/install/local_setup.ps1'
[2.788s] INFO:colcon.colcon_core.shell:Creating prefix util module '/home/darkdev/Mechanical_Arm_Gazebo/install/_local_setup_util_ps1.py'
[2.792s] INFO:colcon.colcon_core.shell:Creating prefix chain script '/home/darkdev/Mechanical_Arm_Gazebo/install/setup.ps1'
[2.795s] INFO:colcon.colcon_core.shell:Creating prefix script '/home/darkdev/Mechanical_Arm_Gazebo/install/local_setup.sh'
[2.798s] INFO:colcon.colcon_core.shell:Creating prefix util module '/home/darkdev/Mechanical_Arm_Gazebo/install/_local_setup_util_sh.py'
[2.800s] INFO:colcon.colcon_core.shell:Creating prefix chain script '/home/darkdev/Mechanical_Arm_Gazebo/install/setup.sh'
[2.803s] INFO:colcon.colcon_core.shell:Creating prefix script '/home/darkdev/Mechanical_Arm_Gazebo/install/local_setup.bash'
[2.804s] INFO:colcon.colcon_core.shell:Creating prefix chain script '/home/darkdev/Mechanical_Arm_Gazebo/install/setup.bash'
[2.807s] INFO:colcon.colcon_core.shell:Creating prefix script '/home/darkdev/Mechanical_Arm_Gazebo/install/local_setup.zsh'
[2.808s] INFO:colcon.colcon_core.shell:Creating prefix chain script '/home/darkdev/Mechanical_Arm_Gazebo/install/setup.zsh'
