[0.018s] Invoking command in '/home/darkdev/Mechanical_Arm_Gazebo/build/robotic_hand_bringup': CMAKE_PREFIX_PATH=/home/darkdev/Mechanical_Arm_Gazebo/install/robotic_hand_description:/home/darkdev/Mechanical_Arm_Gazebo/install/robotic_hand_bringup:/home/darkdev/ROS_Workspaces/FYDP_HARP/install/vision_module:/home/darkdev/ROS_Workspaces/FYDP_HARP/install/neck_module:/home/darkdev/ROS_Workspaces/FYDP_HARP/install/face_animations:/opt/ros/humble /usr/bin/cmake --build /home/darkdev/Mechanical_Arm_Gazebo/build/robotic_hand_bringup -- -j8 -l8
[0.085s] Invoked command in '/home/darkdev/Mechanical_Arm_Gazebo/build/robotic_hand_bringup' returned '0': CMAKE_PREFIX_PATH=/home/darkdev/Mechanical_Arm_Gazebo/install/robotic_hand_description:/home/darkdev/Mechanical_Arm_Gazebo/install/robotic_hand_bringup:/home/darkdev/ROS_Workspaces/FYDP_HARP/install/vision_module:/home/darkdev/ROS_Workspaces/FYDP_HARP/install/neck_module:/home/darkdev/ROS_Workspaces/FYDP_HARP/install/face_animations:/opt/ros/humble /usr/bin/cmake --build /home/darkdev/Mechanical_Arm_Gazebo/build/robotic_hand_bringup -- -j8 -l8
[0.088s] Invoking command in '/home/darkdev/Mechanical_Arm_Gazebo/build/robotic_hand_bringup': CMAKE_PREFIX_PATH=/home/darkdev/Mechanical_Arm_Gazebo/install/robotic_hand_description:/home/darkdev/Mechanical_Arm_Gazebo/install/robotic_hand_bringup:/home/darkdev/ROS_Workspaces/FYDP_HARP/install/vision_module:/home/darkdev/ROS_Workspaces/FYDP_HARP/install/neck_module:/home/darkdev/ROS_Workspaces/FYDP_HARP/install/face_animations:/opt/ros/humble /usr/bin/cmake --install /home/darkdev/Mechanical_Arm_Gazebo/build/robotic_hand_bringup
[0.096s] -- Install configuration: ""
[0.096s] -- Up-to-date: /home/darkdev/Mechanical_Arm_Gazebo/install/robotic_hand_bringup/share/robotic_hand_bringup//launch
[0.096s] -- Up-to-date: /home/darkdev/Mechanical_Arm_Gazebo/install/robotic_hand_bringup/share/robotic_hand_bringup//launch/robotic_hand_gazebo.launch.xml
[0.097s] -- Up-to-date: /home/darkdev/Mechanical_Arm_Gazebo/install/robotic_hand_bringup/share/robotic_hand_bringup//rviz
[0.097s] -- Up-to-date: /home/darkdev/Mechanical_Arm_Gazebo/install/robotic_hand_bringup/share/robotic_hand_bringup//rviz/urdf_config.rviz
[0.097s] -- Up-to-date: /home/darkdev/Mechanical_Arm_Gazebo/install/robotic_hand_bringup/share/ament_index/resource_index/package_run_dependencies/robotic_hand_bringup
[0.097s] -- Up-to-date: /home/darkdev/Mechanical_Arm_Gazebo/install/robotic_hand_bringup/share/ament_index/resource_index/parent_prefix_path/robotic_hand_bringup
[0.097s] -- Up-to-date: /home/darkdev/Mechanical_Arm_Gazebo/install/robotic_hand_bringup/share/robotic_hand_bringup/environment/ament_prefix_path.sh
[0.098s] -- Up-to-date: /home/darkdev/Mechanical_Arm_Gazebo/install/robotic_hand_bringup/share/robotic_hand_bringup/environment/ament_prefix_path.dsv
[0.098s] -- Up-to-date: /home/darkdev/Mechanical_Arm_Gazebo/install/robotic_hand_bringup/share/robotic_hand_bringup/environment/path.sh
[0.098s] -- Up-to-date: /home/darkdev/Mechanical_Arm_Gazebo/install/robotic_hand_bringup/share/robotic_hand_bringup/environment/path.dsv
[0.098s] -- Up-to-date: /home/darkdev/Mechanical_Arm_Gazebo/install/robotic_hand_bringup/share/robotic_hand_bringup/local_setup.bash
[0.098s] -- Up-to-date: /home/darkdev/Mechanical_Arm_Gazebo/install/robotic_hand_bringup/share/robotic_hand_bringup/local_setup.sh
[0.098s] -- Up-to-date: /home/darkdev/Mechanical_Arm_Gazebo/install/robotic_hand_bringup/share/robotic_hand_bringup/local_setup.zsh
[0.099s] -- Up-to-date: /home/darkdev/Mechanical_Arm_Gazebo/install/robotic_hand_bringup/share/robotic_hand_bringup/local_setup.dsv
[0.099s] -- Up-to-date: /home/darkdev/Mechanical_Arm_Gazebo/install/robotic_hand_bringup/share/robotic_hand_bringup/package.dsv
[0.099s] -- Up-to-date: /home/darkdev/Mechanical_Arm_Gazebo/install/robotic_hand_bringup/share/ament_index/resource_index/packages/robotic_hand_bringup
[0.099s] -- Up-to-date: /home/darkdev/Mechanical_Arm_Gazebo/install/robotic_hand_bringup/share/robotic_hand_bringup/cmake/robotic_hand_bringupConfig.cmake
[0.099s] -- Up-to-date: /home/darkdev/Mechanical_Arm_Gazebo/install/robotic_hand_bringup/share/robotic_hand_bringup/cmake/robotic_hand_bringupConfig-version.cmake
[0.099s] -- Up-to-date: /home/darkdev/Mechanical_Arm_Gazebo/install/robotic_hand_bringup/share/robotic_hand_bringup/package.xml
[0.101s] Invoked command in '/home/darkdev/Mechanical_Arm_Gazebo/build/robotic_hand_bringup' returned '0': CMAKE_PREFIX_PATH=/home/darkdev/Mechanical_Arm_Gazebo/install/robotic_hand_description:/home/darkdev/Mechanical_Arm_Gazebo/install/robotic_hand_bringup:/home/darkdev/ROS_Workspaces/FYDP_HARP/install/vision_module:/home/darkdev/ROS_Workspaces/FYDP_HARP/install/neck_module:/home/darkdev/ROS_Workspaces/FYDP_HARP/install/face_animations:/opt/ros/humble /usr/bin/cmake --install /home/darkdev/Mechanical_Arm_Gazebo/build/robotic_hand_bringup
