[0.119s] DEBUG:colcon:Command line arguments: ['/usr/bin/colcon', 'build']
[0.119s] DEBUG:colcon:Parsed command line arguments: Namespace(log_base=None, log_level=None, verb_name='build', build_base='build', install_base='install', merge_install=False, symlink_install=False, test_result_base=None, continue_on_error=False, executor='parallel', parallel_workers=8, event_handlers=None, ignore_user_meta=False, metas=['./colcon.meta'], base_paths=['.'], packages_ignore=None, packages_ignore_regex=None, paths=None, packages_up_to=None, packages_up_to_regex=None, packages_above=None, packages_above_and_dependencies=None, packages_above_depth=None, packages_select_by_dep=None, packages_skip_by_dep=None, packages_skip_up_to=None, packages_select_build_failed=False, packages_skip_build_finished=False, packages_select_test_failures=False, packages_skip_test_passed=False, packages_select=None, packages_skip=None, packages_select_regex=None, packages_skip_regex=None, packages_start=None, packages_end=None, allow_overriding=[], cmake_args=None, cmake_target=None, cmake_target_skip_unavailable=False, cmake_clean_cache=False, cmake_clean_first=False, cmake_force_configure=False, ament_cmake_args=None, catkin_cmake_args=None, catkin_skip_building_tests=False, mixin_files=None, mixin=None, verb_parser=<colcon_mixin.mixin.mixin_argument.MixinArgumentDecorator object at 0x782bbd277970>, verb_extension=<colcon_core.verb.build.BuildVerb object at 0x782bbd276740>, main=<bound method BuildVerb.main of <colcon_core.verb.build.BuildVerb object at 0x782bbd276740>>, mixin_verb=('build',))
[0.163s] Level 1:colcon.colcon_core.package_discovery:discover_packages(colcon_meta) check parameters
[0.163s] Level 1:colcon.colcon_core.package_discovery:discover_packages(recursive) check parameters
[0.163s] Level 1:colcon.colcon_core.package_discovery:discover_packages(ignore) check parameters
[0.163s] Level 1:colcon.colcon_core.package_discovery:discover_packages(path) check parameters
[0.163s] Level 1:colcon.colcon_core.package_discovery:discover_packages(colcon_meta) discover
[0.163s] Level 1:colcon.colcon_core.package_discovery:discover_packages(recursive) discover
[0.163s] INFO:colcon.colcon_core.package_discovery:Crawling recursively for packages in '/home/darkdev/Mechanical_Arm_Gazebo'
[0.163s] Level 1:colcon.colcon_core.package_identification:_identify(.) by extensions ['ignore', 'ignore_ament_install']
[0.163s] Level 1:colcon.colcon_core.package_identification:_identify(.) by extension 'ignore'
[0.163s] Level 1:colcon.colcon_core.package_identification:_identify(.) by extension 'ignore_ament_install'
[0.164s] Level 1:colcon.colcon_core.package_identification:_identify(.) by extensions ['colcon_pkg']
[0.164s] Level 1:colcon.colcon_core.package_identification:_identify(.) by extension 'colcon_pkg'
[0.164s] Level 1:colcon.colcon_core.package_identification:_identify(.) by extensions ['colcon_meta']
[0.164s] Level 1:colcon.colcon_core.package_identification:_identify(.) by extension 'colcon_meta'
[0.164s] Level 1:colcon.colcon_core.package_identification:_identify(.) by extensions ['ros']
[0.164s] Level 1:colcon.colcon_core.package_identification:_identify(.) by extension 'ros'
[0.180s] Level 1:colcon.colcon_core.package_identification:_identify(.) by extensions ['cmake', 'python']
[0.180s] Level 1:colcon.colcon_core.package_identification:_identify(.) by extension 'cmake'
[0.180s] Level 1:colcon.colcon_core.package_identification:_identify(.) by extension 'python'
[0.180s] Level 1:colcon.colcon_core.package_identification:_identify(.) by extensions ['python_setup_py']
[0.180s] Level 1:colcon.colcon_core.package_identification:_identify(.) by extension 'python_setup_py'
[0.180s] Level 1:colcon.colcon_core.package_identification:_identify(build) by extensions ['ignore', 'ignore_ament_install']
[0.180s] Level 1:colcon.colcon_core.package_identification:_identify(build) by extension 'ignore'
[0.180s] Level 1:colcon.colcon_core.package_identification:_identify(build) ignored
[0.180s] Level 1:colcon.colcon_core.package_identification:_identify(install) by extensions ['ignore', 'ignore_ament_install']
[0.181s] Level 1:colcon.colcon_core.package_identification:_identify(install) by extension 'ignore'
[0.181s] Level 1:colcon.colcon_core.package_identification:_identify(install) ignored
[0.181s] Level 1:colcon.colcon_core.package_identification:_identify(log) by extensions ['ignore', 'ignore_ament_install']
[0.181s] Level 1:colcon.colcon_core.package_identification:_identify(log) by extension 'ignore'
[0.181s] Level 1:colcon.colcon_core.package_identification:_identify(log) ignored
[0.181s] Level 1:colcon.colcon_core.package_identification:_identify(src) by extensions ['ignore', 'ignore_ament_install']
[0.181s] Level 1:colcon.colcon_core.package_identification:_identify(src) by extension 'ignore'
[0.181s] Level 1:colcon.colcon_core.package_identification:_identify(src) by extension 'ignore_ament_install'
[0.181s] Level 1:colcon.colcon_core.package_identification:_identify(src) by extensions ['colcon_pkg']
[0.181s] Level 1:colcon.colcon_core.package_identification:_identify(src) by extension 'colcon_pkg'
[0.181s] Level 1:colcon.colcon_core.package_identification:_identify(src) by extensions ['colcon_meta']
[0.181s] Level 1:colcon.colcon_core.package_identification:_identify(src) by extension 'colcon_meta'
[0.181s] Level 1:colcon.colcon_core.package_identification:_identify(src) by extensions ['ros']
[0.181s] Level 1:colcon.colcon_core.package_identification:_identify(src) by extension 'ros'
[0.181s] Level 1:colcon.colcon_core.package_identification:_identify(src) by extensions ['cmake', 'python']
[0.181s] Level 1:colcon.colcon_core.package_identification:_identify(src) by extension 'cmake'
[0.182s] Level 1:colcon.colcon_core.package_identification:_identify(src) by extension 'python'
[0.182s] Level 1:colcon.colcon_core.package_identification:_identify(src) by extensions ['python_setup_py']
[0.182s] Level 1:colcon.colcon_core.package_identification:_identify(src) by extension 'python_setup_py'
[0.182s] Level 1:colcon.colcon_core.package_identification:_identify(src/esp_serial) by extensions ['ignore', 'ignore_ament_install']
[0.182s] Level 1:colcon.colcon_core.package_identification:_identify(src/esp_serial) by extension 'ignore'
[0.182s] Level 1:colcon.colcon_core.package_identification:_identify(src/esp_serial) by extension 'ignore_ament_install'
[0.182s] Level 1:colcon.colcon_core.package_identification:_identify(src/esp_serial) by extensions ['colcon_pkg']
[0.182s] Level 1:colcon.colcon_core.package_identification:_identify(src/esp_serial) by extension 'colcon_pkg'
[0.182s] Level 1:colcon.colcon_core.package_identification:_identify(src/esp_serial) by extensions ['colcon_meta']
[0.182s] Level 1:colcon.colcon_core.package_identification:_identify(src/esp_serial) by extension 'colcon_meta'
[0.182s] Level 1:colcon.colcon_core.package_identification:_identify(src/esp_serial) by extensions ['ros']
[0.182s] Level 1:colcon.colcon_core.package_identification:_identify(src/esp_serial) by extension 'ros'
[0.184s] DEBUG:colcon.colcon_core.package_identification:Package 'src/esp_serial' with type 'ros.ament_python' and name 'esp_serial'
[0.185s] Level 1:colcon.colcon_core.package_identification:_identify(src/robotic_hand_bringup) by extensions ['ignore', 'ignore_ament_install']
[0.185s] Level 1:colcon.colcon_core.package_identification:_identify(src/robotic_hand_bringup) by extension 'ignore'
[0.185s] Level 1:colcon.colcon_core.package_identification:_identify(src/robotic_hand_bringup) by extension 'ignore_ament_install'
[0.185s] Level 1:colcon.colcon_core.package_identification:_identify(src/robotic_hand_bringup) by extensions ['colcon_pkg']
[0.185s] Level 1:colcon.colcon_core.package_identification:_identify(src/robotic_hand_bringup) by extension 'colcon_pkg'
[0.185s] Level 1:colcon.colcon_core.package_identification:_identify(src/robotic_hand_bringup) by extensions ['colcon_meta']
[0.185s] Level 1:colcon.colcon_core.package_identification:_identify(src/robotic_hand_bringup) by extension 'colcon_meta'
[0.185s] Level 1:colcon.colcon_core.package_identification:_identify(src/robotic_hand_bringup) by extensions ['ros']
[0.185s] Level 1:colcon.colcon_core.package_identification:_identify(src/robotic_hand_bringup) by extension 'ros'
[0.186s] DEBUG:colcon.colcon_core.package_identification:Package 'src/robotic_hand_bringup' with type 'ros.ament_cmake' and name 'robotic_hand_bringup'
[0.186s] Level 1:colcon.colcon_core.package_identification:_identify(src/robotic_hand_description) by extensions ['ignore', 'ignore_ament_install']
[0.186s] Level 1:colcon.colcon_core.package_identification:_identify(src/robotic_hand_description) by extension 'ignore'
[0.186s] Level 1:colcon.colcon_core.package_identification:_identify(src/robotic_hand_description) by extension 'ignore_ament_install'
[0.186s] Level 1:colcon.colcon_core.package_identification:_identify(src/robotic_hand_description) by extensions ['colcon_pkg']
[0.186s] Level 1:colcon.colcon_core.package_identification:_identify(src/robotic_hand_description) by extension 'colcon_pkg'
[0.186s] Level 1:colcon.colcon_core.package_identification:_identify(src/robotic_hand_description) by extensions ['colcon_meta']
[0.186s] Level 1:colcon.colcon_core.package_identification:_identify(src/robotic_hand_description) by extension 'colcon_meta'
[0.186s] Level 1:colcon.colcon_core.package_identification:_identify(src/robotic_hand_description) by extensions ['ros']
[0.186s] Level 1:colcon.colcon_core.package_identification:_identify(src/robotic_hand_description) by extension 'ros'
[0.187s] DEBUG:colcon.colcon_core.package_identification:Package 'src/robotic_hand_description' with type 'ros.ament_cmake' and name 'robotic_hand_description'
[0.187s] Level 1:colcon.colcon_core.package_discovery:discover_packages(recursive) using defaults
[0.187s] Level 1:colcon.colcon_core.package_discovery:discover_packages(ignore) discover
[0.187s] Level 1:colcon.colcon_core.package_discovery:discover_packages(ignore) using defaults
[0.187s] Level 1:colcon.colcon_core.package_discovery:discover_packages(path) discover
[0.187s] Level 1:colcon.colcon_core.package_discovery:discover_packages(path) using defaults
[0.209s] Level 1:colcon.colcon_core.package_discovery:discover_packages(prefix_path) check parameters
[0.209s] Level 1:colcon.colcon_core.package_discovery:discover_packages(prefix_path) discover
[0.211s] DEBUG:colcon.colcon_installed_package_information.package_discovery:Found 3 installed packages in /home/darkdev/ROS_Workspaces/FYDP_HARP/install
[0.212s] DEBUG:colcon.colcon_installed_package_information.package_discovery:Found 0 installed packages in /home/darkdev/ros2_testspace/install
[0.212s] DEBUG:colcon.colcon_installed_package_information.package_discovery:Found 3 installed packages in /home/darkdev/Mechanical_Arm_Gazebo/install
[0.214s] DEBUG:colcon.colcon_installed_package_information.package_discovery:Found 301 installed packages in /opt/ros/humble
[0.215s] Level 1:colcon.colcon_core.package_discovery:discover_packages(prefix_path) using defaults
[0.257s] Level 5:colcon.colcon_core.verb:set package 'esp_serial' build argument 'cmake_args' from command line to 'None'
[0.257s] Level 5:colcon.colcon_core.verb:set package 'esp_serial' build argument 'cmake_target' from command line to 'None'
[0.257s] Level 5:colcon.colcon_core.verb:set package 'esp_serial' build argument 'cmake_target_skip_unavailable' from command line to 'False'
[0.257s] Level 5:colcon.colcon_core.verb:set package 'esp_serial' build argument 'cmake_clean_cache' from command line to 'False'
[0.257s] Level 5:colcon.colcon_core.verb:set package 'esp_serial' build argument 'cmake_clean_first' from command line to 'False'
[0.257s] Level 5:colcon.colcon_core.verb:set package 'esp_serial' build argument 'cmake_force_configure' from command line to 'False'
[0.257s] Level 5:colcon.colcon_core.verb:set package 'esp_serial' build argument 'ament_cmake_args' from command line to 'None'
[0.257s] Level 5:colcon.colcon_core.verb:set package 'esp_serial' build argument 'catkin_cmake_args' from command line to 'None'
[0.257s] Level 5:colcon.colcon_core.verb:set package 'esp_serial' build argument 'catkin_skip_building_tests' from command line to 'False'
[0.257s] DEBUG:colcon.colcon_core.verb:Building package 'esp_serial' with the following arguments: {'ament_cmake_args': None, 'build_base': '/home/darkdev/Mechanical_Arm_Gazebo/build/esp_serial', 'catkin_cmake_args': None, 'catkin_skip_building_tests': False, 'cmake_args': None, 'cmake_clean_cache': False, 'cmake_clean_first': False, 'cmake_force_configure': False, 'cmake_target': None, 'cmake_target_skip_unavailable': False, 'install_base': '/home/darkdev/Mechanical_Arm_Gazebo/install/esp_serial', 'merge_install': False, 'path': '/home/darkdev/Mechanical_Arm_Gazebo/src/esp_serial', 'symlink_install': False, 'test_result_base': None}
[0.257s] Level 5:colcon.colcon_core.verb:set package 'robotic_hand_description' build argument 'cmake_args' from command line to 'None'
[0.257s] Level 5:colcon.colcon_core.verb:set package 'robotic_hand_description' build argument 'cmake_target' from command line to 'None'
[0.257s] Level 5:colcon.colcon_core.verb:set package 'robotic_hand_description' build argument 'cmake_target_skip_unavailable' from command line to 'False'
[0.257s] Level 5:colcon.colcon_core.verb:set package 'robotic_hand_description' build argument 'cmake_clean_cache' from command line to 'False'
[0.257s] Level 5:colcon.colcon_core.verb:set package 'robotic_hand_description' build argument 'cmake_clean_first' from command line to 'False'
[0.257s] Level 5:colcon.colcon_core.verb:set package 'robotic_hand_description' build argument 'cmake_force_configure' from command line to 'False'
[0.257s] Level 5:colcon.colcon_core.verb:set package 'robotic_hand_description' build argument 'ament_cmake_args' from command line to 'None'
[0.257s] Level 5:colcon.colcon_core.verb:set package 'robotic_hand_description' build argument 'catkin_cmake_args' from command line to 'None'
[0.257s] Level 5:colcon.colcon_core.verb:set package 'robotic_hand_description' build argument 'catkin_skip_building_tests' from command line to 'False'
[0.257s] DEBUG:colcon.colcon_core.verb:Building package 'robotic_hand_description' with the following arguments: {'ament_cmake_args': None, 'build_base': '/home/darkdev/Mechanical_Arm_Gazebo/build/robotic_hand_description', 'catkin_cmake_args': None, 'catkin_skip_building_tests': False, 'cmake_args': None, 'cmake_clean_cache': False, 'cmake_clean_first': False, 'cmake_force_configure': False, 'cmake_target': None, 'cmake_target_skip_unavailable': False, 'install_base': '/home/darkdev/Mechanical_Arm_Gazebo/install/robotic_hand_description', 'merge_install': False, 'path': '/home/darkdev/Mechanical_Arm_Gazebo/src/robotic_hand_description', 'symlink_install': False, 'test_result_base': None}
[0.258s] Level 5:colcon.colcon_core.verb:set package 'robotic_hand_bringup' build argument 'cmake_args' from command line to 'None'
[0.258s] Level 5:colcon.colcon_core.verb:set package 'robotic_hand_bringup' build argument 'cmake_target' from command line to 'None'
[0.258s] Level 5:colcon.colcon_core.verb:set package 'robotic_hand_bringup' build argument 'cmake_target_skip_unavailable' from command line to 'False'
[0.258s] Level 5:colcon.colcon_core.verb:set package 'robotic_hand_bringup' build argument 'cmake_clean_cache' from command line to 'False'
[0.258s] Level 5:colcon.colcon_core.verb:set package 'robotic_hand_bringup' build argument 'cmake_clean_first' from command line to 'False'
[0.258s] Level 5:colcon.colcon_core.verb:set package 'robotic_hand_bringup' build argument 'cmake_force_configure' from command line to 'False'
[0.258s] Level 5:colcon.colcon_core.verb:set package 'robotic_hand_bringup' build argument 'ament_cmake_args' from command line to 'None'
[0.258s] Level 5:colcon.colcon_core.verb:set package 'robotic_hand_bringup' build argument 'catkin_cmake_args' from command line to 'None'
[0.258s] Level 5:colcon.colcon_core.verb:set package 'robotic_hand_bringup' build argument 'catkin_skip_building_tests' from command line to 'False'
[0.258s] DEBUG:colcon.colcon_core.verb:Building package 'robotic_hand_bringup' with the following arguments: {'ament_cmake_args': None, 'build_base': '/home/darkdev/Mechanical_Arm_Gazebo/build/robotic_hand_bringup', 'catkin_cmake_args': None, 'catkin_skip_building_tests': False, 'cmake_args': None, 'cmake_clean_cache': False, 'cmake_clean_first': False, 'cmake_force_configure': False, 'cmake_target': None, 'cmake_target_skip_unavailable': False, 'install_base': '/home/darkdev/Mechanical_Arm_Gazebo/install/robotic_hand_bringup', 'merge_install': False, 'path': '/home/darkdev/Mechanical_Arm_Gazebo/src/robotic_hand_bringup', 'symlink_install': False, 'test_result_base': None}
[0.258s] INFO:colcon.colcon_core.executor:Executing jobs using 'parallel' executor
[0.259s] DEBUG:colcon.colcon_parallel_executor.executor.parallel:run_until_complete
[0.259s] INFO:colcon.colcon_ros.task.ament_cmake.build:Building ROS package in '/home/darkdev/Mechanical_Arm_Gazebo/src/robotic_hand_description' with build type 'ament_cmake'
[0.259s] INFO:colcon.colcon_cmake.task.cmake.build:Building CMake package in '/home/darkdev/Mechanical_Arm_Gazebo/src/robotic_hand_description'
[0.262s] INFO:colcon.colcon_core.plugin_system:Skipping extension 'colcon_core.shell.bat': Not used on non-Windows systems
[0.262s] INFO:colcon.colcon_core.shell:Skip shell extension 'powershell' for command environment: Not usable outside of PowerShell
[0.262s] DEBUG:colcon.colcon_core.shell:Skip shell extension 'dsv' for command environment
[0.267s] INFO:colcon.colcon_ros.task.ament_python.build:Building ROS package in '/home/darkdev/Mechanical_Arm_Gazebo/src/esp_serial' with build type 'ament_python'
[0.267s] Level 1:colcon.colcon_core.shell:create_environment_hook('esp_serial', 'ament_prefix_path')
[0.267s] INFO:colcon.colcon_core.shell:Creating environment hook '/home/darkdev/Mechanical_Arm_Gazebo/install/esp_serial/share/esp_serial/hook/ament_prefix_path.ps1'
[0.269s] INFO:colcon.colcon_core.shell:Creating environment descriptor '/home/darkdev/Mechanical_Arm_Gazebo/install/esp_serial/share/esp_serial/hook/ament_prefix_path.dsv'
[0.269s] INFO:colcon.colcon_core.shell:Creating environment hook '/home/darkdev/Mechanical_Arm_Gazebo/install/esp_serial/share/esp_serial/hook/ament_prefix_path.sh'
[0.270s] INFO:colcon.colcon_core.shell:Skip shell extension 'powershell' for command environment: Not usable outside of PowerShell
[0.271s] DEBUG:colcon.colcon_core.shell:Skip shell extension 'dsv' for command environment
[0.286s] DEBUG:colcon.colcon_core.event_handler.log_command:Invoking command in '/home/darkdev/Mechanical_Arm_Gazebo/build/robotic_hand_description': CMAKE_PREFIX_PATH=${CMAKE_PREFIX_PATH}:/home/darkdev/ROS_Workspaces/FYDP_HARP/install/vision_module:/home/darkdev/ROS_Workspaces/FYDP_HARP/install/neck_module:/home/darkdev/ROS_Workspaces/FYDP_HARP/install/face_animations:/opt/ros/humble /usr/bin/cmake --build /home/darkdev/Mechanical_Arm_Gazebo/build/robotic_hand_description -- -j8 -l8
[0.639s] INFO:colcon.colcon_core.task.python.build:Building Python package in '/home/darkdev/Mechanical_Arm_Gazebo/src/esp_serial'
[0.640s] INFO:colcon.colcon_core.shell:Skip shell extension 'powershell' for command environment: Not usable outside of PowerShell
[0.640s] DEBUG:colcon.colcon_core.shell:Skip shell extension 'dsv' for command environment
[0.645s] DEBUG:colcon.colcon_core.event_handler.log_command:Invoked command in '/home/darkdev/Mechanical_Arm_Gazebo/build/robotic_hand_description' returned '0': CMAKE_PREFIX_PATH=${CMAKE_PREFIX_PATH}:/home/darkdev/ROS_Workspaces/FYDP_HARP/install/vision_module:/home/darkdev/ROS_Workspaces/FYDP_HARP/install/neck_module:/home/darkdev/ROS_Workspaces/FYDP_HARP/install/face_animations:/opt/ros/humble /usr/bin/cmake --build /home/darkdev/Mechanical_Arm_Gazebo/build/robotic_hand_description -- -j8 -l8
[0.655s] DEBUG:colcon.colcon_core.event_handler.log_command:Invoking command in '/home/darkdev/Mechanical_Arm_Gazebo/build/robotic_hand_description': CMAKE_PREFIX_PATH=${CMAKE_PREFIX_PATH}:/home/darkdev/ROS_Workspaces/FYDP_HARP/install/vision_module:/home/darkdev/ROS_Workspaces/FYDP_HARP/install/neck_module:/home/darkdev/ROS_Workspaces/FYDP_HARP/install/face_animations:/opt/ros/humble /usr/bin/cmake --install /home/darkdev/Mechanical_Arm_Gazebo/build/robotic_hand_description
[0.667s] Level 1:colcon.colcon_core.environment:create_environment_scripts_only(robotic_hand_description)
[0.668s] DEBUG:colcon.colcon_core.event_handler.log_command:Invoked command in '/home/darkdev/Mechanical_Arm_Gazebo/build/robotic_hand_description' returned '0': CMAKE_PREFIX_PATH=${CMAKE_PREFIX_PATH}:/home/darkdev/ROS_Workspaces/FYDP_HARP/install/vision_module:/home/darkdev/ROS_Workspaces/FYDP_HARP/install/neck_module:/home/darkdev/ROS_Workspaces/FYDP_HARP/install/face_animations:/opt/ros/humble /usr/bin/cmake --install /home/darkdev/Mechanical_Arm_Gazebo/build/robotic_hand_description
[0.672s] Level 1:colcon.colcon_core.environment:checking '/home/darkdev/Mechanical_Arm_Gazebo/install/robotic_hand_description' for CMake module files
[0.673s] Level 1:colcon.colcon_core.environment:checking '/home/darkdev/Mechanical_Arm_Gazebo/install/robotic_hand_description' for CMake config files
[0.674s] Level 1:colcon.colcon_core.shell:create_environment_hook('robotic_hand_description', 'cmake_prefix_path')
[0.674s] INFO:colcon.colcon_core.shell:Creating environment hook '/home/darkdev/Mechanical_Arm_Gazebo/install/robotic_hand_description/share/robotic_hand_description/hook/cmake_prefix_path.ps1'
[0.675s] INFO:colcon.colcon_core.shell:Creating environment descriptor '/home/darkdev/Mechanical_Arm_Gazebo/install/robotic_hand_description/share/robotic_hand_description/hook/cmake_prefix_path.dsv'
[0.676s] INFO:colcon.colcon_core.shell:Creating environment hook '/home/darkdev/Mechanical_Arm_Gazebo/install/robotic_hand_description/share/robotic_hand_description/hook/cmake_prefix_path.sh'
[0.677s] Level 1:colcon.colcon_core.environment:checking '/home/darkdev/Mechanical_Arm_Gazebo/install/robotic_hand_description/bin'
[0.677s] Level 1:colcon.colcon_core.environment:checking '/home/darkdev/Mechanical_Arm_Gazebo/install/robotic_hand_description/lib/pkgconfig/robotic_hand_description.pc'
[0.678s] Level 1:colcon.colcon_core.environment:checking '/home/darkdev/Mechanical_Arm_Gazebo/install/robotic_hand_description/lib/python3.10/site-packages'
[0.678s] Level 1:colcon.colcon_core.environment:checking '/home/darkdev/Mechanical_Arm_Gazebo/install/robotic_hand_description/bin'
[0.679s] INFO:colcon.colcon_core.shell:Creating package script '/home/darkdev/Mechanical_Arm_Gazebo/install/robotic_hand_description/share/robotic_hand_description/package.ps1'
[0.681s] INFO:colcon.colcon_core.shell:Creating package descriptor '/home/darkdev/Mechanical_Arm_Gazebo/install/robotic_hand_description/share/robotic_hand_description/package.dsv'
[0.682s] INFO:colcon.colcon_core.shell:Creating package script '/home/darkdev/Mechanical_Arm_Gazebo/install/robotic_hand_description/share/robotic_hand_description/package.sh'
[0.685s] INFO:colcon.colcon_core.shell:Creating package script '/home/darkdev/Mechanical_Arm_Gazebo/install/robotic_hand_description/share/robotic_hand_description/package.bash'
[0.687s] INFO:colcon.colcon_core.shell:Creating package script '/home/darkdev/Mechanical_Arm_Gazebo/install/robotic_hand_description/share/robotic_hand_description/package.zsh'
[0.689s] Level 1:colcon.colcon_core.environment:create_file_with_runtime_dependencies(/home/darkdev/Mechanical_Arm_Gazebo/install/robotic_hand_description/share/colcon-core/packages/robotic_hand_description)
[0.691s] Level 1:colcon.colcon_core.environment:create_environment_scripts_only(robotic_hand_description)
[0.692s] Level 1:colcon.colcon_core.environment:checking '/home/darkdev/Mechanical_Arm_Gazebo/install/robotic_hand_description' for CMake module files
[0.693s] Level 1:colcon.colcon_core.environment:checking '/home/darkdev/Mechanical_Arm_Gazebo/install/robotic_hand_description' for CMake config files
[0.694s] Level 1:colcon.colcon_core.shell:create_environment_hook('robotic_hand_description', 'cmake_prefix_path')
[0.695s] INFO:colcon.colcon_core.shell:Creating environment hook '/home/darkdev/Mechanical_Arm_Gazebo/install/robotic_hand_description/share/robotic_hand_description/hook/cmake_prefix_path.ps1'
[0.697s] INFO:colcon.colcon_core.shell:Creating environment descriptor '/home/darkdev/Mechanical_Arm_Gazebo/install/robotic_hand_description/share/robotic_hand_description/hook/cmake_prefix_path.dsv'
[0.698s] INFO:colcon.colcon_core.shell:Creating environment hook '/home/darkdev/Mechanical_Arm_Gazebo/install/robotic_hand_description/share/robotic_hand_description/hook/cmake_prefix_path.sh'
[0.699s] Level 1:colcon.colcon_core.environment:checking '/home/darkdev/Mechanical_Arm_Gazebo/install/robotic_hand_description/bin'
[0.701s] Level 1:colcon.colcon_core.environment:checking '/home/darkdev/Mechanical_Arm_Gazebo/install/robotic_hand_description/lib/pkgconfig/robotic_hand_description.pc'
[0.701s] Level 1:colcon.colcon_core.environment:checking '/home/darkdev/Mechanical_Arm_Gazebo/install/robotic_hand_description/lib/python3.10/site-packages'
[0.702s] Level 1:colcon.colcon_core.environment:checking '/home/darkdev/Mechanical_Arm_Gazebo/install/robotic_hand_description/bin'
[0.702s] INFO:colcon.colcon_core.shell:Creating package script '/home/darkdev/Mechanical_Arm_Gazebo/install/robotic_hand_description/share/robotic_hand_description/package.ps1'
[0.703s] INFO:colcon.colcon_core.shell:Creating package descriptor '/home/darkdev/Mechanical_Arm_Gazebo/install/robotic_hand_description/share/robotic_hand_description/package.dsv'
[0.704s] INFO:colcon.colcon_core.shell:Creating package script '/home/darkdev/Mechanical_Arm_Gazebo/install/robotic_hand_description/share/robotic_hand_description/package.sh'
[0.705s] INFO:colcon.colcon_core.shell:Creating package script '/home/darkdev/Mechanical_Arm_Gazebo/install/robotic_hand_description/share/robotic_hand_description/package.bash'
[0.706s] INFO:colcon.colcon_core.shell:Creating package script '/home/darkdev/Mechanical_Arm_Gazebo/install/robotic_hand_description/share/robotic_hand_description/package.zsh'
[0.707s] Level 1:colcon.colcon_core.environment:create_file_with_runtime_dependencies(/home/darkdev/Mechanical_Arm_Gazebo/install/robotic_hand_description/share/colcon-core/packages/robotic_hand_description)
[0.707s] INFO:colcon.colcon_ros.task.ament_cmake.build:Building ROS package in '/home/darkdev/Mechanical_Arm_Gazebo/src/robotic_hand_bringup' with build type 'ament_cmake'
[0.707s] INFO:colcon.colcon_cmake.task.cmake.build:Building CMake package in '/home/darkdev/Mechanical_Arm_Gazebo/src/robotic_hand_bringup'
[0.708s] INFO:colcon.colcon_core.shell:Skip shell extension 'powershell' for command environment: Not usable outside of PowerShell
[0.708s] DEBUG:colcon.colcon_core.shell:Skip shell extension 'dsv' for command environment
[0.726s] DEBUG:colcon.colcon_core.event_handler.log_command:Invoking command in '/home/darkdev/Mechanical_Arm_Gazebo/build/robotic_hand_bringup': CMAKE_PREFIX_PATH=/home/darkdev/Mechanical_Arm_Gazebo/install/robotic_hand_description:/home/darkdev/Mechanical_Arm_Gazebo/install/robotic_hand_bringup:/home/darkdev/ROS_Workspaces/FYDP_HARP/install/vision_module:/home/darkdev/ROS_Workspaces/FYDP_HARP/install/neck_module:/home/darkdev/ROS_Workspaces/FYDP_HARP/install/face_animations:/opt/ros/humble /usr/bin/cmake --build /home/darkdev/Mechanical_Arm_Gazebo/build/robotic_hand_bringup -- -j8 -l8
[0.803s] DEBUG:colcon.colcon_core.event_handler.log_command:Invoked command in '/home/darkdev/Mechanical_Arm_Gazebo/build/robotic_hand_bringup' returned '0': CMAKE_PREFIX_PATH=/home/darkdev/Mechanical_Arm_Gazebo/install/robotic_hand_description:/home/darkdev/Mechanical_Arm_Gazebo/install/robotic_hand_bringup:/home/darkdev/ROS_Workspaces/FYDP_HARP/install/vision_module:/home/darkdev/ROS_Workspaces/FYDP_HARP/install/neck_module:/home/darkdev/ROS_Workspaces/FYDP_HARP/install/face_animations:/opt/ros/humble /usr/bin/cmake --build /home/darkdev/Mechanical_Arm_Gazebo/build/robotic_hand_bringup -- -j8 -l8
[0.804s] DEBUG:colcon.colcon_core.event_handler.log_command:Invoking command in '/home/darkdev/Mechanical_Arm_Gazebo/build/robotic_hand_bringup': CMAKE_PREFIX_PATH=/home/darkdev/Mechanical_Arm_Gazebo/install/robotic_hand_description:/home/darkdev/Mechanical_Arm_Gazebo/install/robotic_hand_bringup:/home/darkdev/ROS_Workspaces/FYDP_HARP/install/vision_module:/home/darkdev/ROS_Workspaces/FYDP_HARP/install/neck_module:/home/darkdev/ROS_Workspaces/FYDP_HARP/install/face_animations:/opt/ros/humble /usr/bin/cmake --install /home/darkdev/Mechanical_Arm_Gazebo/build/robotic_hand_bringup
[0.824s] Level 1:colcon.colcon_core.environment:create_environment_scripts_only(robotic_hand_bringup)
[0.824s] Level 1:colcon.colcon_core.environment:checking '/home/darkdev/Mechanical_Arm_Gazebo/install/robotic_hand_bringup' for CMake module files
[0.826s] Level 1:colcon.colcon_core.environment:checking '/home/darkdev/Mechanical_Arm_Gazebo/install/robotic_hand_bringup' for CMake config files
[0.826s] Level 1:colcon.colcon_core.shell:create_environment_hook('robotic_hand_bringup', 'cmake_prefix_path')
[0.827s] INFO:colcon.colcon_core.shell:Creating environment hook '/home/darkdev/Mechanical_Arm_Gazebo/install/robotic_hand_bringup/share/robotic_hand_bringup/hook/cmake_prefix_path.ps1'
[0.828s] DEBUG:colcon.colcon_core.event_handler.log_command:Invoked command in '/home/darkdev/Mechanical_Arm_Gazebo/build/robotic_hand_bringup' returned '0': CMAKE_PREFIX_PATH=/home/darkdev/Mechanical_Arm_Gazebo/install/robotic_hand_description:/home/darkdev/Mechanical_Arm_Gazebo/install/robotic_hand_bringup:/home/darkdev/ROS_Workspaces/FYDP_HARP/install/vision_module:/home/darkdev/ROS_Workspaces/FYDP_HARP/install/neck_module:/home/darkdev/ROS_Workspaces/FYDP_HARP/install/face_animations:/opt/ros/humble /usr/bin/cmake --install /home/darkdev/Mechanical_Arm_Gazebo/build/robotic_hand_bringup
[0.829s] INFO:colcon.colcon_core.shell:Creating environment descriptor '/home/darkdev/Mechanical_Arm_Gazebo/install/robotic_hand_bringup/share/robotic_hand_bringup/hook/cmake_prefix_path.dsv'
[0.830s] INFO:colcon.colcon_core.shell:Creating environment hook '/home/darkdev/Mechanical_Arm_Gazebo/install/robotic_hand_bringup/share/robotic_hand_bringup/hook/cmake_prefix_path.sh'
[0.832s] Level 1:colcon.colcon_core.environment:checking '/home/darkdev/Mechanical_Arm_Gazebo/install/robotic_hand_bringup/bin'
[0.832s] Level 1:colcon.colcon_core.environment:checking '/home/darkdev/Mechanical_Arm_Gazebo/install/robotic_hand_bringup/lib/pkgconfig/robotic_hand_bringup.pc'
[0.832s] Level 1:colcon.colcon_core.environment:checking '/home/darkdev/Mechanical_Arm_Gazebo/install/robotic_hand_bringup/lib/python3.10/site-packages'
[0.833s] Level 1:colcon.colcon_core.environment:checking '/home/darkdev/Mechanical_Arm_Gazebo/install/robotic_hand_bringup/bin'
[0.834s] INFO:colcon.colcon_core.shell:Creating package script '/home/darkdev/Mechanical_Arm_Gazebo/install/robotic_hand_bringup/share/robotic_hand_bringup/package.ps1'
[0.835s] INFO:colcon.colcon_core.shell:Creating package descriptor '/home/darkdev/Mechanical_Arm_Gazebo/install/robotic_hand_bringup/share/robotic_hand_bringup/package.dsv'
[0.836s] INFO:colcon.colcon_core.shell:Creating package script '/home/darkdev/Mechanical_Arm_Gazebo/install/robotic_hand_bringup/share/robotic_hand_bringup/package.sh'
[0.836s] INFO:colcon.colcon_core.shell:Creating package script '/home/darkdev/Mechanical_Arm_Gazebo/install/robotic_hand_bringup/share/robotic_hand_bringup/package.bash'
[0.837s] INFO:colcon.colcon_core.shell:Creating package script '/home/darkdev/Mechanical_Arm_Gazebo/install/robotic_hand_bringup/share/robotic_hand_bringup/package.zsh'
[0.838s] Level 1:colcon.colcon_core.environment:create_file_with_runtime_dependencies(/home/darkdev/Mechanical_Arm_Gazebo/install/robotic_hand_bringup/share/colcon-core/packages/robotic_hand_bringup)
[0.839s] Level 1:colcon.colcon_core.environment:create_environment_scripts_only(robotic_hand_bringup)
[0.840s] Level 1:colcon.colcon_core.environment:checking '/home/darkdev/Mechanical_Arm_Gazebo/install/robotic_hand_bringup' for CMake module files
[0.841s] Level 1:colcon.colcon_core.environment:checking '/home/darkdev/Mechanical_Arm_Gazebo/install/robotic_hand_bringup' for CMake config files
[0.842s] Level 1:colcon.colcon_core.shell:create_environment_hook('robotic_hand_bringup', 'cmake_prefix_path')
[0.842s] INFO:colcon.colcon_core.shell:Creating environment hook '/home/darkdev/Mechanical_Arm_Gazebo/install/robotic_hand_bringup/share/robotic_hand_bringup/hook/cmake_prefix_path.ps1'
[0.843s] INFO:colcon.colcon_core.shell:Creating environment descriptor '/home/darkdev/Mechanical_Arm_Gazebo/install/robotic_hand_bringup/share/robotic_hand_bringup/hook/cmake_prefix_path.dsv'
[0.844s] INFO:colcon.colcon_core.shell:Creating environment hook '/home/darkdev/Mechanical_Arm_Gazebo/install/robotic_hand_bringup/share/robotic_hand_bringup/hook/cmake_prefix_path.sh'
[0.845s] Level 1:colcon.colcon_core.environment:checking '/home/darkdev/Mechanical_Arm_Gazebo/install/robotic_hand_bringup/bin'
[0.846s] Level 1:colcon.colcon_core.environment:checking '/home/darkdev/Mechanical_Arm_Gazebo/install/robotic_hand_bringup/lib/pkgconfig/robotic_hand_bringup.pc'
[0.846s] Level 1:colcon.colcon_core.environment:checking '/home/darkdev/Mechanical_Arm_Gazebo/install/robotic_hand_bringup/lib/python3.10/site-packages'
[0.847s] Level 1:colcon.colcon_core.environment:checking '/home/darkdev/Mechanical_Arm_Gazebo/install/robotic_hand_bringup/bin'
[0.847s] INFO:colcon.colcon_core.shell:Creating package script '/home/darkdev/Mechanical_Arm_Gazebo/install/robotic_hand_bringup/share/robotic_hand_bringup/package.ps1'
[0.849s] INFO:colcon.colcon_core.shell:Creating package descriptor '/home/darkdev/Mechanical_Arm_Gazebo/install/robotic_hand_bringup/share/robotic_hand_bringup/package.dsv'
[0.850s] INFO:colcon.colcon_core.shell:Creating package script '/home/darkdev/Mechanical_Arm_Gazebo/install/robotic_hand_bringup/share/robotic_hand_bringup/package.sh'
[0.850s] INFO:colcon.colcon_core.shell:Creating package script '/home/darkdev/Mechanical_Arm_Gazebo/install/robotic_hand_bringup/share/robotic_hand_bringup/package.bash'
[0.851s] INFO:colcon.colcon_core.shell:Creating package script '/home/darkdev/Mechanical_Arm_Gazebo/install/robotic_hand_bringup/share/robotic_hand_bringup/package.zsh'
[0.852s] Level 1:colcon.colcon_core.environment:create_file_with_runtime_dependencies(/home/darkdev/Mechanical_Arm_Gazebo/install/robotic_hand_bringup/share/colcon-core/packages/robotic_hand_bringup)
[1.535s] DEBUG:colcon.colcon_core.event_handler.log_command:Invoking command in '/home/darkdev/Mechanical_Arm_Gazebo/src/esp_serial': PYTHONPATH=/home/darkdev/Mechanical_Arm_Gazebo/build/esp_serial/prefix_override:/usr/lib/python3/dist-packages/colcon_core/task/python/colcon_distutils_commands:/home/darkdev/Mechanical_Arm_Gazebo/install/esp_serial/lib/python3.10/site-packages:${PYTHONPATH} /usr/bin/python3 -W ignore:setup.py install is deprecated -W ignore:easy_install command is deprecated setup.py egg_info --egg-base ../../build/esp_serial build --build-base /home/darkdev/Mechanical_Arm_Gazebo/build/esp_serial/build install --record /home/darkdev/Mechanical_Arm_Gazebo/build/esp_serial/install.log --single-version-externally-managed install_data
[2.292s] Level 1:colcon.colcon_core.environment:checking '/home/darkdev/Mechanical_Arm_Gazebo/install/esp_serial' for CMake module files
[2.293s] Level 1:colcon.colcon_core.environment:checking '/home/darkdev/Mechanical_Arm_Gazebo/install/esp_serial' for CMake config files
[2.294s] DEBUG:colcon.colcon_core.event_handler.log_command:Invoked command in '/home/darkdev/Mechanical_Arm_Gazebo/src/esp_serial' returned '0': PYTHONPATH=/home/darkdev/Mechanical_Arm_Gazebo/build/esp_serial/prefix_override:/usr/lib/python3/dist-packages/colcon_core/task/python/colcon_distutils_commands:/home/darkdev/Mechanical_Arm_Gazebo/install/esp_serial/lib/python3.10/site-packages:${PYTHONPATH} /usr/bin/python3 -W ignore:setup.py install is deprecated -W ignore:easy_install command is deprecated setup.py egg_info --egg-base ../../build/esp_serial build --build-base /home/darkdev/Mechanical_Arm_Gazebo/build/esp_serial/build install --record /home/darkdev/Mechanical_Arm_Gazebo/build/esp_serial/install.log --single-version-externally-managed install_data
[2.295s] Level 1:colcon.colcon_core.environment:checking '/home/darkdev/Mechanical_Arm_Gazebo/install/esp_serial/lib'
[2.296s] Level 1:colcon.colcon_core.environment:checking '/home/darkdev/Mechanical_Arm_Gazebo/install/esp_serial/bin'
[2.296s] Level 1:colcon.colcon_core.environment:checking '/home/darkdev/Mechanical_Arm_Gazebo/install/esp_serial/lib/pkgconfig/esp_serial.pc'
[2.296s] Level 1:colcon.colcon_core.environment:checking '/home/darkdev/Mechanical_Arm_Gazebo/install/esp_serial/lib/python3.10/site-packages'
[2.296s] Level 1:colcon.colcon_core.shell:create_environment_hook('esp_serial', 'pythonpath')
[2.297s] INFO:colcon.colcon_core.shell:Creating environment hook '/home/darkdev/Mechanical_Arm_Gazebo/install/esp_serial/share/esp_serial/hook/pythonpath.ps1'
[2.298s] INFO:colcon.colcon_core.shell:Creating environment descriptor '/home/darkdev/Mechanical_Arm_Gazebo/install/esp_serial/share/esp_serial/hook/pythonpath.dsv'
[2.298s] INFO:colcon.colcon_core.shell:Creating environment hook '/home/darkdev/Mechanical_Arm_Gazebo/install/esp_serial/share/esp_serial/hook/pythonpath.sh'
[2.299s] Level 1:colcon.colcon_core.environment:checking '/home/darkdev/Mechanical_Arm_Gazebo/install/esp_serial/bin'
[2.300s] Level 1:colcon.colcon_core.environment:create_environment_scripts_only(esp_serial)
[2.300s] INFO:colcon.colcon_core.shell:Creating package script '/home/darkdev/Mechanical_Arm_Gazebo/install/esp_serial/share/esp_serial/package.ps1'
[2.301s] INFO:colcon.colcon_core.shell:Creating package descriptor '/home/darkdev/Mechanical_Arm_Gazebo/install/esp_serial/share/esp_serial/package.dsv'
[2.302s] INFO:colcon.colcon_core.shell:Creating package script '/home/darkdev/Mechanical_Arm_Gazebo/install/esp_serial/share/esp_serial/package.sh'
[2.302s] INFO:colcon.colcon_core.shell:Creating package script '/home/darkdev/Mechanical_Arm_Gazebo/install/esp_serial/share/esp_serial/package.bash'
[2.303s] INFO:colcon.colcon_core.shell:Creating package script '/home/darkdev/Mechanical_Arm_Gazebo/install/esp_serial/share/esp_serial/package.zsh'
[2.304s] Level 1:colcon.colcon_core.environment:create_file_with_runtime_dependencies(/home/darkdev/Mechanical_Arm_Gazebo/install/esp_serial/share/colcon-core/packages/esp_serial)
[2.304s] DEBUG:colcon.colcon_parallel_executor.executor.parallel:closing loop
[2.304s] DEBUG:colcon.colcon_parallel_executor.executor.parallel:loop closed
[2.305s] DEBUG:colcon.colcon_parallel_executor.executor.parallel:run_until_complete finished with '0'
[2.305s] DEBUG:colcon.colcon_core.event_reactor:joining thread
[2.311s] INFO:colcon.colcon_core.plugin_system:Skipping extension 'colcon_notification.desktop_notification.terminal_notifier': Not used on non-Darwin systems
[2.311s] INFO:colcon.colcon_core.plugin_system:Skipping extension 'colcon_notification.desktop_notification.win32': Not used on non-Windows systems
[2.311s] INFO:colcon.colcon_notification.desktop_notification:Sending desktop notification using 'notify2'
[2.324s] DEBUG:colcon.colcon_core.event_reactor:joined thread
[2.324s] INFO:colcon.colcon_core.shell:Creating prefix script '/home/darkdev/Mechanical_Arm_Gazebo/install/local_setup.ps1'
[2.326s] INFO:colcon.colcon_core.shell:Creating prefix util module '/home/darkdev/Mechanical_Arm_Gazebo/install/_local_setup_util_ps1.py'
[2.329s] INFO:colcon.colcon_core.shell:Creating prefix chain script '/home/darkdev/Mechanical_Arm_Gazebo/install/setup.ps1'
[2.332s] INFO:colcon.colcon_core.shell:Creating prefix script '/home/darkdev/Mechanical_Arm_Gazebo/install/local_setup.sh'
[2.333s] INFO:colcon.colcon_core.shell:Creating prefix util module '/home/darkdev/Mechanical_Arm_Gazebo/install/_local_setup_util_sh.py'
[2.334s] INFO:colcon.colcon_core.shell:Creating prefix chain script '/home/darkdev/Mechanical_Arm_Gazebo/install/setup.sh'
[2.336s] INFO:colcon.colcon_core.shell:Creating prefix script '/home/darkdev/Mechanical_Arm_Gazebo/install/local_setup.bash'
[2.339s] INFO:colcon.colcon_core.shell:Creating prefix chain script '/home/darkdev/Mechanical_Arm_Gazebo/install/setup.bash'
[2.342s] INFO:colcon.colcon_core.shell:Creating prefix script '/home/darkdev/Mechanical_Arm_Gazebo/install/local_setup.zsh'
[2.343s] INFO:colcon.colcon_core.shell:Creating prefix chain script '/home/darkdev/Mechanical_Arm_Gazebo/install/setup.zsh'
