[0.232s] DEBUG:colcon:Command line arguments: ['/usr/bin/colcon', 'list', '-p', '--base-paths', '/home/darkdev/Mechanical_Arm_Gazebo']
[0.233s] DEBUG:colcon:Parsed command line arguments: Namespace(log_base=None, log_level=None, verb_name='list', build_base='build', ignore_user_meta=False, metas=['./colcon.meta'], base_paths=['/home/darkdev/Mechanical_Arm_Gazebo'], packages_ignore=None, packages_ignore_regex=None, paths=None, packages_up_to=None, packages_up_to_regex=None, packages_above=None, packages_above_and_dependencies=None, packages_above_depth=None, packages_select_by_dep=None, packages_skip_by_dep=None, packages_skip_up_to=None, packages_select_build_failed=False, packages_skip_build_finished=False, packages_select_test_failures=False, packages_skip_test_passed=False, packages_select=None, packages_skip=None, packages_select_regex=None, packages_skip_regex=None, packages_start=None, packages_end=None, allow_overriding=[], topological_order=False, names_only=False, paths_only=True, topological_graph=False, topological_graph_dot=False, topological_graph_density=False, topological_graph_legend=False, topological_graph_dot_cluster=False, topological_graph_dot_include_skipped=False, mixin_files=None, mixin=None, verb_parser=<colcon_mixin.mixin.mixin_argument.MixinArgumentDecorator object at 0x78b8dfea4940>, verb_extension=<colcon_package_information.verb.list.ListVerb object at 0x78b8dfe6b850>, main=<bound method ListVerb.main of <colcon_package_information.verb.list.ListVerb object at 0x78b8dfe6b850>>, mixin_verb=('list',))
[0.316s] Level 1:colcon.colcon_core.package_discovery:discover_packages(colcon_meta) check parameters
[0.317s] Level 1:colcon.colcon_core.package_discovery:discover_packages(recursive) check parameters
[0.317s] Level 1:colcon.colcon_core.package_discovery:discover_packages(ignore) check parameters
[0.317s] Level 1:colcon.colcon_core.package_discovery:discover_packages(path) check parameters
[0.317s] Level 1:colcon.colcon_core.package_discovery:discover_packages(recursive) discover
[0.317s] INFO:colcon.colcon_core.package_discovery:Crawling recursively for packages in '/home/darkdev/Mechanical_Arm_Gazebo'
[0.317s] Level 1:colcon.colcon_core.package_identification:_identify(/home/darkdev/Mechanical_Arm_Gazebo) by extensions ['ignore', 'ignore_ament_install']
[0.318s] Level 1:colcon.colcon_core.package_identification:_identify(/home/darkdev/Mechanical_Arm_Gazebo) by extension 'ignore'
[0.318s] Level 1:colcon.colcon_core.package_identification:_identify(/home/darkdev/Mechanical_Arm_Gazebo) by extension 'ignore_ament_install'
[0.318s] Level 1:colcon.colcon_core.package_identification:_identify(/home/darkdev/Mechanical_Arm_Gazebo) by extensions ['colcon_pkg']
[0.318s] Level 1:colcon.colcon_core.package_identification:_identify(/home/darkdev/Mechanical_Arm_Gazebo) by extension 'colcon_pkg'
[0.318s] Level 1:colcon.colcon_core.package_identification:_identify(/home/darkdev/Mechanical_Arm_Gazebo) by extensions ['colcon_meta']
[0.318s] Level 1:colcon.colcon_core.package_identification:_identify(/home/darkdev/Mechanical_Arm_Gazebo) by extension 'colcon_meta'
[0.318s] Level 1:colcon.colcon_core.package_identification:_identify(/home/darkdev/Mechanical_Arm_Gazebo) by extensions ['ros']
[0.318s] Level 1:colcon.colcon_core.package_identification:_identify(/home/darkdev/Mechanical_Arm_Gazebo) by extension 'ros'
[0.349s] Level 1:colcon.colcon_core.package_identification:_identify(/home/darkdev/Mechanical_Arm_Gazebo) by extensions ['cmake', 'python']
[0.349s] Level 1:colcon.colcon_core.package_identification:_identify(/home/darkdev/Mechanical_Arm_Gazebo) by extension 'cmake'
[0.349s] Level 1:colcon.colcon_core.package_identification:_identify(/home/darkdev/Mechanical_Arm_Gazebo) by extension 'python'
[0.349s] Level 1:colcon.colcon_core.package_identification:_identify(/home/darkdev/Mechanical_Arm_Gazebo) by extensions ['python_setup_py']
[0.349s] Level 1:colcon.colcon_core.package_identification:_identify(/home/darkdev/Mechanical_Arm_Gazebo) by extension 'python_setup_py'
[0.350s] Level 1:colcon.colcon_core.package_identification:_identify(/home/darkdev/Mechanical_Arm_Gazebo/DemoVideo) by extensions ['ignore', 'ignore_ament_install']
[0.350s] Level 1:colcon.colcon_core.package_identification:_identify(/home/darkdev/Mechanical_Arm_Gazebo/DemoVideo) by extension 'ignore'
[0.350s] Level 1:colcon.colcon_core.package_identification:_identify(/home/darkdev/Mechanical_Arm_Gazebo/DemoVideo) by extension 'ignore_ament_install'
[0.350s] Level 1:colcon.colcon_core.package_identification:_identify(/home/darkdev/Mechanical_Arm_Gazebo/DemoVideo) by extensions ['colcon_pkg']
[0.350s] Level 1:colcon.colcon_core.package_identification:_identify(/home/darkdev/Mechanical_Arm_Gazebo/DemoVideo) by extension 'colcon_pkg'
[0.351s] Level 1:colcon.colcon_core.package_identification:_identify(/home/darkdev/Mechanical_Arm_Gazebo/DemoVideo) by extensions ['colcon_meta']
[0.351s] Level 1:colcon.colcon_core.package_identification:_identify(/home/darkdev/Mechanical_Arm_Gazebo/DemoVideo) by extension 'colcon_meta'
[0.351s] Level 1:colcon.colcon_core.package_identification:_identify(/home/darkdev/Mechanical_Arm_Gazebo/DemoVideo) by extensions ['ros']
[0.351s] Level 1:colcon.colcon_core.package_identification:_identify(/home/darkdev/Mechanical_Arm_Gazebo/DemoVideo) by extension 'ros'
[0.351s] Level 1:colcon.colcon_core.package_identification:_identify(/home/darkdev/Mechanical_Arm_Gazebo/DemoVideo) by extensions ['cmake', 'python']
[0.351s] Level 1:colcon.colcon_core.package_identification:_identify(/home/darkdev/Mechanical_Arm_Gazebo/DemoVideo) by extension 'cmake'
[0.351s] Level 1:colcon.colcon_core.package_identification:_identify(/home/darkdev/Mechanical_Arm_Gazebo/DemoVideo) by extension 'python'
[0.351s] Level 1:colcon.colcon_core.package_identification:_identify(/home/darkdev/Mechanical_Arm_Gazebo/DemoVideo) by extensions ['python_setup_py']
[0.351s] Level 1:colcon.colcon_core.package_identification:_identify(/home/darkdev/Mechanical_Arm_Gazebo/DemoVideo) by extension 'python_setup_py'
[0.352s] Level 1:colcon.colcon_core.package_identification:_identify(/home/darkdev/Mechanical_Arm_Gazebo/Images) by extensions ['ignore', 'ignore_ament_install']
[0.352s] Level 1:colcon.colcon_core.package_identification:_identify(/home/darkdev/Mechanical_Arm_Gazebo/Images) by extension 'ignore'
[0.352s] Level 1:colcon.colcon_core.package_identification:_identify(/home/darkdev/Mechanical_Arm_Gazebo/Images) by extension 'ignore_ament_install'
[0.352s] Level 1:colcon.colcon_core.package_identification:_identify(/home/darkdev/Mechanical_Arm_Gazebo/Images) by extensions ['colcon_pkg']
[0.352s] Level 1:colcon.colcon_core.package_identification:_identify(/home/darkdev/Mechanical_Arm_Gazebo/Images) by extension 'colcon_pkg'
[0.352s] Level 1:colcon.colcon_core.package_identification:_identify(/home/darkdev/Mechanical_Arm_Gazebo/Images) by extensions ['colcon_meta']
[0.353s] Level 1:colcon.colcon_core.package_identification:_identify(/home/darkdev/Mechanical_Arm_Gazebo/Images) by extension 'colcon_meta'
[0.353s] Level 1:colcon.colcon_core.package_identification:_identify(/home/darkdev/Mechanical_Arm_Gazebo/Images) by extensions ['ros']
[0.353s] Level 1:colcon.colcon_core.package_identification:_identify(/home/darkdev/Mechanical_Arm_Gazebo/Images) by extension 'ros'
[0.353s] Level 1:colcon.colcon_core.package_identification:_identify(/home/darkdev/Mechanical_Arm_Gazebo/Images) by extensions ['cmake', 'python']
[0.353s] Level 1:colcon.colcon_core.package_identification:_identify(/home/darkdev/Mechanical_Arm_Gazebo/Images) by extension 'cmake'
[0.353s] Level 1:colcon.colcon_core.package_identification:_identify(/home/darkdev/Mechanical_Arm_Gazebo/Images) by extension 'python'
[0.353s] Level 1:colcon.colcon_core.package_identification:_identify(/home/darkdev/Mechanical_Arm_Gazebo/Images) by extensions ['python_setup_py']
[0.353s] Level 1:colcon.colcon_core.package_identification:_identify(/home/darkdev/Mechanical_Arm_Gazebo/Images) by extension 'python_setup_py'
[0.354s] Level 1:colcon.colcon_core.package_identification:_identify(/home/darkdev/Mechanical_Arm_Gazebo/build) by extensions ['ignore', 'ignore_ament_install']
[0.354s] Level 1:colcon.colcon_core.package_identification:_identify(/home/darkdev/Mechanical_Arm_Gazebo/build) by extension 'ignore'
[0.354s] Level 1:colcon.colcon_core.package_identification:_identify(/home/darkdev/Mechanical_Arm_Gazebo/build) ignored
[0.354s] Level 1:colcon.colcon_core.package_identification:_identify(/home/darkdev/Mechanical_Arm_Gazebo/install) by extensions ['ignore', 'ignore_ament_install']
[0.355s] Level 1:colcon.colcon_core.package_identification:_identify(/home/darkdev/Mechanical_Arm_Gazebo/install) by extension 'ignore'
[0.355s] Level 1:colcon.colcon_core.package_identification:_identify(/home/darkdev/Mechanical_Arm_Gazebo/install) ignored
[0.355s] Level 1:colcon.colcon_core.package_identification:_identify(/home/darkdev/Mechanical_Arm_Gazebo/log) by extensions ['ignore', 'ignore_ament_install']
[0.355s] Level 1:colcon.colcon_core.package_identification:_identify(/home/darkdev/Mechanical_Arm_Gazebo/log) by extension 'ignore'
[0.356s] Level 1:colcon.colcon_core.package_identification:_identify(/home/darkdev/Mechanical_Arm_Gazebo/log) ignored
[0.356s] Level 1:colcon.colcon_core.package_identification:_identify(/home/darkdev/Mechanical_Arm_Gazebo/src) by extensions ['ignore', 'ignore_ament_install']
[0.356s] Level 1:colcon.colcon_core.package_identification:_identify(/home/darkdev/Mechanical_Arm_Gazebo/src) by extension 'ignore'
[0.356s] Level 1:colcon.colcon_core.package_identification:_identify(/home/darkdev/Mechanical_Arm_Gazebo/src) by extension 'ignore_ament_install'
[0.356s] Level 1:colcon.colcon_core.package_identification:_identify(/home/darkdev/Mechanical_Arm_Gazebo/src) by extensions ['colcon_pkg']
[0.356s] Level 1:colcon.colcon_core.package_identification:_identify(/home/darkdev/Mechanical_Arm_Gazebo/src) by extension 'colcon_pkg'
[0.356s] Level 1:colcon.colcon_core.package_identification:_identify(/home/darkdev/Mechanical_Arm_Gazebo/src) by extensions ['colcon_meta']
[0.356s] Level 1:colcon.colcon_core.package_identification:_identify(/home/darkdev/Mechanical_Arm_Gazebo/src) by extension 'colcon_meta'
[0.357s] Level 1:colcon.colcon_core.package_identification:_identify(/home/darkdev/Mechanical_Arm_Gazebo/src) by extensions ['ros']
[0.357s] Level 1:colcon.colcon_core.package_identification:_identify(/home/darkdev/Mechanical_Arm_Gazebo/src) by extension 'ros'
[0.357s] Level 1:colcon.colcon_core.package_identification:_identify(/home/darkdev/Mechanical_Arm_Gazebo/src) by extensions ['cmake', 'python']
[0.357s] Level 1:colcon.colcon_core.package_identification:_identify(/home/darkdev/Mechanical_Arm_Gazebo/src) by extension 'cmake'
[0.357s] Level 1:colcon.colcon_core.package_identification:_identify(/home/darkdev/Mechanical_Arm_Gazebo/src) by extension 'python'
[0.357s] Level 1:colcon.colcon_core.package_identification:_identify(/home/darkdev/Mechanical_Arm_Gazebo/src) by extensions ['python_setup_py']
[0.357s] Level 1:colcon.colcon_core.package_identification:_identify(/home/darkdev/Mechanical_Arm_Gazebo/src) by extension 'python_setup_py'
[0.358s] Level 1:colcon.colcon_core.package_identification:_identify(/home/darkdev/Mechanical_Arm_Gazebo/src/robotic_hand_bringup) by extensions ['ignore', 'ignore_ament_install']
[0.358s] Level 1:colcon.colcon_core.package_identification:_identify(/home/darkdev/Mechanical_Arm_Gazebo/src/robotic_hand_bringup) by extension 'ignore'
[0.358s] Level 1:colcon.colcon_core.package_identification:_identify(/home/darkdev/Mechanical_Arm_Gazebo/src/robotic_hand_bringup) by extension 'ignore_ament_install'
[0.358s] Level 1:colcon.colcon_core.package_identification:_identify(/home/darkdev/Mechanical_Arm_Gazebo/src/robotic_hand_bringup) by extensions ['colcon_pkg']
[0.358s] Level 1:colcon.colcon_core.package_identification:_identify(/home/darkdev/Mechanical_Arm_Gazebo/src/robotic_hand_bringup) by extension 'colcon_pkg'
[0.358s] Level 1:colcon.colcon_core.package_identification:_identify(/home/darkdev/Mechanical_Arm_Gazebo/src/robotic_hand_bringup) by extensions ['colcon_meta']
[0.358s] Level 1:colcon.colcon_core.package_identification:_identify(/home/darkdev/Mechanical_Arm_Gazebo/src/robotic_hand_bringup) by extension 'colcon_meta'
[0.359s] Level 1:colcon.colcon_core.package_identification:_identify(/home/darkdev/Mechanical_Arm_Gazebo/src/robotic_hand_bringup) by extensions ['ros']
[0.359s] Level 1:colcon.colcon_core.package_identification:_identify(/home/darkdev/Mechanical_Arm_Gazebo/src/robotic_hand_bringup) by extension 'ros'
[0.364s] DEBUG:colcon.colcon_core.package_identification:Package '/home/darkdev/Mechanical_Arm_Gazebo/src/robotic_hand_bringup' with type 'ros.ament_cmake' and name 'robotic_hand_bringup'
[0.364s] Level 1:colcon.colcon_core.package_identification:_identify(/home/darkdev/Mechanical_Arm_Gazebo/src/robotic_hand_description) by extensions ['ignore', 'ignore_ament_install']
[0.365s] Level 1:colcon.colcon_core.package_identification:_identify(/home/darkdev/Mechanical_Arm_Gazebo/src/robotic_hand_description) by extension 'ignore'
[0.365s] Level 1:colcon.colcon_core.package_identification:_identify(/home/darkdev/Mechanical_Arm_Gazebo/src/robotic_hand_description) by extension 'ignore_ament_install'
[0.365s] Level 1:colcon.colcon_core.package_identification:_identify(/home/darkdev/Mechanical_Arm_Gazebo/src/robotic_hand_description) by extensions ['colcon_pkg']
[0.365s] Level 1:colcon.colcon_core.package_identification:_identify(/home/darkdev/Mechanical_Arm_Gazebo/src/robotic_hand_description) by extension 'colcon_pkg'
[0.365s] Level 1:colcon.colcon_core.package_identification:_identify(/home/darkdev/Mechanical_Arm_Gazebo/src/robotic_hand_description) by extensions ['colcon_meta']
[0.365s] Level 1:colcon.colcon_core.package_identification:_identify(/home/darkdev/Mechanical_Arm_Gazebo/src/robotic_hand_description) by extension 'colcon_meta'
[0.365s] Level 1:colcon.colcon_core.package_identification:_identify(/home/darkdev/Mechanical_Arm_Gazebo/src/robotic_hand_description) by extensions ['ros']
[0.365s] Level 1:colcon.colcon_core.package_identification:_identify(/home/darkdev/Mechanical_Arm_Gazebo/src/robotic_hand_description) by extension 'ros'
[0.367s] DEBUG:colcon.colcon_core.package_identification:Package '/home/darkdev/Mechanical_Arm_Gazebo/src/robotic_hand_description' with type 'ros.ament_cmake' and name 'robotic_hand_description'
[0.367s] Level 1:colcon.colcon_core.package_discovery:discover_packages(recursive) using defaults
