[0.010s] Invoking command in '/home/waseem/ros2_ws/build/robotic_hand_description': CMAKE_PREFIX_PATH=${CMAKE_PREFIX_PATH}:/opt/ros/humble /usr/bin/cmake --build /home/waseem/ros2_ws/build/robotic_hand_description -- -j12 -l12
[0.092s] Invoked command in '/home/waseem/ros2_ws/build/robotic_hand_description' returned '0': CMAKE_PREFIX_PATH=${CMAKE_PREFIX_PATH}:/opt/ros/humble /usr/bin/cmake --build /home/waseem/ros2_ws/build/robotic_hand_description -- -j12 -l12
[0.176s] Invoking command in '/home/waseem/ros2_ws/build/robotic_hand_description': CMAKE_PREFIX_PATH=${CMAKE_PREFIX_PATH}:/opt/ros/humble /usr/bin/cmake --install /home/waseem/ros2_ws/build/robotic_hand_description
[0.193s] -- Install configuration: ""
[0.195s] -- Execute custom install script
[0.197s] -- Up-to-date symlink: /home/waseem/ros2_ws/install/robotic_hand_description/share/robotic_hand_description//urdf/robotic_hand.urdf.xacro
[0.197s] -- Up-to-date symlink: /home/waseem/ros2_ws/install/robotic_hand_description/share/robotic_hand_description//launch/display.launch.xml
[0.198s] -- Up-to-date symlink: /home/waseem/ros2_ws/install/robotic_hand_description/share/robotic_hand_description//rviz/urdf_config.rviz
[0.199s] -- Up-to-date symlink: /home/waseem/ros2_ws/install/robotic_hand_description/share/ament_index/resource_index/package_run_dependencies/robotic_hand_description
[0.200s] -- Up-to-date symlink: /home/waseem/ros2_ws/install/robotic_hand_description/share/ament_index/resource_index/parent_prefix_path/robotic_hand_description
[0.200s] -- Up-to-date symlink: /home/waseem/ros2_ws/install/robotic_hand_description/share/robotic_hand_description/environment/ament_prefix_path.sh
[0.200s] -- Up-to-date symlink: /home/waseem/ros2_ws/install/robotic_hand_description/share/robotic_hand_description/environment/ament_prefix_path.dsv
[0.201s] -- Up-to-date symlink: /home/waseem/ros2_ws/install/robotic_hand_description/share/robotic_hand_description/environment/path.sh
[0.201s] -- Up-to-date symlink: /home/waseem/ros2_ws/install/robotic_hand_description/share/robotic_hand_description/environment/path.dsv
[0.201s] -- Up-to-date symlink: /home/waseem/ros2_ws/install/robotic_hand_description/share/robotic_hand_description/local_setup.bash
[0.202s] -- Up-to-date symlink: /home/waseem/ros2_ws/install/robotic_hand_description/share/robotic_hand_description/local_setup.sh
[0.202s] -- Up-to-date symlink: /home/waseem/ros2_ws/install/robotic_hand_description/share/robotic_hand_description/local_setup.zsh
[0.202s] -- Up-to-date symlink: /home/waseem/ros2_ws/install/robotic_hand_description/share/robotic_hand_description/local_setup.dsv
[0.202s] -- Symlinking: /home/waseem/ros2_ws/install/robotic_hand_description/share/robotic_hand_description/package.dsv
[0.223s] -- Up-to-date symlink: /home/waseem/ros2_ws/install/robotic_hand_description/share/ament_index/resource_index/packages/robotic_hand_description
[0.223s] -- Up-to-date symlink: /home/waseem/ros2_ws/install/robotic_hand_description/share/robotic_hand_description/cmake/robotic_hand_descriptionConfig.cmake
[0.224s] -- Up-to-date symlink: /home/waseem/ros2_ws/install/robotic_hand_description/share/robotic_hand_description/cmake/robotic_hand_descriptionConfig-version.cmake
[0.224s] -- Up-to-date symlink: /home/waseem/ros2_ws/install/robotic_hand_description/share/robotic_hand_description/package.xml
[0.230s] Invoked command in '/home/waseem/ros2_ws/build/robotic_hand_description' returned '0': CMAKE_PREFIX_PATH=${CMAKE_PREFIX_PATH}:/opt/ros/humble /usr/bin/cmake --install /home/waseem/ros2_ws/build/robotic_hand_description
