[0.013s] Invoking command in '/home/waseem/ros2_ws/build/robotic_hand_description': CMAKE_PREFIX_PATH=/opt/ros/humble /usr/bin/cmake /home/waseem/ros2_ws/src/robotic_hand_description -DCMAKE_INSTALL_PREFIX=/home/waseem/ros2_ws/install/robotic_hand_description
[0.146s] -- The C compiler identification is GNU 11.4.0
[0.248s] -- The CXX compiler identification is GNU 11.4.0
[0.258s] -- Detecting C compiler ABI info
[0.329s] -- Detecting C compiler ABI info - done
[0.338s] -- Check for working C compiler: /usr/bin/cc - skipped
[0.338s] -- Detecting C compile features
[0.339s] -- Detecting C compile features - done
[0.343s] -- Detecting CXX compiler ABI info
[0.417s] -- Detecting CXX compiler ABI info - done
[0.424s] -- Check for working CXX compiler: /usr/bin/c++ - skipped
[0.425s] -- Detecting CXX compile features
[0.425s] -- Detecting CXX compile features - done
[0.431s] -- Found ament_cmake: 1.3.10 (/opt/ros/humble/share/ament_cmake/cmake)
[0.585s] -- Found Python3: /usr/bin/python3 (found version "3.10.12") found components: Interpreter 
[0.737s] -- Configuring done
[0.739s] -- Generating done
[0.740s] -- Build files have been written to: /home/waseem/ros2_ws/build/robotic_hand_description
[0.743s] Invoked command in '/home/waseem/ros2_ws/build/robotic_hand_description' returned '0': CMAKE_PREFIX_PATH=/opt/ros/humble /usr/bin/cmake /home/waseem/ros2_ws/src/robotic_hand_description -DCMAKE_INSTALL_PREFIX=/home/waseem/ros2_ws/install/robotic_hand_description
[0.745s] Invoking command in '/home/waseem/ros2_ws/build/robotic_hand_description': CMAKE_PREFIX_PATH=/opt/ros/humble /usr/bin/cmake --build /home/waseem/ros2_ws/build/robotic_hand_description -- -j12 -l12
[0.778s] Invoked command in '/home/waseem/ros2_ws/build/robotic_hand_description' returned '0': CMAKE_PREFIX_PATH=/opt/ros/humble /usr/bin/cmake --build /home/waseem/ros2_ws/build/robotic_hand_description -- -j12 -l12
[0.804s] Invoking command in '/home/waseem/ros2_ws/build/robotic_hand_description': CMAKE_PREFIX_PATH=/opt/ros/humble /usr/bin/cmake --install /home/waseem/ros2_ws/build/robotic_hand_description
[0.811s] -- Install configuration: ""
[0.811s] -- Installing: /home/waseem/ros2_ws/install/robotic_hand_description/share/robotic_hand_description//urdf
[0.811s] -- Installing: /home/waseem/ros2_ws/install/robotic_hand_description/share/robotic_hand_description//urdf/robotic_hand.urdf
[0.811s] -- Installing: /home/waseem/ros2_ws/install/robotic_hand_description/share/ament_index/resource_index/package_run_dependencies/robotic_hand_description
[0.811s] -- Installing: /home/waseem/ros2_ws/install/robotic_hand_description/share/ament_index/resource_index/parent_prefix_path/robotic_hand_description
[0.811s] -- Installing: /home/waseem/ros2_ws/install/robotic_hand_description/share/robotic_hand_description/environment/ament_prefix_path.sh
[0.812s] -- Installing: /home/waseem/ros2_ws/install/robotic_hand_description/share/robotic_hand_description/environment/ament_prefix_path.dsv
[0.812s] -- Installing: /home/waseem/ros2_ws/install/robotic_hand_description/share/robotic_hand_description/environment/path.sh
[0.812s] -- Installing: /home/waseem/ros2_ws/install/robotic_hand_description/share/robotic_hand_description/environment/path.dsv
[0.812s] -- Installing: /home/waseem/ros2_ws/install/robotic_hand_description/share/robotic_hand_description/local_setup.bash
[0.812s] -- Installing: /home/waseem/ros2_ws/install/robotic_hand_description/share/robotic_hand_description/local_setup.sh
[0.812s] -- Installing: /home/waseem/ros2_ws/install/robotic_hand_description/share/robotic_hand_description/local_setup.zsh
[0.812s] -- Installing: /home/waseem/ros2_ws/install/robotic_hand_description/share/robotic_hand_description/local_setup.dsv
[0.812s] -- Installing: /home/waseem/ros2_ws/install/robotic_hand_description/share/robotic_hand_description/package.dsv
[0.812s] -- Installing: /home/waseem/ros2_ws/install/robotic_hand_description/share/ament_index/resource_index/packages/robotic_hand_description
[0.812s] -- Installing: /home/waseem/ros2_ws/install/robotic_hand_description/share/robotic_hand_description/cmake/robotic_hand_descriptionConfig.cmake
[0.812s] -- Installing: /home/waseem/ros2_ws/install/robotic_hand_description/share/robotic_hand_description/cmake/robotic_hand_descriptionConfig-version.cmake
[0.813s] -- Installing: /home/waseem/ros2_ws/install/robotic_hand_description/share/robotic_hand_description/package.xml
[0.814s] Invoked command in '/home/waseem/ros2_ws/build/robotic_hand_description' returned '0': CMAKE_PREFIX_PATH=/opt/ros/humble /usr/bin/cmake --install /home/waseem/ros2_ws/build/robotic_hand_description
